
===========================================================================
report_checks -path_delay min (Hold)
============================================================================
======================= Fastest Corner ===================================

Startpoint: A[6] (input port clocked by __VIRTUAL_CLK__)
Endpoint: out[6] (output port clocked by __VIRTUAL_CLK__)
Path Group: __VIRTUAL_CLK__
Path Type: min
Corner: Fastest

Fanout     Cap    Slew   Delay    Time   Description
-----------------------------------------------------------------------------
                  0.00    0.00    0.00   clock __VIRTUAL_CLK__ (rise edge)
                          0.00    0.00   clock network delay (ideal)
                          2.00    2.00 ^ input external delay
     1    0.01    0.03    0.02    2.02 ^ A[6] (in)
                                         A[6] (net)
                  0.03    0.00    2.02 ^ input7/A (sky130_fd_sc_hd__clkbuf_16)
    11    0.17    0.14    0.14    2.16 ^ input7/X (sky130_fd_sc_hd__clkbuf_16)
                                         net7 (net)
                  0.15    0.04    2.19 ^ _453_/A1 (sky130_fd_sc_hd__a22oi_4)
     1    0.04    0.07    0.09    2.28 v _453_/Y (sky130_fd_sc_hd__a22oi_4)
                                         net26 (net)
                  0.07    0.01    2.29 v output26/A (sky130_fd_sc_hd__buf_6)
     1    0.03    0.03    0.10    2.39 v output26/X (sky130_fd_sc_hd__buf_6)
                                         out[6] (net)
                  0.03    0.00    2.39 v out[6] (out)
                                  2.39   data arrival time

                  0.00    0.00    0.00   clock __VIRTUAL_CLK__ (rise edge)
                          0.00    0.00   clock network delay (ideal)
                          0.25    0.25   clock uncertainty
                          0.00    0.25   clock reconvergence pessimism
                         -2.00   -1.75   output external delay
                                 -1.75   data required time
-----------------------------------------------------------------------------
                                 -1.75   data required time
                                 -2.39   data arrival time
-----------------------------------------------------------------------------
                                  4.14   slack (MET)


Startpoint: A[7] (input port clocked by __VIRTUAL_CLK__)
Endpoint: out[7] (output port clocked by __VIRTUAL_CLK__)
Path Group: __VIRTUAL_CLK__
Path Type: min
Corner: Fastest

Fanout     Cap    Slew   Delay    Time   Description
-----------------------------------------------------------------------------
                  0.00    0.00    0.00   clock __VIRTUAL_CLK__ (rise edge)
                          0.00    0.00   clock network delay (ideal)
                          2.00    2.00 v input external delay
     1    0.01    0.01    0.01    2.01 v A[7] (in)
                                         A[7] (net)
                  0.01    0.00    2.01 v input8/A (sky130_fd_sc_hd__buf_8)
     6    0.14    0.08    0.11    2.11 v input8/X (sky130_fd_sc_hd__buf_8)
                                         net8 (net)
                  0.08    0.01    2.12 v _502_/A (sky130_fd_sc_hd__inv_2)
     1    0.03    0.10    0.10    2.22 ^ _502_/Y (sky130_fd_sc_hd__inv_2)
                                         _179_ (net)
                  0.10    0.00    2.22 ^ _503_/B2 (sky130_fd_sc_hd__o32a_4)
     1    0.03    0.08    0.11    2.33 ^ _503_/X (sky130_fd_sc_hd__o32a_4)
                                         net27 (net)
                  0.08    0.00    2.34 ^ output27/A (sky130_fd_sc_hd__buf_8)
     1    0.03    0.05    0.08    2.42 ^ output27/X (sky130_fd_sc_hd__buf_8)
                                         out[7] (net)
                  0.05    0.00    2.42 ^ out[7] (out)
                                  2.42   data arrival time

                  0.00    0.00    0.00   clock __VIRTUAL_CLK__ (rise edge)
                          0.00    0.00   clock network delay (ideal)
                          0.25    0.25   clock uncertainty
                          0.00    0.25   clock reconvergence pessimism
                         -2.00   -1.75   output external delay
                                 -1.75   data required time
-----------------------------------------------------------------------------
                                 -1.75   data required time
                                 -2.42   data arrival time
-----------------------------------------------------------------------------
                                  4.17   slack (MET)


Startpoint: A[5] (input port clocked by __VIRTUAL_CLK__)
Endpoint: out[5] (output port clocked by __VIRTUAL_CLK__)
Path Group: __VIRTUAL_CLK__
Path Type: min
Corner: Fastest

Fanout     Cap    Slew   Delay    Time   Description
-----------------------------------------------------------------------------
                  0.00    0.00    0.00   clock __VIRTUAL_CLK__ (rise edge)
                          0.00    0.00   clock network delay (ideal)
                          2.00    2.00 ^ input external delay
     1    0.00    0.02    0.01    2.01 ^ A[5] (in)
                                         A[5] (net)
                  0.02    0.00    2.01 ^ input6/A (sky130_fd_sc_hd__buf_4)
     3    0.10    0.20    0.17    2.18 ^ input6/X (sky130_fd_sc_hd__buf_4)
                                         net6 (net)
                  0.20    0.01    2.19 ^ _374_/A (sky130_fd_sc_hd__buf_12)
    10    0.17    0.15    0.15    2.35 ^ _374_/X (sky130_fd_sc_hd__buf_12)
                                         _052_ (net)
                  0.15    0.01    2.36 ^ _410_/A1 (sky130_fd_sc_hd__a21oi_2)
     1    0.02    0.07    0.08    2.43 v _410_/Y (sky130_fd_sc_hd__a21oi_2)
                                         net25 (net)
                  0.07    0.00    2.44 v output25/A (sky130_fd_sc_hd__buf_2)
     1    0.03    0.06    0.13    2.56 v output25/X (sky130_fd_sc_hd__buf_2)
                                         out[5] (net)
                  0.06    0.00    2.56 v out[5] (out)
                                  2.56   data arrival time

                  0.00    0.00    0.00   clock __VIRTUAL_CLK__ (rise edge)
                          0.00    0.00   clock network delay (ideal)
                          0.25    0.25   clock uncertainty
                          0.00    0.25   clock reconvergence pessimism
                         -2.00   -1.75   output external delay
                                 -1.75   data required time
-----------------------------------------------------------------------------
                                 -1.75   data required time
                                 -2.56   data arrival time
-----------------------------------------------------------------------------
                                  4.31   slack (MET)


Startpoint: A[4] (input port clocked by __VIRTUAL_CLK__)
Endpoint: out[4] (output port clocked by __VIRTUAL_CLK__)
Path Group: __VIRTUAL_CLK__
Path Type: min
Corner: Fastest

Fanout     Cap    Slew   Delay    Time   Description
-----------------------------------------------------------------------------
                  0.00    0.00    0.00   clock __VIRTUAL_CLK__ (rise edge)
                          0.00    0.00   clock network delay (ideal)
                          2.00    2.00 ^ input external delay
     1    0.00    0.02    0.01    2.01 ^ A[4] (in)
                                         A[4] (net)
                  0.02    0.00    2.01 ^ input5/A (sky130_fd_sc_hd__buf_4)
     4    0.08    0.17    0.15    2.16 ^ input5/X (sky130_fd_sc_hd__buf_4)
                                         net5 (net)
                  0.17    0.00    2.17 ^ _340_/A (sky130_fd_sc_hd__buf_12)
    10    0.14    0.12    0.13    2.29 ^ _340_/X (sky130_fd_sc_hd__buf_12)
                                         _019_ (net)
                  0.14    0.03    2.32 ^ _373_/A1_N (sky130_fd_sc_hd__o2bb2a_2)
     2    0.03    0.07    0.18    2.49 v _373_/X (sky130_fd_sc_hd__o2bb2a_2)
                                         net24 (net)
                  0.07    0.01    2.50 v output24/A (sky130_fd_sc_hd__buf_2)
     1    0.03    0.06    0.13    2.63 v output24/X (sky130_fd_sc_hd__buf_2)
                                         out[4] (net)
                  0.06    0.00    2.63 v out[4] (out)
                                  2.63   data arrival time

                  0.00    0.00    0.00   clock __VIRTUAL_CLK__ (rise edge)
                          0.00    0.00   clock network delay (ideal)
                          0.25    0.25   clock uncertainty
                          0.00    0.25   clock reconvergence pessimism
                         -2.00   -1.75   output external delay
                                 -1.75   data required time
-----------------------------------------------------------------------------
                                 -1.75   data required time
                                 -2.63   data arrival time
-----------------------------------------------------------------------------
                                  4.38   slack (MET)


Startpoint: A[3] (input port clocked by __VIRTUAL_CLK__)
Endpoint: out[3] (output port clocked by __VIRTUAL_CLK__)
Path Group: __VIRTUAL_CLK__
Path Type: min
Corner: Fastest

Fanout     Cap    Slew   Delay    Time   Description
-----------------------------------------------------------------------------
                  0.00    0.00    0.00   clock __VIRTUAL_CLK__ (rise edge)
                          0.00    0.00   clock network delay (ideal)
                          2.00    2.00 ^ input external delay
     1    0.00    0.02    0.01    2.01 ^ A[3] (in)
                                         A[3] (net)
                  0.02    0.00    2.01 ^ input4/A (sky130_fd_sc_hd__clkbuf_8)
     8    0.13    0.18    0.17    2.18 ^ input4/X (sky130_fd_sc_hd__clkbuf_8)
                                         net4 (net)
                  0.18    0.01    2.19 ^ clone17/A (sky130_fd_sc_hd__clkbuf_16)
     5    0.06    0.06    0.13    2.32 ^ clone17/X (sky130_fd_sc_hd__clkbuf_16)
                                         net66 (net)
                  0.06    0.00    2.32 ^ _339_/A1_N (sky130_fd_sc_hd__o2bb2a_1)
     2    0.03    0.10    0.19    2.51 v _339_/X (sky130_fd_sc_hd__o2bb2a_1)
                                         net23 (net)
                  0.10    0.00    2.51 v output23/A (sky130_fd_sc_hd__buf_2)
     1    0.03    0.06    0.14    2.65 v output23/X (sky130_fd_sc_hd__buf_2)
                                         out[3] (net)
                  0.06    0.00    2.65 v out[3] (out)
                                  2.65   data arrival time

                  0.00    0.00    0.00   clock __VIRTUAL_CLK__ (rise edge)
                          0.00    0.00   clock network delay (ideal)
                          0.25    0.25   clock uncertainty
                          0.00    0.25   clock reconvergence pessimism
                         -2.00   -1.75   output external delay
                                 -1.75   data required time
-----------------------------------------------------------------------------
                                 -1.75   data required time
                                 -2.65   data arrival time
-----------------------------------------------------------------------------
                                  4.40   slack (MET)


Startpoint: A[0] (input port clocked by __VIRTUAL_CLK__)
Endpoint: out[0] (output port clocked by __VIRTUAL_CLK__)
Path Group: __VIRTUAL_CLK__
Path Type: min
Corner: Fastest

Fanout     Cap    Slew   Delay    Time   Description
-----------------------------------------------------------------------------
                  0.00    0.00    0.00   clock __VIRTUAL_CLK__ (rise edge)
                          0.00    0.00   clock network delay (ideal)
                          2.00    2.00 ^ input external delay
     1    0.01    0.03    0.02    2.02 ^ A[0] (in)
                                         A[0] (net)
                  0.03    0.00    2.02 ^ input1/A (sky130_fd_sc_hd__buf_8)
     9    0.13    0.16    0.13    2.15 ^ input1/X (sky130_fd_sc_hd__buf_8)
                                         net1 (net)
                  0.16    0.02    2.17 ^ _248_/A (sky130_fd_sc_hd__buf_8)
    10    0.15    0.19    0.17    2.34 ^ _248_/X (sky130_fd_sc_hd__buf_8)
                                         _176_ (net)
                  0.19    0.01    2.35 ^ _262_/A1_N (sky130_fd_sc_hd__a2bb2o_2)
     2    0.04    0.09    0.19    2.54 v _262_/X (sky130_fd_sc_hd__a2bb2o_2)
                                         net20 (net)
                  0.09    0.01    2.54 v output20/A (sky130_fd_sc_hd__buf_2)
     1    0.03    0.06    0.13    2.68 v output20/X (sky130_fd_sc_hd__buf_2)
                                         out[0] (net)
                  0.06    0.00    2.68 v out[0] (out)
                                  2.68   data arrival time

                  0.00    0.00    0.00   clock __VIRTUAL_CLK__ (rise edge)
                          0.00    0.00   clock network delay (ideal)
                          0.25    0.25   clock uncertainty
                          0.00    0.25   clock reconvergence pessimism
                         -2.00   -1.75   output external delay
                                 -1.75   data required time
-----------------------------------------------------------------------------
                                 -1.75   data required time
                                 -2.68   data arrival time
-----------------------------------------------------------------------------
                                  4.43   slack (MET)


Startpoint: A[2] (input port clocked by __VIRTUAL_CLK__)
Endpoint: out[2] (output port clocked by __VIRTUAL_CLK__)
Path Group: __VIRTUAL_CLK__
Path Type: min
Corner: Fastest

Fanout     Cap    Slew   Delay    Time   Description
-----------------------------------------------------------------------------
                  0.00    0.00    0.00   clock __VIRTUAL_CLK__ (rise edge)
                          0.00    0.00   clock network delay (ideal)
                          2.00    2.00 ^ input external delay
     1    0.01    0.04    0.02    2.02 ^ A[2] (in)
                                         A[2] (net)
                  0.04    0.00    2.02 ^ input3/A (sky130_fd_sc_hd__buf_12)
     4    0.05    0.05    0.08    2.11 ^ input3/X (sky130_fd_sc_hd__buf_12)
                                         net3 (net)
                  0.05    0.00    2.11 ^ rebuffer22/A (sky130_fd_sc_hd__buf_12)
     4    0.04    0.05    0.08    2.19 ^ rebuffer22/X (sky130_fd_sc_hd__buf_12)
                                         net54 (net)
                  0.05    0.00    2.19 ^ _288_/A (sky130_fd_sc_hd__buf_8)
    10    0.16    0.19    0.16    2.35 ^ _288_/X (sky130_fd_sc_hd__buf_8)
                                         _217_ (net)
                  0.19    0.02    2.37 ^ _309_/A1_N (sky130_fd_sc_hd__o2bb2a_2)
     2    0.06    0.10    0.21    2.59 v _309_/X (sky130_fd_sc_hd__o2bb2a_2)
                                         net22 (net)
                  0.10    0.00    2.59 v output22/A (sky130_fd_sc_hd__buf_2)
     1    0.03    0.06    0.14    2.73 v output22/X (sky130_fd_sc_hd__buf_2)
                                         out[2] (net)
                  0.06    0.00    2.73 v out[2] (out)
                                  2.73   data arrival time

                  0.00    0.00    0.00   clock __VIRTUAL_CLK__ (rise edge)
                          0.00    0.00   clock network delay (ideal)
                          0.25    0.25   clock uncertainty
                          0.00    0.25   clock reconvergence pessimism
                         -2.00   -1.75   output external delay
                                 -1.75   data required time
-----------------------------------------------------------------------------
                                 -1.75   data required time
                                 -2.73   data arrival time
-----------------------------------------------------------------------------
                                  4.48   slack (MET)


Startpoint: opcode[1] (input port clocked by __VIRTUAL_CLK__)
Endpoint: out[1] (output port clocked by __VIRTUAL_CLK__)
Path Group: __VIRTUAL_CLK__
Path Type: min
Corner: Fastest

Fanout     Cap    Slew   Delay    Time   Description
-----------------------------------------------------------------------------
                  0.00    0.00    0.00   clock __VIRTUAL_CLK__ (rise edge)
                          0.00    0.00   clock network delay (ideal)
                          2.00    2.00 ^ input external delay
     1    0.01    0.03    0.02    2.02 ^ opcode[1] (in)
                                         opcode[1] (net)
                  0.03    0.00    2.02 ^ input18/A (sky130_fd_sc_hd__buf_6)
     5    0.12    0.19    0.15    2.17 ^ input18/X (sky130_fd_sc_hd__buf_6)
                                         net18 (net)
                  0.19    0.03    2.19 ^ _268_/A (sky130_fd_sc_hd__nor2_8)
     7    0.11    0.08    0.08    2.27 v _268_/Y (sky130_fd_sc_hd__nor2_8)
                                         _198_ (net)
                  0.09    0.02    2.29 v _272_/B1 (sky130_fd_sc_hd__o22a_1)
     1    0.01    0.06    0.15    2.44 v _272_/X (sky130_fd_sc_hd__o22a_1)
                                         _202_ (net)
                  0.06    0.00    2.44 v _287_/B1 (sky130_fd_sc_hd__o2bb2a_2)
     7    0.07    0.12    0.25    2.69 v _287_/X (sky130_fd_sc_hd__o2bb2a_2)
                                         net21 (net)
                  0.12    0.02    2.70 v output21/A (sky130_fd_sc_hd__buf_2)
     1    0.03    0.06    0.15    2.85 v output21/X (sky130_fd_sc_hd__buf_2)
                                         out[1] (net)
                  0.06    0.00    2.85 v out[1] (out)
                                  2.85   data arrival time

                  0.00    0.00    0.00   clock __VIRTUAL_CLK__ (rise edge)
                          0.00    0.00   clock network delay (ideal)
                          0.25    0.25   clock uncertainty
                          0.00    0.25   clock reconvergence pessimism
                         -2.00   -1.75   output external delay
                                 -1.75   data required time
-----------------------------------------------------------------------------
                                 -1.75   data required time
                                 -2.85   data arrival time
-----------------------------------------------------------------------------
                                  4.60   slack (MET)



worst slack corner Fastest: 4.1429
======================= Slowest Corner ===================================

Startpoint: A[6] (input port clocked by __VIRTUAL_CLK__)
Endpoint: out[6] (output port clocked by __VIRTUAL_CLK__)
Path Group: __VIRTUAL_CLK__
Path Type: min
Corner: Slowest

Fanout     Cap    Slew   Delay    Time   Description
-----------------------------------------------------------------------------
                  0.00    0.00    0.00   clock __VIRTUAL_CLK__ (rise edge)
                          0.00    0.00   clock network delay (ideal)
                          2.00    2.00 ^ input external delay
     1    0.01    0.07    0.04    2.04 ^ A[6] (in)
                                         A[6] (net)
                  0.07    0.00    2.04 ^ input7/A (sky130_fd_sc_hd__clkbuf_16)
    11    0.17    0.28    0.34    2.39 ^ input7/X (sky130_fd_sc_hd__clkbuf_16)
                                         net7 (net)
                  0.28    0.04    2.43 ^ _453_/A1 (sky130_fd_sc_hd__a22oi_4)
     1    0.04    0.22    0.31    2.73 v _453_/Y (sky130_fd_sc_hd__a22oi_4)
                                         net26 (net)
                  0.22    0.01    2.74 v output26/A (sky130_fd_sc_hd__buf_6)
     1    0.03    0.08    0.30    3.04 v output26/X (sky130_fd_sc_hd__buf_6)
                                         out[6] (net)
                  0.08    0.00    3.04 v out[6] (out)
                                  3.04   data arrival time

                  0.00    0.00    0.00   clock __VIRTUAL_CLK__ (rise edge)
                          0.00    0.00   clock network delay (ideal)
                          0.25    0.25   clock uncertainty
                          0.00    0.25   clock reconvergence pessimism
                         -2.00   -1.75   output external delay
                                 -1.75   data required time
-----------------------------------------------------------------------------
                                 -1.75   data required time
                                 -3.04   data arrival time
-----------------------------------------------------------------------------
                                  4.79   slack (MET)


Startpoint: A[7] (input port clocked by __VIRTUAL_CLK__)
Endpoint: out[7] (output port clocked by __VIRTUAL_CLK__)
Path Group: __VIRTUAL_CLK__
Path Type: min
Corner: Slowest

Fanout     Cap    Slew   Delay    Time   Description
-----------------------------------------------------------------------------
                  0.00    0.00    0.00   clock __VIRTUAL_CLK__ (rise edge)
                          0.00    0.00   clock network delay (ideal)
                          2.00    2.00 v input external delay
     1    0.01    0.04    0.02    2.02 v A[7] (in)
                                         A[7] (net)
                  0.04    0.00    2.02 v input8/A (sky130_fd_sc_hd__buf_8)
     6    0.14    0.18    0.29    2.31 v input8/X (sky130_fd_sc_hd__buf_8)
                                         net8 (net)
                  0.18    0.01    2.32 v _502_/A (sky130_fd_sc_hd__inv_2)
     1    0.03    0.20    0.22    2.55 ^ _502_/Y (sky130_fd_sc_hd__inv_2)
                                         _179_ (net)
                  0.20    0.00    2.55 ^ _503_/B2 (sky130_fd_sc_hd__o32a_4)
     1    0.03    0.17    0.41    2.96 ^ _503_/X (sky130_fd_sc_hd__o32a_4)
                                         net27 (net)
                  0.17    0.00    2.97 ^ output27/A (sky130_fd_sc_hd__buf_8)
     1    0.03    0.10    0.24    3.20 ^ output27/X (sky130_fd_sc_hd__buf_8)
                                         out[7] (net)
                  0.10    0.00    3.21 ^ out[7] (out)
                                  3.21   data arrival time

                  0.00    0.00    0.00   clock __VIRTUAL_CLK__ (rise edge)
                          0.00    0.00   clock network delay (ideal)
                          0.25    0.25   clock uncertainty
                          0.00    0.25   clock reconvergence pessimism
                         -2.00   -1.75   output external delay
                                 -1.75   data required time
-----------------------------------------------------------------------------
                                 -1.75   data required time
                                 -3.21   data arrival time
-----------------------------------------------------------------------------
                                  4.96   slack (MET)


Startpoint: A[5] (input port clocked by __VIRTUAL_CLK__)
Endpoint: out[5] (output port clocked by __VIRTUAL_CLK__)
Path Group: __VIRTUAL_CLK__
Path Type: min
Corner: Slowest

Fanout     Cap    Slew   Delay    Time   Description
-----------------------------------------------------------------------------
                  0.00    0.00    0.00   clock __VIRTUAL_CLK__ (rise edge)
                          0.00    0.00   clock network delay (ideal)
                          2.00    2.00 ^ input external delay
     1    0.00    0.03    0.02    2.02 ^ A[5] (in)
                                         A[5] (net)
                  0.03    0.00    2.02 ^ input6/A (sky130_fd_sc_hd__buf_4)
     3    0.10    0.42    0.42    2.44 ^ input6/X (sky130_fd_sc_hd__buf_4)
                                         net6 (net)
                  0.42    0.01    2.45 ^ _374_/A (sky130_fd_sc_hd__buf_12)
    10    0.17    0.30    0.46    2.91 ^ _374_/X (sky130_fd_sc_hd__buf_12)
                                         _052_ (net)
                  0.30    0.01    2.92 ^ _410_/A1 (sky130_fd_sc_hd__a21oi_2)
     1    0.02    0.17    0.29    3.21 v _410_/Y (sky130_fd_sc_hd__a21oi_2)
                                         net25 (net)
                  0.17    0.00    3.21 v output25/A (sky130_fd_sc_hd__buf_2)
     1    0.03    0.17    0.37    3.59 v output25/X (sky130_fd_sc_hd__buf_2)
                                         out[5] (net)
                  0.17    0.00    3.59 v out[5] (out)
                                  3.59   data arrival time

                  0.00    0.00    0.00   clock __VIRTUAL_CLK__ (rise edge)
                          0.00    0.00   clock network delay (ideal)
                          0.25    0.25   clock uncertainty
                          0.00    0.25   clock reconvergence pessimism
                         -2.00   -1.75   output external delay
                                 -1.75   data required time
-----------------------------------------------------------------------------
                                 -1.75   data required time
                                 -3.59   data arrival time
-----------------------------------------------------------------------------
                                  5.34   slack (MET)


Startpoint: A[4] (input port clocked by __VIRTUAL_CLK__)
Endpoint: out[4] (output port clocked by __VIRTUAL_CLK__)
Path Group: __VIRTUAL_CLK__
Path Type: min
Corner: Slowest

Fanout     Cap    Slew   Delay    Time   Description
-----------------------------------------------------------------------------
                  0.00    0.00    0.00   clock __VIRTUAL_CLK__ (rise edge)
                          0.00    0.00   clock network delay (ideal)
                          2.00    2.00 ^ input external delay
     1    0.00    0.03    0.02    2.02 ^ A[4] (in)
                                         A[4] (net)
                  0.03    0.00    2.02 ^ input5/A (sky130_fd_sc_hd__buf_4)
     4    0.08    0.35    0.37    2.39 ^ input5/X (sky130_fd_sc_hd__buf_4)
                                         net5 (net)
                  0.35    0.00    2.40 ^ _340_/A (sky130_fd_sc_hd__buf_12)
    10    0.14    0.26    0.39    2.79 ^ _340_/X (sky130_fd_sc_hd__buf_12)
                                         _019_ (net)
                  0.26    0.03    2.82 ^ _373_/A1_N (sky130_fd_sc_hd__o2bb2a_2)
     2    0.04    0.19    0.60    3.42 v _373_/X (sky130_fd_sc_hd__o2bb2a_2)
                                         net24 (net)
                  0.19    0.01    3.43 v output24/A (sky130_fd_sc_hd__buf_2)
     1    0.03    0.17    0.38    3.81 v output24/X (sky130_fd_sc_hd__buf_2)
                                         out[4] (net)
                  0.17    0.00    3.81 v out[4] (out)
                                  3.81   data arrival time

                  0.00    0.00    0.00   clock __VIRTUAL_CLK__ (rise edge)
                          0.00    0.00   clock network delay (ideal)
                          0.25    0.25   clock uncertainty
                          0.00    0.25   clock reconvergence pessimism
                         -2.00   -1.75   output external delay
                                 -1.75   data required time
-----------------------------------------------------------------------------
                                 -1.75   data required time
                                 -3.81   data arrival time
-----------------------------------------------------------------------------
                                  5.56   slack (MET)


Startpoint: A[0] (input port clocked by __VIRTUAL_CLK__)
Endpoint: out[0] (output port clocked by __VIRTUAL_CLK__)
Path Group: __VIRTUAL_CLK__
Path Type: min
Corner: Slowest

Fanout     Cap    Slew   Delay    Time   Description
-----------------------------------------------------------------------------
                  0.00    0.00    0.00   clock __VIRTUAL_CLK__ (rise edge)
                          0.00    0.00   clock network delay (ideal)
                          2.00    2.00 v input external delay
     1    0.01    0.04    0.02    2.02 v A[0] (in)
                                         A[0] (net)
                  0.04    0.00    2.02 v input1/A (sky130_fd_sc_hd__buf_8)
     9    0.13    0.17    0.28    2.30 v input1/X (sky130_fd_sc_hd__buf_8)
                                         net1 (net)
                  0.17    0.02    2.32 v _248_/A (sky130_fd_sc_hd__buf_8)
    10    0.15    0.19    0.36    2.68 v _248_/X (sky130_fd_sc_hd__buf_8)
                                         _176_ (net)
                  0.19    0.01    2.69 v _262_/A1_N (sky130_fd_sc_hd__a2bb2o_2)
     2    0.04    0.35    0.69    3.37 ^ _262_/X (sky130_fd_sc_hd__a2bb2o_2)
                                         net20 (net)
                  0.35    0.01    3.38 ^ output20/A (sky130_fd_sc_hd__buf_2)
     1    0.03    0.27    0.44    3.82 ^ output20/X (sky130_fd_sc_hd__buf_2)
                                         out[0] (net)
                  0.27    0.00    3.82 ^ out[0] (out)
                                  3.82   data arrival time

                  0.00    0.00    0.00   clock __VIRTUAL_CLK__ (rise edge)
                          0.00    0.00   clock network delay (ideal)
                          0.25    0.25   clock uncertainty
                          0.00    0.25   clock reconvergence pessimism
                         -2.00   -1.75   output external delay
                                 -1.75   data required time
-----------------------------------------------------------------------------
                                 -1.75   data required time
                                 -3.82   data arrival time
-----------------------------------------------------------------------------
                                  5.57   slack (MET)


Startpoint: A[3] (input port clocked by __VIRTUAL_CLK__)
Endpoint: out[3] (output port clocked by __VIRTUAL_CLK__)
Path Group: __VIRTUAL_CLK__
Path Type: min
Corner: Slowest

Fanout     Cap    Slew   Delay    Time   Description
-----------------------------------------------------------------------------
                  0.00    0.00    0.00   clock __VIRTUAL_CLK__ (rise edge)
                          0.00    0.00   clock network delay (ideal)
                          2.00    2.00 ^ input external delay
     1    0.00    0.05    0.02    2.02 ^ A[3] (in)
                                         A[3] (net)
                  0.05    0.00    2.02 ^ input4/A (sky130_fd_sc_hd__clkbuf_8)
     8    0.13    0.35    0.41    2.43 ^ input4/X (sky130_fd_sc_hd__clkbuf_8)
                                         net4 (net)
                  0.35    0.01    2.44 ^ clone17/A (sky130_fd_sc_hd__clkbuf_16)
     5    0.06    0.12    0.38    2.82 ^ clone17/X (sky130_fd_sc_hd__clkbuf_16)
                                         net66 (net)
                  0.13    0.00    2.82 ^ _339_/A1_N (sky130_fd_sc_hd__o2bb2a_1)
     2    0.03    0.28    0.63    3.45 v _339_/X (sky130_fd_sc_hd__o2bb2a_1)
                                         net23 (net)
                  0.28    0.00    3.46 v output23/A (sky130_fd_sc_hd__buf_2)
     1    0.03    0.17    0.42    3.88 v output23/X (sky130_fd_sc_hd__buf_2)
                                         out[3] (net)
                  0.17    0.00    3.88 v out[3] (out)
                                  3.88   data arrival time

                  0.00    0.00    0.00   clock __VIRTUAL_CLK__ (rise edge)
                          0.00    0.00   clock network delay (ideal)
                          0.25    0.25   clock uncertainty
                          0.00    0.25   clock reconvergence pessimism
                         -2.00   -1.75   output external delay
                                 -1.75   data required time
-----------------------------------------------------------------------------
                                 -1.75   data required time
                                 -3.88   data arrival time
-----------------------------------------------------------------------------
                                  5.63   slack (MET)


Startpoint: A[2] (input port clocked by __VIRTUAL_CLK__)
Endpoint: out[2] (output port clocked by __VIRTUAL_CLK__)
Path Group: __VIRTUAL_CLK__
Path Type: min
Corner: Slowest

Fanout     Cap    Slew   Delay    Time   Description
-----------------------------------------------------------------------------
                  0.00    0.00    0.00   clock __VIRTUAL_CLK__ (rise edge)
                          0.00    0.00   clock network delay (ideal)
                          2.00    2.00 ^ input external delay
     1    0.01    0.08    0.05    2.05 ^ A[2] (in)
                                         A[2] (net)
                  0.08    0.00    2.05 ^ input3/A (sky130_fd_sc_hd__buf_12)
     4    0.05    0.11    0.21    2.26 ^ input3/X (sky130_fd_sc_hd__buf_12)
                                         net3 (net)
                  0.11    0.00    2.27 ^ rebuffer22/A (sky130_fd_sc_hd__buf_12)
     4    0.04    0.10    0.21    2.48 ^ rebuffer22/X (sky130_fd_sc_hd__buf_12)
                                         net54 (net)
                  0.10    0.00    2.48 ^ _288_/A (sky130_fd_sc_hd__buf_8)
    10    0.15    0.39    0.39    2.87 ^ _288_/X (sky130_fd_sc_hd__buf_8)
                                         _217_ (net)
                  0.39    0.02    2.89 ^ _309_/A1_N (sky130_fd_sc_hd__o2bb2a_2)
     2    0.06    0.28    0.73    3.62 v _309_/X (sky130_fd_sc_hd__o2bb2a_2)
                                         net22 (net)
                  0.28    0.00    3.62 v output22/A (sky130_fd_sc_hd__buf_2)
     1    0.03    0.17    0.43    4.05 v output22/X (sky130_fd_sc_hd__buf_2)
                                         out[2] (net)
                  0.17    0.00    4.05 v out[2] (out)
                                  4.05   data arrival time

                  0.00    0.00    0.00   clock __VIRTUAL_CLK__ (rise edge)
                          0.00    0.00   clock network delay (ideal)
                          0.25    0.25   clock uncertainty
                          0.00    0.25   clock reconvergence pessimism
                         -2.00   -1.75   output external delay
                                 -1.75   data required time
-----------------------------------------------------------------------------
                                 -1.75   data required time
                                 -4.05   data arrival time
-----------------------------------------------------------------------------
                                  5.80   slack (MET)


Startpoint: opcode[1] (input port clocked by __VIRTUAL_CLK__)
Endpoint: out[1] (output port clocked by __VIRTUAL_CLK__)
Path Group: __VIRTUAL_CLK__
Path Type: min
Corner: Slowest

Fanout     Cap    Slew   Delay    Time   Description
-----------------------------------------------------------------------------
                  0.00    0.00    0.00   clock __VIRTUAL_CLK__ (rise edge)
                          0.00    0.00   clock network delay (ideal)
                          2.00    2.00 ^ input external delay
     1    0.01    0.06    0.03    2.03 ^ opcode[1] (in)
                                         opcode[1] (net)
                  0.06    0.00    2.03 ^ input18/A (sky130_fd_sc_hd__buf_6)
     5    0.12    0.39    0.38    2.41 ^ input18/X (sky130_fd_sc_hd__buf_6)
                                         net18 (net)
                  0.39    0.03    2.43 ^ _268_/A (sky130_fd_sc_hd__nor2_8)
     7    0.11    0.15    0.27    2.70 v _268_/Y (sky130_fd_sc_hd__nor2_8)
                                         _198_ (net)
                  0.16    0.02    2.72 v _272_/B1 (sky130_fd_sc_hd__o22a_1)
     1    0.01    0.18    0.47    3.19 v _272_/X (sky130_fd_sc_hd__o22a_1)
                                         _202_ (net)
                  0.18    0.00    3.19 v _287_/B1 (sky130_fd_sc_hd__o2bb2a_2)
     7    0.07    0.32    0.81    4.00 v _287_/X (sky130_fd_sc_hd__o2bb2a_2)
                                         net21 (net)
                  0.32    0.02    4.02 v output21/A (sky130_fd_sc_hd__buf_2)
     1    0.03    0.17    0.44    4.46 v output21/X (sky130_fd_sc_hd__buf_2)
                                         out[1] (net)
                  0.17    0.00    4.46 v out[1] (out)
                                  4.46   data arrival time

                  0.00    0.00    0.00   clock __VIRTUAL_CLK__ (rise edge)
                          0.00    0.00   clock network delay (ideal)
                          0.25    0.25   clock uncertainty
                          0.00    0.25   clock reconvergence pessimism
                         -2.00   -1.75   output external delay
                                 -1.75   data required time
-----------------------------------------------------------------------------
                                 -1.75   data required time
                                 -4.46   data arrival time
-----------------------------------------------------------------------------
                                  6.21   slack (MET)



worst slack corner Slowest: 4.7943
======================= Typical Corner ===================================

Startpoint: A[6] (input port clocked by __VIRTUAL_CLK__)
Endpoint: out[6] (output port clocked by __VIRTUAL_CLK__)
Path Group: __VIRTUAL_CLK__
Path Type: min
Corner: Typical

Fanout     Cap    Slew   Delay    Time   Description
-----------------------------------------------------------------------------
                  0.00    0.00    0.00   clock __VIRTUAL_CLK__ (rise edge)
                          0.00    0.00   clock network delay (ideal)
                          2.00    2.00 ^ input external delay
     1    0.01    0.05    0.03    2.03 ^ A[6] (in)
                                         A[6] (net)
                  0.05    0.00    2.03 ^ input7/A (sky130_fd_sc_hd__clkbuf_16)
    11    0.17    0.18    0.20    2.23 ^ input7/X (sky130_fd_sc_hd__clkbuf_16)
                                         net7 (net)
                  0.19    0.04    2.26 ^ _453_/A1 (sky130_fd_sc_hd__a22oi_4)
     1    0.04    0.11    0.16    2.42 v _453_/Y (sky130_fd_sc_hd__a22oi_4)
                                         net26 (net)
                  0.11    0.01    2.43 v output26/A (sky130_fd_sc_hd__buf_6)
     1    0.03    0.04    0.16    2.58 v output26/X (sky130_fd_sc_hd__buf_6)
                                         out[6] (net)
                  0.04    0.00    2.59 v out[6] (out)
                                  2.59   data arrival time

                  0.00    0.00    0.00   clock __VIRTUAL_CLK__ (rise edge)
                          0.00    0.00   clock network delay (ideal)
                          0.25    0.25   clock uncertainty
                          0.00    0.25   clock reconvergence pessimism
                         -2.00   -1.75   output external delay
                                 -1.75   data required time
-----------------------------------------------------------------------------
                                 -1.75   data required time
                                 -2.59   data arrival time
-----------------------------------------------------------------------------
                                  4.34   slack (MET)


Startpoint: A[7] (input port clocked by __VIRTUAL_CLK__)
Endpoint: out[7] (output port clocked by __VIRTUAL_CLK__)
Path Group: __VIRTUAL_CLK__
Path Type: min
Corner: Typical

Fanout     Cap    Slew   Delay    Time   Description
-----------------------------------------------------------------------------
                  0.00    0.00    0.00   clock __VIRTUAL_CLK__ (rise edge)
                          0.00    0.00   clock network delay (ideal)
                          2.00    2.00 v input external delay
     1    0.01    0.02    0.01    2.01 v A[7] (in)
                                         A[7] (net)
                  0.02    0.00    2.01 v input8/A (sky130_fd_sc_hd__buf_8)
     6    0.14    0.10    0.16    2.17 v input8/X (sky130_fd_sc_hd__buf_8)
                                         net8 (net)
                  0.11    0.01    2.18 v _502_/A (sky130_fd_sc_hd__inv_2)
     1    0.03    0.13    0.13    2.31 ^ _502_/Y (sky130_fd_sc_hd__inv_2)
                                         _179_ (net)
                  0.13    0.00    2.32 ^ _503_/B2 (sky130_fd_sc_hd__o32a_4)
     1    0.03    0.11    0.22    2.53 ^ _503_/X (sky130_fd_sc_hd__o32a_4)
                                         net27 (net)
                  0.11    0.00    2.54 ^ output27/A (sky130_fd_sc_hd__buf_8)
     1    0.03    0.07    0.13    2.67 ^ output27/X (sky130_fd_sc_hd__buf_8)
                                         out[7] (net)
                  0.07    0.00    2.67 ^ out[7] (out)
                                  2.67   data arrival time

                  0.00    0.00    0.00   clock __VIRTUAL_CLK__ (rise edge)
                          0.00    0.00   clock network delay (ideal)
                          0.25    0.25   clock uncertainty
                          0.00    0.25   clock reconvergence pessimism
                         -2.00   -1.75   output external delay
                                 -1.75   data required time
-----------------------------------------------------------------------------
                                 -1.75   data required time
                                 -2.67   data arrival time
-----------------------------------------------------------------------------
                                  4.42   slack (MET)


Startpoint: A[5] (input port clocked by __VIRTUAL_CLK__)
Endpoint: out[5] (output port clocked by __VIRTUAL_CLK__)
Path Group: __VIRTUAL_CLK__
Path Type: min
Corner: Typical

Fanout     Cap    Slew   Delay    Time   Description
-----------------------------------------------------------------------------
                  0.00    0.00    0.00   clock __VIRTUAL_CLK__ (rise edge)
                          0.00    0.00   clock network delay (ideal)
                          2.00    2.00 ^ input external delay
     1    0.00    0.02    0.01    2.01 ^ A[5] (in)
                                         A[5] (net)
                  0.02    0.00    2.01 ^ input6/A (sky130_fd_sc_hd__buf_4)
     3    0.10    0.27    0.24    2.25 ^ input6/X (sky130_fd_sc_hd__buf_4)
                                         net6 (net)
                  0.27    0.01    2.27 ^ _374_/A (sky130_fd_sc_hd__buf_12)
    10    0.17    0.20    0.24    2.51 ^ _374_/X (sky130_fd_sc_hd__buf_12)
                                         _052_ (net)
                  0.20    0.01    2.52 ^ _410_/A1 (sky130_fd_sc_hd__a21oi_2)
     1    0.02    0.10    0.14    2.66 v _410_/Y (sky130_fd_sc_hd__a21oi_2)
                                         net25 (net)
                  0.10    0.00    2.66 v output25/A (sky130_fd_sc_hd__buf_2)
     1    0.03    0.09    0.20    2.86 v output25/X (sky130_fd_sc_hd__buf_2)
                                         out[5] (net)
                  0.09    0.00    2.86 v out[5] (out)
                                  2.86   data arrival time

                  0.00    0.00    0.00   clock __VIRTUAL_CLK__ (rise edge)
                          0.00    0.00   clock network delay (ideal)
                          0.25    0.25   clock uncertainty
                          0.00    0.25   clock reconvergence pessimism
                         -2.00   -1.75   output external delay
                                 -1.75   data required time
-----------------------------------------------------------------------------
                                 -1.75   data required time
                                 -2.86   data arrival time
-----------------------------------------------------------------------------
                                  4.61   slack (MET)


Startpoint: A[4] (input port clocked by __VIRTUAL_CLK__)
Endpoint: out[4] (output port clocked by __VIRTUAL_CLK__)
Path Group: __VIRTUAL_CLK__
Path Type: min
Corner: Typical

Fanout     Cap    Slew   Delay    Time   Description
-----------------------------------------------------------------------------
                  0.00    0.00    0.00   clock __VIRTUAL_CLK__ (rise edge)
                          0.00    0.00   clock network delay (ideal)
                          2.00    2.00 ^ input external delay
     1    0.00    0.02    0.01    2.01 ^ A[4] (in)
                                         A[4] (net)
                  0.02    0.00    2.01 ^ input5/A (sky130_fd_sc_hd__buf_4)
     4    0.08    0.22    0.22    2.23 ^ input5/X (sky130_fd_sc_hd__buf_4)
                                         net5 (net)
                  0.22    0.00    2.23 ^ _340_/A (sky130_fd_sc_hd__buf_12)
    10    0.14    0.17    0.21    2.44 ^ _340_/X (sky130_fd_sc_hd__buf_12)
                                         _019_ (net)
                  0.17    0.03    2.47 ^ _373_/A1_N (sky130_fd_sc_hd__o2bb2a_2)
     2    0.04    0.10    0.30    2.76 v _373_/X (sky130_fd_sc_hd__o2bb2a_2)
                                         net24 (net)
                  0.10    0.01    2.77 v output24/A (sky130_fd_sc_hd__buf_2)
     1    0.03    0.09    0.20    2.97 v output24/X (sky130_fd_sc_hd__buf_2)
                                         out[4] (net)
                  0.09    0.00    2.97 v out[4] (out)
                                  2.97   data arrival time

                  0.00    0.00    0.00   clock __VIRTUAL_CLK__ (rise edge)
                          0.00    0.00   clock network delay (ideal)
                          0.25    0.25   clock uncertainty
                          0.00    0.25   clock reconvergence pessimism
                         -2.00   -1.75   output external delay
                                 -1.75   data required time
-----------------------------------------------------------------------------
                                 -1.75   data required time
                                 -2.97   data arrival time
-----------------------------------------------------------------------------
                                  4.72   slack (MET)


Startpoint: A[3] (input port clocked by __VIRTUAL_CLK__)
Endpoint: out[3] (output port clocked by __VIRTUAL_CLK__)
Path Group: __VIRTUAL_CLK__
Path Type: min
Corner: Typical

Fanout     Cap    Slew   Delay    Time   Description
-----------------------------------------------------------------------------
                  0.00    0.00    0.00   clock __VIRTUAL_CLK__ (rise edge)
                          0.00    0.00   clock network delay (ideal)
                          2.00    2.00 ^ input external delay
     1    0.00    0.03    0.02    2.02 ^ A[3] (in)
                                         A[3] (net)
                  0.03    0.00    2.02 ^ input4/A (sky130_fd_sc_hd__clkbuf_8)
     8    0.13    0.23    0.24    2.25 ^ input4/X (sky130_fd_sc_hd__clkbuf_8)
                                         net4 (net)
                  0.23    0.01    2.26 ^ clone17/A (sky130_fd_sc_hd__clkbuf_16)
     5    0.06    0.08    0.21    2.47 ^ clone17/X (sky130_fd_sc_hd__clkbuf_16)
                                         net66 (net)
                  0.08    0.00    2.47 ^ _339_/A1_N (sky130_fd_sc_hd__o2bb2a_1)
     2    0.03    0.14    0.31    2.78 v _339_/X (sky130_fd_sc_hd__o2bb2a_1)
                                         net23 (net)
                  0.14    0.00    2.78 v output23/A (sky130_fd_sc_hd__buf_2)
     1    0.03    0.09    0.21    2.99 v output23/X (sky130_fd_sc_hd__buf_2)
                                         out[3] (net)
                  0.09    0.00    3.00 v out[3] (out)
                                  3.00   data arrival time

                  0.00    0.00    0.00   clock __VIRTUAL_CLK__ (rise edge)
                          0.00    0.00   clock network delay (ideal)
                          0.25    0.25   clock uncertainty
                          0.00    0.25   clock reconvergence pessimism
                         -2.00   -1.75   output external delay
                                 -1.75   data required time
-----------------------------------------------------------------------------
                                 -1.75   data required time
                                 -3.00   data arrival time
-----------------------------------------------------------------------------
                                  4.75   slack (MET)


Startpoint: A[0] (input port clocked by __VIRTUAL_CLK__)
Endpoint: out[0] (output port clocked by __VIRTUAL_CLK__)
Path Group: __VIRTUAL_CLK__
Path Type: min
Corner: Typical

Fanout     Cap    Slew   Delay    Time   Description
-----------------------------------------------------------------------------
                  0.00    0.00    0.00   clock __VIRTUAL_CLK__ (rise edge)
                          0.00    0.00   clock network delay (ideal)
                          2.00    2.00 v input external delay
     1    0.01    0.02    0.01    2.01 v A[0] (in)
                                         A[0] (net)
                  0.02    0.00    2.01 v input1/A (sky130_fd_sc_hd__buf_8)
     9    0.13    0.10    0.15    2.16 v input1/X (sky130_fd_sc_hd__buf_8)
                                         net1 (net)
                  0.10    0.02    2.18 v _248_/A (sky130_fd_sc_hd__buf_8)
    10    0.15    0.11    0.20    2.38 v _248_/X (sky130_fd_sc_hd__buf_8)
                                         _176_ (net)
                  0.11    0.01    2.38 v _262_/A1_N (sky130_fd_sc_hd__a2bb2o_2)
     2    0.04    0.22    0.38    2.76 ^ _262_/X (sky130_fd_sc_hd__a2bb2o_2)
                                         net20 (net)
                  0.22    0.01    2.77 ^ output20/A (sky130_fd_sc_hd__buf_2)
     1    0.03    0.17    0.24    3.01 ^ output20/X (sky130_fd_sc_hd__buf_2)
                                         out[0] (net)
                  0.17    0.00    3.01 ^ out[0] (out)
                                  3.01   data arrival time

                  0.00    0.00    0.00   clock __VIRTUAL_CLK__ (rise edge)
                          0.00    0.00   clock network delay (ideal)
                          0.25    0.25   clock uncertainty
                          0.00    0.25   clock reconvergence pessimism
                         -2.00   -1.75   output external delay
                                 -1.75   data required time
-----------------------------------------------------------------------------
                                 -1.75   data required time
                                 -3.01   data arrival time
-----------------------------------------------------------------------------
                                  4.76   slack (MET)


Startpoint: A[2] (input port clocked by __VIRTUAL_CLK__)
Endpoint: out[2] (output port clocked by __VIRTUAL_CLK__)
Path Group: __VIRTUAL_CLK__
Path Type: min
Corner: Typical

Fanout     Cap    Slew   Delay    Time   Description
-----------------------------------------------------------------------------
                  0.00    0.00    0.00   clock __VIRTUAL_CLK__ (rise edge)
                          0.00    0.00   clock network delay (ideal)
                          2.00    2.00 ^ input external delay
     1    0.01    0.05    0.03    2.03 ^ A[2] (in)
                                         A[2] (net)
                  0.05    0.00    2.03 ^ input3/A (sky130_fd_sc_hd__buf_12)
     4    0.05    0.07    0.12    2.15 ^ input3/X (sky130_fd_sc_hd__buf_12)
                                         net3 (net)
                  0.07    0.00    2.16 ^ rebuffer22/A (sky130_fd_sc_hd__buf_12)
     4    0.04    0.06    0.12    2.28 ^ rebuffer22/X (sky130_fd_sc_hd__buf_12)
                                         net54 (net)
                  0.06    0.00    2.28 ^ _288_/A (sky130_fd_sc_hd__buf_8)
    10    0.16    0.25    0.23    2.51 ^ _288_/X (sky130_fd_sc_hd__buf_8)
                                         _217_ (net)
                  0.25    0.02    2.53 ^ _309_/A1_N (sky130_fd_sc_hd__o2bb2a_2)
     2    0.06    0.15    0.36    2.88 v _309_/X (sky130_fd_sc_hd__o2bb2a_2)
                                         net22 (net)
                  0.15    0.00    2.89 v output22/A (sky130_fd_sc_hd__buf_2)
     1    0.03    0.09    0.22    3.10 v output22/X (sky130_fd_sc_hd__buf_2)
                                         out[2] (net)
                  0.09    0.00    3.11 v out[2] (out)
                                  3.11   data arrival time

                  0.00    0.00    0.00   clock __VIRTUAL_CLK__ (rise edge)
                          0.00    0.00   clock network delay (ideal)
                          0.25    0.25   clock uncertainty
                          0.00    0.25   clock reconvergence pessimism
                         -2.00   -1.75   output external delay
                                 -1.75   data required time
-----------------------------------------------------------------------------
                                 -1.75   data required time
                                 -3.11   data arrival time
-----------------------------------------------------------------------------
                                  4.86   slack (MET)


Startpoint: opcode[1] (input port clocked by __VIRTUAL_CLK__)
Endpoint: out[1] (output port clocked by __VIRTUAL_CLK__)
Path Group: __VIRTUAL_CLK__
Path Type: min
Corner: Typical

Fanout     Cap    Slew   Delay    Time   Description
-----------------------------------------------------------------------------
                  0.00    0.00    0.00   clock __VIRTUAL_CLK__ (rise edge)
                          0.00    0.00   clock network delay (ideal)
                          2.00    2.00 ^ input external delay
     1    0.01    0.03    0.02    2.02 ^ opcode[1] (in)
                                         opcode[1] (net)
                  0.03    0.00    2.02 ^ input18/A (sky130_fd_sc_hd__buf_6)
     5    0.12    0.25    0.22    2.24 ^ input18/X (sky130_fd_sc_hd__buf_6)
                                         net18 (net)
                  0.25    0.03    2.26 ^ _268_/A (sky130_fd_sc_hd__nor2_8)
     7    0.11    0.10    0.14    2.40 v _268_/Y (sky130_fd_sc_hd__nor2_8)
                                         _198_ (net)
                  0.11    0.02    2.42 v _272_/B1 (sky130_fd_sc_hd__o22a_1)
     1    0.01    0.09    0.24    2.66 v _272_/X (sky130_fd_sc_hd__o22a_1)
                                         _202_ (net)
                  0.09    0.00    2.66 v _287_/B1 (sky130_fd_sc_hd__o2bb2a_2)
     7    0.07    0.18    0.39    3.06 v _287_/X (sky130_fd_sc_hd__o2bb2a_2)
                                         net21 (net)
                  0.18    0.02    3.07 v output21/A (sky130_fd_sc_hd__buf_2)
     1    0.03    0.09    0.23    3.30 v output21/X (sky130_fd_sc_hd__buf_2)
                                         out[1] (net)
                  0.09    0.00    3.30 v out[1] (out)
                                  3.30   data arrival time

                  0.00    0.00    0.00   clock __VIRTUAL_CLK__ (rise edge)
                          0.00    0.00   clock network delay (ideal)
                          0.25    0.25   clock uncertainty
                          0.00    0.25   clock reconvergence pessimism
                         -2.00   -1.75   output external delay
                                 -1.75   data required time
-----------------------------------------------------------------------------
                                 -1.75   data required time
                                 -3.30   data arrival time
-----------------------------------------------------------------------------
                                  5.05   slack (MET)



worst slack corner Typical: 4.3353
