
===========================================================================
report_checks -path_delay max (Setup)
============================================================================
======================= Fastest Corner ===================================

Startpoint: B[3] (input port clocked by __VIRTUAL_CLK__)
Endpoint: out[7] (output port clocked by __VIRTUAL_CLK__)
Path Group: __VIRTUAL_CLK__
Path Type: max
Corner: Fastest

Fanout     Cap    Slew   Delay    Time   Description
-----------------------------------------------------------------------------
                  0.00    0.00    0.00   clock __VIRTUAL_CLK__ (rise edge)
                          0.00    0.00   clock network delay (ideal)
                          2.00    2.00 ^ input external delay
     1    0.01    0.04    0.03    2.03 ^ B[3] (in)
                                         B[3] (net)
                  0.04    0.00    2.03 ^ input12/A (sky130_fd_sc_hd__buf_12)
     7    0.08    0.07    0.10    2.13 ^ input12/X (sky130_fd_sc_hd__buf_12)
                                         net12 (net)
                  0.07    0.00    2.13 ^ rebuffer28/A (sky130_fd_sc_hd__dlymetal6s4s_1)
     1    0.02    0.19    0.24    2.37 ^ rebuffer28/X (sky130_fd_sc_hd__dlymetal6s4s_1)
                                         net60 (net)
                  0.19    0.00    2.37 ^ _425_/B (sky130_fd_sc_hd__and3_4)
     1    0.07    0.16    0.23    2.60 ^ _425_/X (sky130_fd_sc_hd__and3_4)
                                         _102_ (net)
                  0.16    0.02    2.62 ^ _427_/A2 (sky130_fd_sc_hd__a21bo_4)
     1    0.07    0.19    0.21    2.83 ^ _427_/X (sky130_fd_sc_hd__a21bo_4)
                                         _104_ (net)
                  0.19    0.02    2.85 ^ _428_/B (sky130_fd_sc_hd__xor2_4)
     2    0.05    0.29    0.26    3.11 ^ _428_/X (sky130_fd_sc_hd__xor2_4)
                                         _105_ (net)
                  0.29    0.00    3.11 ^ _430_/A (sky130_fd_sc_hd__nand3_4)
     3    0.07    0.18    0.19    3.30 v _430_/Y (sky130_fd_sc_hd__nand3_4)
                                         _107_ (net)
                  0.18    0.01    3.31 v _433_/A2 (sky130_fd_sc_hd__a21o_4)
     3    0.09    0.09    0.27    3.57 v _433_/X (sky130_fd_sc_hd__a21o_4)
                                         _110_ (net)
                  0.10    0.01    3.59 v _435_/A2 (sky130_fd_sc_hd__a21oi_4)
     3    0.07    0.36    0.34    3.93 ^ _435_/Y (sky130_fd_sc_hd__a21oi_4)
                                         _112_ (net)
                  0.36    0.01    3.94 ^ _465_/C1 (sky130_fd_sc_hd__a211o_4)
     3    0.05    0.11    0.13    4.08 ^ _465_/X (sky130_fd_sc_hd__a211o_4)
                                         _141_ (net)
                  0.11    0.00    4.08 ^ rebuffer9/A (sky130_fd_sc_hd__dlygate4sd1_1)
     1    0.03    0.21    0.27    4.35 ^ rebuffer9/X (sky130_fd_sc_hd__dlygate4sd1_1)
                                         net41 (net)
                  0.21    0.00    4.35 ^ _495_/B1 (sky130_fd_sc_hd__o21ai_4)
     2    0.04    0.11    0.08    4.43 v _495_/Y (sky130_fd_sc_hd__o21ai_4)
                                         _171_ (net)
                  0.11    0.00    4.43 v _496_/C (sky130_fd_sc_hd__and3_1)
     1    0.01    0.06    0.19    4.62 v _496_/X (sky130_fd_sc_hd__and3_1)
                                         _172_ (net)
                  0.06    0.00    4.62 v _498_/A2 (sky130_fd_sc_hd__o21a_1)
     1    0.01    0.05    0.15    4.77 v _498_/X (sky130_fd_sc_hd__o21a_1)
                                         _174_ (net)
                  0.05    0.00    4.77 v _503_/A3 (sky130_fd_sc_hd__o32a_4)
     1    0.03    0.07    0.23    5.00 v _503_/X (sky130_fd_sc_hd__o32a_4)
                                         net27 (net)
                  0.07    0.00    5.01 v output27/A (sky130_fd_sc_hd__buf_8)
     1    0.03    0.03    0.11    5.12 v output27/X (sky130_fd_sc_hd__buf_8)
                                         out[7] (net)
                  0.03    0.00    5.12 v out[7] (out)
                                  5.12   data arrival time

                  0.00   10.00   10.00   clock __VIRTUAL_CLK__ (rise edge)
                          0.00   10.00   clock network delay (ideal)
                         -0.25    9.75   clock uncertainty
                          0.00    9.75   clock reconvergence pessimism
                         -2.00    7.75   output external delay
                                  7.75   data required time
-----------------------------------------------------------------------------
                                  7.75   data required time
                                 -5.12   data arrival time
-----------------------------------------------------------------------------
                                  2.63   slack (MET)


Startpoint: B[1] (input port clocked by __VIRTUAL_CLK__)
Endpoint: out[6] (output port clocked by __VIRTUAL_CLK__)
Path Group: __VIRTUAL_CLK__
Path Type: max
Corner: Fastest

Fanout     Cap    Slew   Delay    Time   Description
-----------------------------------------------------------------------------
                  0.00    0.00    0.00   clock __VIRTUAL_CLK__ (rise edge)
                          0.00    0.00   clock network delay (ideal)
                          2.00    2.00 ^ input external delay
     1    0.01    0.04    0.02    2.02 ^ B[1] (in)
                                         B[1] (net)
                  0.04    0.00    2.02 ^ input10/A (sky130_fd_sc_hd__buf_8)
     5    0.11    0.13    0.13    2.15 ^ input10/X (sky130_fd_sc_hd__buf_8)
                                         net10 (net)
                  0.14    0.03    2.18 ^ _266_/A (sky130_fd_sc_hd__buf_12)
     5    0.11    0.10    0.13    2.32 ^ _266_/X (sky130_fd_sc_hd__buf_12)
                                         _196_ (net)
                  0.10    0.01    2.33 ^ _324_/A1 (sky130_fd_sc_hd__a22oi_4)
     2    0.03    0.07    0.08    2.41 v _324_/Y (sky130_fd_sc_hd__a22oi_4)
                                         _004_ (net)
                  0.07    0.00    2.41 v rebuffer7/A (sky130_fd_sc_hd__buf_6)
     2    0.01    0.02    0.10    2.51 v rebuffer7/X (sky130_fd_sc_hd__buf_6)
                                         net39 (net)
                  0.02    0.00    2.51 v rebuffer8/A (sky130_fd_sc_hd__dlymetal6s2s_1)
     1    0.02    0.09    0.14    2.66 v rebuffer8/X (sky130_fd_sc_hd__dlymetal6s2s_1)
                                         net40 (net)
                  0.09    0.00    2.66 v _326_/A1 (sky130_fd_sc_hd__o21ai_4)
     3    0.04    0.24    0.25    2.90 ^ _326_/Y (sky130_fd_sc_hd__o21ai_4)
                                         _006_ (net)
                  0.24    0.01    2.91 ^ _329_/A (sky130_fd_sc_hd__and3_1)
     2    0.02    0.14    0.20    3.11 ^ _329_/X (sky130_fd_sc_hd__and3_1)
                                         _009_ (net)
                  0.14    0.00    3.11 ^ _331_/A_N (sky130_fd_sc_hd__and2b_2)
     1    0.02    0.06    0.18    3.29 v _331_/X (sky130_fd_sc_hd__and2b_2)
                                         _011_ (net)
                  0.06    0.00    3.29 v _332_/B (sky130_fd_sc_hd__xnor2_4)
     2    0.05    0.31    0.27    3.57 ^ _332_/Y (sky130_fd_sc_hd__xnor2_4)
                                         _012_ (net)
                  0.31    0.01    3.57 ^ _333_/A (sky130_fd_sc_hd__nand2_4)
     3    0.06    0.14    0.13    3.70 v _333_/Y (sky130_fd_sc_hd__nand2_4)
                                         _013_ (net)
                  0.14    0.01    3.72 v _359_/A_N (sky130_fd_sc_hd__nand3b_4)
     4    0.08    0.18    0.25    3.97 v _359_/Y (sky130_fd_sc_hd__nand3b_4)
                                         _038_ (net)
                  0.18    0.00    3.97 v _438_/A2 (sky130_fd_sc_hd__a2111oi_4)
     2    0.02    0.27    0.36    4.33 ^ _438_/Y (sky130_fd_sc_hd__a2111oi_4)
                                         _115_ (net)
                  0.27    0.00    4.33 ^ wire29/A (sky130_fd_sc_hd__buf_2)
     2    0.03    0.10    0.16    4.50 ^ wire29/X (sky130_fd_sc_hd__buf_2)
                                         net29 (net)
                  0.10    0.00    4.50 ^ wire28/A (sky130_fd_sc_hd__clkbuf_2)
     1    0.03    0.12    0.15    4.65 ^ wire28/X (sky130_fd_sc_hd__clkbuf_2)
                                         net28 (net)
                  0.12    0.00    4.66 ^ _441_/A (sky130_fd_sc_hd__or2_4)
     1    0.04    0.10    0.15    4.81 ^ _441_/X (sky130_fd_sc_hd__or2_4)
                                         _118_ (net)
                  0.10    0.01    4.81 ^ _453_/B2 (sky130_fd_sc_hd__a22oi_4)
     1    0.04    0.12    0.08    4.89 v _453_/Y (sky130_fd_sc_hd__a22oi_4)
                                         net26 (net)
                  0.12    0.01    4.90 v output26/A (sky130_fd_sc_hd__buf_6)
     1    0.03    0.03    0.14    5.04 v output26/X (sky130_fd_sc_hd__buf_6)
                                         out[6] (net)
                  0.03    0.00    5.04 v out[6] (out)
                                  5.04   data arrival time

                  0.00   10.00   10.00   clock __VIRTUAL_CLK__ (rise edge)
                          0.00   10.00   clock network delay (ideal)
                         -0.25    9.75   clock uncertainty
                          0.00    9.75   clock reconvergence pessimism
                         -2.00    7.75   output external delay
                                  7.75   data required time
-----------------------------------------------------------------------------
                                  7.75   data required time
                                 -5.04   data arrival time
-----------------------------------------------------------------------------
                                  2.71   slack (MET)


Startpoint: B[1] (input port clocked by __VIRTUAL_CLK__)
Endpoint: out[5] (output port clocked by __VIRTUAL_CLK__)
Path Group: __VIRTUAL_CLK__
Path Type: max
Corner: Fastest

Fanout     Cap    Slew   Delay    Time   Description
-----------------------------------------------------------------------------
                  0.00    0.00    0.00   clock __VIRTUAL_CLK__ (rise edge)
                          0.00    0.00   clock network delay (ideal)
                          2.00    2.00 ^ input external delay
     1    0.01    0.04    0.02    2.02 ^ B[1] (in)
                                         B[1] (net)
                  0.04    0.00    2.02 ^ input10/A (sky130_fd_sc_hd__buf_8)
     5    0.11    0.13    0.13    2.15 ^ input10/X (sky130_fd_sc_hd__buf_8)
                                         net10 (net)
                  0.14    0.03    2.18 ^ _266_/A (sky130_fd_sc_hd__buf_12)
     5    0.11    0.10    0.13    2.32 ^ _266_/X (sky130_fd_sc_hd__buf_12)
                                         _196_ (net)
                  0.10    0.01    2.33 ^ _324_/A1 (sky130_fd_sc_hd__a22oi_4)
     2    0.03    0.07    0.08    2.41 v _324_/Y (sky130_fd_sc_hd__a22oi_4)
                                         _004_ (net)
                  0.07    0.00    2.41 v rebuffer7/A (sky130_fd_sc_hd__buf_6)
     2    0.01    0.02    0.10    2.51 v rebuffer7/X (sky130_fd_sc_hd__buf_6)
                                         net39 (net)
                  0.02    0.00    2.51 v rebuffer8/A (sky130_fd_sc_hd__dlymetal6s2s_1)
     1    0.02    0.09    0.14    2.66 v rebuffer8/X (sky130_fd_sc_hd__dlymetal6s2s_1)
                                         net40 (net)
                  0.09    0.00    2.66 v _326_/A1 (sky130_fd_sc_hd__o21ai_4)
     3    0.04    0.24    0.25    2.90 ^ _326_/Y (sky130_fd_sc_hd__o21ai_4)
                                         _006_ (net)
                  0.24    0.01    2.91 ^ _329_/A (sky130_fd_sc_hd__and3_1)
     2    0.02    0.14    0.20    3.11 ^ _329_/X (sky130_fd_sc_hd__and3_1)
                                         _009_ (net)
                  0.14    0.00    3.11 ^ _331_/A_N (sky130_fd_sc_hd__and2b_2)
     1    0.02    0.06    0.18    3.29 v _331_/X (sky130_fd_sc_hd__and2b_2)
                                         _011_ (net)
                  0.06    0.00    3.29 v _332_/B (sky130_fd_sc_hd__xnor2_4)
     2    0.05    0.31    0.27    3.57 ^ _332_/Y (sky130_fd_sc_hd__xnor2_4)
                                         _012_ (net)
                  0.31    0.01    3.57 ^ _333_/A (sky130_fd_sc_hd__nand2_4)
     3    0.06    0.14    0.13    3.70 v _333_/Y (sky130_fd_sc_hd__nand2_4)
                                         _013_ (net)
                  0.14    0.01    3.72 v _359_/A_N (sky130_fd_sc_hd__nand3b_4)
     4    0.08    0.18    0.25    3.97 v _359_/Y (sky130_fd_sc_hd__nand3b_4)
                                         _038_ (net)
                  0.18    0.01    3.98 v _403_/A2 (sky130_fd_sc_hd__a21o_4)
     2    0.07    0.08    0.26    4.24 v _403_/X (sky130_fd_sc_hd__a21o_4)
                                         _081_ (net)
                  0.08    0.01    4.25 v _408_/A2 (sky130_fd_sc_hd__a31o_1)
     1    0.01    0.06    0.19    4.44 v _408_/X (sky130_fd_sc_hd__a31o_1)
                                         _086_ (net)
                  0.06    0.00    4.44 v _409_/B1 (sky130_fd_sc_hd__a21oi_1)
     1    0.01    0.22    0.14    4.58 ^ _409_/Y (sky130_fd_sc_hd__a21oi_1)
                                         _087_ (net)
                  0.22    0.00    4.58 ^ _410_/B1 (sky130_fd_sc_hd__a21oi_2)
     1    0.02    0.08    0.07    4.65 v _410_/Y (sky130_fd_sc_hd__a21oi_2)
                                         net25 (net)
                  0.08    0.00    4.65 v output25/A (sky130_fd_sc_hd__buf_2)
     1    0.03    0.06    0.14    4.80 v output25/X (sky130_fd_sc_hd__buf_2)
                                         out[5] (net)
                  0.06    0.00    4.80 v out[5] (out)
                                  4.80   data arrival time

                  0.00   10.00   10.00   clock __VIRTUAL_CLK__ (rise edge)
                          0.00   10.00   clock network delay (ideal)
                         -0.25    9.75   clock uncertainty
                          0.00    9.75   clock reconvergence pessimism
                         -2.00    7.75   output external delay
                                  7.75   data required time
-----------------------------------------------------------------------------
                                  7.75   data required time
                                 -4.80   data arrival time
-----------------------------------------------------------------------------
                                  2.95   slack (MET)


Startpoint: B[1] (input port clocked by __VIRTUAL_CLK__)
Endpoint: out[4] (output port clocked by __VIRTUAL_CLK__)
Path Group: __VIRTUAL_CLK__
Path Type: max
Corner: Fastest

Fanout     Cap    Slew   Delay    Time   Description
-----------------------------------------------------------------------------
                  0.00    0.00    0.00   clock __VIRTUAL_CLK__ (rise edge)
                          0.00    0.00   clock network delay (ideal)
                          2.00    2.00 ^ input external delay
     1    0.01    0.04    0.02    2.02 ^ B[1] (in)
                                         B[1] (net)
                  0.04    0.00    2.02 ^ input10/A (sky130_fd_sc_hd__buf_8)
     5    0.11    0.13    0.13    2.15 ^ input10/X (sky130_fd_sc_hd__buf_8)
                                         net10 (net)
                  0.14    0.03    2.18 ^ _266_/A (sky130_fd_sc_hd__buf_12)
     5    0.11    0.10    0.13    2.32 ^ _266_/X (sky130_fd_sc_hd__buf_12)
                                         _196_ (net)
                  0.10    0.01    2.33 ^ _324_/A1 (sky130_fd_sc_hd__a22oi_4)
     2    0.03    0.07    0.08    2.41 v _324_/Y (sky130_fd_sc_hd__a22oi_4)
                                         _004_ (net)
                  0.07    0.00    2.41 v rebuffer7/A (sky130_fd_sc_hd__buf_6)
     2    0.01    0.02    0.10    2.51 v rebuffer7/X (sky130_fd_sc_hd__buf_6)
                                         net39 (net)
                  0.02    0.00    2.51 v rebuffer8/A (sky130_fd_sc_hd__dlymetal6s2s_1)
     1    0.02    0.09    0.14    2.66 v rebuffer8/X (sky130_fd_sc_hd__dlymetal6s2s_1)
                                         net40 (net)
                  0.09    0.00    2.66 v _326_/A1 (sky130_fd_sc_hd__o21ai_4)
     3    0.04    0.24    0.25    2.90 ^ _326_/Y (sky130_fd_sc_hd__o21ai_4)
                                         _006_ (net)
                  0.24    0.01    2.91 ^ _329_/A (sky130_fd_sc_hd__and3_1)
     2    0.02    0.14    0.20    3.11 ^ _329_/X (sky130_fd_sc_hd__and3_1)
                                         _009_ (net)
                  0.14    0.00    3.11 ^ _331_/A_N (sky130_fd_sc_hd__and2b_2)
     1    0.02    0.06    0.18    3.29 v _331_/X (sky130_fd_sc_hd__and2b_2)
                                         _011_ (net)
                  0.06    0.00    3.29 v _332_/B (sky130_fd_sc_hd__xnor2_4)
     2    0.05    0.31    0.27    3.57 ^ _332_/Y (sky130_fd_sc_hd__xnor2_4)
                                         _012_ (net)
                  0.31    0.01    3.57 ^ _333_/A (sky130_fd_sc_hd__nand2_4)
     3    0.06    0.14    0.13    3.70 v _333_/Y (sky130_fd_sc_hd__nand2_4)
                                         _013_ (net)
                  0.14    0.01    3.72 v _359_/A_N (sky130_fd_sc_hd__nand3b_4)
     4    0.08    0.18    0.25    3.97 v _359_/Y (sky130_fd_sc_hd__nand3b_4)
                                         _038_ (net)
                  0.18    0.01    3.98 v _360_/C (sky130_fd_sc_hd__and3_2)
     1    0.03    0.07    0.25    4.23 v _360_/X (sky130_fd_sc_hd__and3_2)
                                         _039_ (net)
                  0.07    0.00    4.24 v _373_/B1 (sky130_fd_sc_hd__o2bb2a_2)
     2    0.03    0.08    0.24    4.47 v _373_/X (sky130_fd_sc_hd__o2bb2a_2)
                                         net24 (net)
                  0.09    0.01    4.48 v output24/A (sky130_fd_sc_hd__buf_2)
     1    0.03    0.06    0.15    4.63 v output24/X (sky130_fd_sc_hd__buf_2)
                                         out[4] (net)
                  0.06    0.00    4.63 v out[4] (out)
                                  4.63   data arrival time

                  0.00   10.00   10.00   clock __VIRTUAL_CLK__ (rise edge)
                          0.00   10.00   clock network delay (ideal)
                         -0.25    9.75   clock uncertainty
                          0.00    9.75   clock reconvergence pessimism
                         -2.00    7.75   output external delay
                                  7.75   data required time
-----------------------------------------------------------------------------
                                  7.75   data required time
                                 -4.63   data arrival time
-----------------------------------------------------------------------------
                                  3.12   slack (MET)


Startpoint: B[1] (input port clocked by __VIRTUAL_CLK__)
Endpoint: out[3] (output port clocked by __VIRTUAL_CLK__)
Path Group: __VIRTUAL_CLK__
Path Type: max
Corner: Fastest

Fanout     Cap    Slew   Delay    Time   Description
-----------------------------------------------------------------------------
                  0.00    0.00    0.00   clock __VIRTUAL_CLK__ (rise edge)
                          0.00    0.00   clock network delay (ideal)
                          2.00    2.00 v input external delay
     1    0.01    0.01    0.01    2.01 v B[1] (in)
                                         B[1] (net)
                  0.01    0.00    2.01 v input10/A (sky130_fd_sc_hd__buf_8)
     5    0.10    0.06    0.10    2.11 v input10/X (sky130_fd_sc_hd__buf_8)
                                         net10 (net)
                  0.08    0.03    2.14 v _266_/A (sky130_fd_sc_hd__buf_12)
     5    0.11    0.05    0.13    2.27 v _266_/X (sky130_fd_sc_hd__buf_12)
                                         _196_ (net)
                  0.05    0.01    2.28 v _267_/A (sky130_fd_sc_hd__clkbuf_8)
    10    0.12    0.09    0.16    2.44 v _267_/X (sky130_fd_sc_hd__clkbuf_8)
                                         _197_ (net)
                  0.10    0.02    2.46 v _298_/A2 (sky130_fd_sc_hd__o21a_4)
     3    0.08    0.08    0.22    2.67 v _298_/X (sky130_fd_sc_hd__o21a_4)
                                         _227_ (net)
                  0.08    0.01    2.68 v _299_/B (sky130_fd_sc_hd__xnor2_4)
     2    0.06    0.37    0.33    3.01 ^ _299_/Y (sky130_fd_sc_hd__xnor2_4)
                                         _228_ (net)
                  0.37    0.01    3.02 ^ _300_/B (sky130_fd_sc_hd__xor2_4)
     3    0.08    0.43    0.35    3.37 ^ _300_/X (sky130_fd_sc_hd__xor2_4)
                                         _229_ (net)
                  0.43    0.02    3.38 ^ _312_/A1 (sky130_fd_sc_hd__a21o_4)
     5    0.09    0.20    0.21    3.60 ^ _312_/X (sky130_fd_sc_hd__a21o_4)
                                         _240_ (net)
                  0.20    0.01    3.61 ^ _318_/A (sky130_fd_sc_hd__and3_2)
     1    0.04    0.15    0.23    3.84 ^ _318_/X (sky130_fd_sc_hd__and3_2)
                                         _246_ (net)
                  0.15    0.01    3.84 ^ _320_/A_N (sky130_fd_sc_hd__and3b_2)
     1    0.05    0.10    0.22    4.06 v _320_/X (sky130_fd_sc_hd__and3b_2)
                                         _000_ (net)
                  0.10    0.01    4.07 v _339_/B1 (sky130_fd_sc_hd__o2bb2a_1)
     2    0.03    0.11    0.29    4.36 v _339_/X (sky130_fd_sc_hd__o2bb2a_1)
                                         net23 (net)
                  0.11    0.00    4.36 v output23/A (sky130_fd_sc_hd__buf_2)
     1    0.03    0.06    0.16    4.52 v output23/X (sky130_fd_sc_hd__buf_2)
                                         out[3] (net)
                  0.06    0.00    4.52 v out[3] (out)
                                  4.52   data arrival time

                  0.00   10.00   10.00   clock __VIRTUAL_CLK__ (rise edge)
                          0.00   10.00   clock network delay (ideal)
                         -0.25    9.75   clock uncertainty
                          0.00    9.75   clock reconvergence pessimism
                         -2.00    7.75   output external delay
                                  7.75   data required time
-----------------------------------------------------------------------------
                                  7.75   data required time
                                 -4.52   data arrival time
-----------------------------------------------------------------------------
                                  3.23   slack (MET)


Startpoint: B[1] (input port clocked by __VIRTUAL_CLK__)
Endpoint: out[2] (output port clocked by __VIRTUAL_CLK__)
Path Group: __VIRTUAL_CLK__
Path Type: max
Corner: Fastest

Fanout     Cap    Slew   Delay    Time   Description
-----------------------------------------------------------------------------
                  0.00    0.00    0.00   clock __VIRTUAL_CLK__ (rise edge)
                          0.00    0.00   clock network delay (ideal)
                          2.00    2.00 v input external delay
     1    0.01    0.01    0.01    2.01 v B[1] (in)
                                         B[1] (net)
                  0.01    0.00    2.01 v input10/A (sky130_fd_sc_hd__buf_8)
     5    0.10    0.06    0.10    2.11 v input10/X (sky130_fd_sc_hd__buf_8)
                                         net10 (net)
                  0.08    0.03    2.14 v _266_/A (sky130_fd_sc_hd__buf_12)
     5    0.11    0.05    0.13    2.27 v _266_/X (sky130_fd_sc_hd__buf_12)
                                         _196_ (net)
                  0.05    0.01    2.28 v _267_/A (sky130_fd_sc_hd__clkbuf_8)
    10    0.12    0.09    0.16    2.44 v _267_/X (sky130_fd_sc_hd__clkbuf_8)
                                         _197_ (net)
                  0.10    0.02    2.46 v _298_/A2 (sky130_fd_sc_hd__o21a_4)
     3    0.08    0.08    0.22    2.67 v _298_/X (sky130_fd_sc_hd__o21a_4)
                                         _227_ (net)
                  0.08    0.01    2.68 v _299_/B (sky130_fd_sc_hd__xnor2_4)
     2    0.06    0.37    0.33    3.01 ^ _299_/Y (sky130_fd_sc_hd__xnor2_4)
                                         _228_ (net)
                  0.37    0.01    3.02 ^ _300_/B (sky130_fd_sc_hd__xor2_4)
     3    0.08    0.43    0.35    3.37 ^ _300_/X (sky130_fd_sc_hd__xor2_4)
                                         _229_ (net)
                  0.43    0.00    3.37 ^ _302_/A (sky130_fd_sc_hd__nand2_2)
     1    0.05    0.19    0.17    3.54 v _302_/Y (sky130_fd_sc_hd__nand2_2)
                                         _231_ (net)
                  0.19    0.01    3.55 v _308_/A1 (sky130_fd_sc_hd__a211o_1)
     1    0.03    0.12    0.31    3.86 v _308_/X (sky130_fd_sc_hd__a211o_1)
                                         _237_ (net)
                  0.12    0.00    3.87 v _309_/B2 (sky130_fd_sc_hd__o2bb2a_2)
     2    0.06    0.12    0.29    4.15 v _309_/X (sky130_fd_sc_hd__o2bb2a_2)
                                         net22 (net)
                  0.12    0.00    4.16 v output22/A (sky130_fd_sc_hd__buf_2)
     1    0.03    0.06    0.16    4.32 v output22/X (sky130_fd_sc_hd__buf_2)
                                         out[2] (net)
                  0.06    0.00    4.32 v out[2] (out)
                                  4.32   data arrival time

                  0.00   10.00   10.00   clock __VIRTUAL_CLK__ (rise edge)
                          0.00   10.00   clock network delay (ideal)
                         -0.25    9.75   clock uncertainty
                          0.00    9.75   clock reconvergence pessimism
                         -2.00    7.75   output external delay
                                  7.75   data required time
-----------------------------------------------------------------------------
                                  7.75   data required time
                                 -4.32   data arrival time
-----------------------------------------------------------------------------
                                  3.43   slack (MET)


Startpoint: opcode[0] (input port clocked by __VIRTUAL_CLK__)
Endpoint: out[1] (output port clocked by __VIRTUAL_CLK__)
Path Group: __VIRTUAL_CLK__
Path Type: max
Corner: Fastest

Fanout     Cap    Slew   Delay    Time   Description
-----------------------------------------------------------------------------
                  0.00    0.00    0.00   clock __VIRTUAL_CLK__ (rise edge)
                          0.00    0.00   clock network delay (ideal)
                          2.00    2.00 v input external delay
     1    0.00    0.01    0.00    2.00 v opcode[0] (in)
                                         opcode[0] (net)
                  0.01    0.00    2.00 v input17/A (sky130_fd_sc_hd__clkbuf_8)
     6    0.11    0.09    0.14    2.14 v input17/X (sky130_fd_sc_hd__clkbuf_8)
                                         net17 (net)
                  0.09    0.01    2.15 v _275_/A_N (sky130_fd_sc_hd__nand3b_4)
     4    0.03    0.10    0.17    2.32 v _275_/Y (sky130_fd_sc_hd__nand3b_4)
                                         _205_ (net)
                  0.10    0.00    2.32 v max_cap32/A (sky130_fd_sc_hd__buf_6)
     5    0.09    0.06    0.15    2.47 v max_cap32/X (sky130_fd_sc_hd__buf_6)
                                         net32 (net)
                  0.06    0.01    2.48 v _276_/A2 (sky130_fd_sc_hd__a21oi_2)
     2    0.03    0.26    0.24    2.72 ^ _276_/Y (sky130_fd_sc_hd__a21oi_2)
                                         _206_ (net)
                  0.26    0.00    2.73 ^ _279_/B (sky130_fd_sc_hd__or3_4)
     2    0.04    0.09    0.17    2.90 ^ _279_/X (sky130_fd_sc_hd__or3_4)
                                         _209_ (net)
                  0.09    0.00    2.90 ^ _280_/B_N (sky130_fd_sc_hd__or2b_1)
     1    0.03    0.11    0.22    3.12 v _280_/X (sky130_fd_sc_hd__or2b_1)
                                         _210_ (net)
                  0.11    0.00    3.12 v _281_/B (sky130_fd_sc_hd__xnor2_1)
     1    0.01    0.07    0.13    3.25 v _281_/Y (sky130_fd_sc_hd__xnor2_1)
                                         _211_ (net)
                  0.07    0.00    3.25 v _286_/A2 (sky130_fd_sc_hd__a211o_2)
     1    0.05    0.10    0.31    3.56 v _286_/X (sky130_fd_sc_hd__a211o_2)
                                         _216_ (net)
                  0.10    0.01    3.57 v _287_/B2 (sky130_fd_sc_hd__o2bb2a_2)
     7    0.07    0.13    0.28    3.85 v _287_/X (sky130_fd_sc_hd__o2bb2a_2)
                                         net21 (net)
                  0.13    0.02    3.87 v output21/A (sky130_fd_sc_hd__buf_2)
     1    0.03    0.06    0.17    4.04 v output21/X (sky130_fd_sc_hd__buf_2)
                                         out[1] (net)
                  0.06    0.00    4.04 v out[1] (out)
                                  4.04   data arrival time

                  0.00   10.00   10.00   clock __VIRTUAL_CLK__ (rise edge)
                          0.00   10.00   clock network delay (ideal)
                         -0.25    9.75   clock uncertainty
                          0.00    9.75   clock reconvergence pessimism
                         -2.00    7.75   output external delay
                                  7.75   data required time
-----------------------------------------------------------------------------
                                  7.75   data required time
                                 -4.04   data arrival time
-----------------------------------------------------------------------------
                                  3.71   slack (MET)


Startpoint: opcode[0] (input port clocked by __VIRTUAL_CLK__)
Endpoint: out[0] (output port clocked by __VIRTUAL_CLK__)
Path Group: __VIRTUAL_CLK__
Path Type: max
Corner: Fastest

Fanout     Cap    Slew   Delay    Time   Description
-----------------------------------------------------------------------------
                  0.00    0.00    0.00   clock __VIRTUAL_CLK__ (rise edge)
                          0.00    0.00   clock network delay (ideal)
                          2.00    2.00 v input external delay
     1    0.00    0.01    0.00    2.00 v opcode[0] (in)
                                         opcode[0] (net)
                  0.01    0.00    2.00 v input17/A (sky130_fd_sc_hd__clkbuf_8)
     6    0.11    0.09    0.14    2.14 v input17/X (sky130_fd_sc_hd__clkbuf_8)
                                         net17 (net)
                  0.09    0.01    2.16 v _249_/A (sky130_fd_sc_hd__or2_4)
     5    0.12    0.13    0.28    2.44 v _249_/X (sky130_fd_sc_hd__or2_4)
                                         _180_ (net)
                  0.14    0.02    2.46 v _258_/B (sky130_fd_sc_hd__nor2_8)
     9    0.13    0.35    0.31    2.78 ^ _258_/Y (sky130_fd_sc_hd__nor2_8)
                                         _189_ (net)
                  0.35    0.00    2.78 ^ _260_/A1 (sky130_fd_sc_hd__o211a_4)
     2    0.08    0.20    0.26    3.04 ^ _260_/X (sky130_fd_sc_hd__o211a_4)
                                         _191_ (net)
                  0.20    0.01    3.05 ^ _261_/B1 (sky130_fd_sc_hd__a31o_2)
     1    0.06    0.28    0.26    3.30 ^ _261_/X (sky130_fd_sc_hd__a31o_2)
                                         _192_ (net)
                  0.28    0.00    3.31 ^ _262_/B2 (sky130_fd_sc_hd__a2bb2o_2)
     2    0.04    0.17    0.25    3.56 ^ _262_/X (sky130_fd_sc_hd__a2bb2o_2)
                                         net20 (net)
                  0.17    0.01    3.56 ^ output20/A (sky130_fd_sc_hd__buf_2)
     1    0.03    0.13    0.17    3.74 ^ output20/X (sky130_fd_sc_hd__buf_2)
                                         out[0] (net)
                  0.13    0.00    3.74 ^ out[0] (out)
                                  3.74   data arrival time

                  0.00   10.00   10.00   clock __VIRTUAL_CLK__ (rise edge)
                          0.00   10.00   clock network delay (ideal)
                         -0.25    9.75   clock uncertainty
                          0.00    9.75   clock reconvergence pessimism
                         -2.00    7.75   output external delay
                                  7.75   data required time
-----------------------------------------------------------------------------
                                  7.75   data required time
                                 -3.74   data arrival time
-----------------------------------------------------------------------------
                                  4.01   slack (MET)



worst slack corner Fastest: 2.6291
======================= Slowest Corner ===================================

Startpoint: A[5] (input port clocked by __VIRTUAL_CLK__)
Endpoint: out[7] (output port clocked by __VIRTUAL_CLK__)
Path Group: __VIRTUAL_CLK__
Path Type: max
Corner: Slowest

Fanout     Cap    Slew   Delay    Time   Description
-----------------------------------------------------------------------------
                  0.00    0.00    0.00   clock __VIRTUAL_CLK__ (rise edge)
                          0.00    0.00   clock network delay (ideal)
                          2.00    2.00 ^ input external delay
     1    0.00    0.03    0.02    2.02 ^ A[5] (in)
                                         A[5] (net)
                  0.03    0.00    2.02 ^ input6/A (sky130_fd_sc_hd__buf_4)
     3    0.10    0.42    0.47    2.48 ^ input6/X (sky130_fd_sc_hd__buf_4)
                                         net6 (net)
                  0.42    0.01    2.50 ^ _374_/A (sky130_fd_sc_hd__buf_12)
    10    0.17    0.30    0.51    3.00 ^ _374_/X (sky130_fd_sc_hd__buf_12)
                                         _052_ (net)
                  0.30    0.01    3.02 ^ _416_/C (sky130_fd_sc_hd__nand4_4)
     3    0.06    0.55    0.62    3.64 v _416_/Y (sky130_fd_sc_hd__nand4_4)
                                         _093_ (net)
                  0.55    0.00    3.64 v _474_/B1_N (sky130_fd_sc_hd__a21bo_2)
     1    0.04    0.37    0.87    4.51 ^ _474_/X (sky130_fd_sc_hd__a21bo_2)
                                         _150_ (net)
                  0.37    0.01    4.52 ^ _476_/B (sky130_fd_sc_hd__xor2_4)
     2    0.08    0.89    0.91    5.43 ^ _476_/X (sky130_fd_sc_hd__xor2_4)
                                         _152_ (net)
                  0.89    0.01    5.43 ^ _478_/A (sky130_fd_sc_hd__nand3_4)
     2    0.05    0.42    0.61    6.05 v _478_/Y (sky130_fd_sc_hd__nand3_4)
                                         _154_ (net)
                  0.42    0.01    6.05 v _486_/A2 (sky130_fd_sc_hd__a21o_4)
     2    0.06    0.17    0.69    6.75 v _486_/X (sky130_fd_sc_hd__a21o_4)
                                         _162_ (net)
                  0.17    0.00    6.75 v _489_/A1 (sky130_fd_sc_hd__a21o_2)
     2    0.03    0.18    0.55    7.29 v _489_/X (sky130_fd_sc_hd__a21o_2)
                                         _165_ (net)
                  0.18    0.00    7.30 v _492_/A1 (sky130_fd_sc_hd__a21oi_4)
     2    0.07    0.81    0.79    8.09 ^ _492_/Y (sky130_fd_sc_hd__a21oi_4)
                                         _168_ (net)
                  0.81    0.00    8.09 ^ _494_/B (sky130_fd_sc_hd__or3_4)
     2    0.04    0.20    0.64    8.73 ^ _494_/X (sky130_fd_sc_hd__or3_4)
                                         _170_ (net)
                  0.20    0.01    8.74 ^ rebuffer3/A (sky130_fd_sc_hd__clkbuf_2)
     1    0.04    0.33    0.45    9.19 ^ rebuffer3/X (sky130_fd_sc_hd__clkbuf_2)
                                         net35 (net)
                  0.33    0.00    9.20 ^ _497_/A1 (sky130_fd_sc_hd__a21oi_4)
     1    0.03    0.18    0.28    9.47 v _497_/Y (sky130_fd_sc_hd__a21oi_4)
                                         _173_ (net)
                  0.18    0.00    9.48 v _498_/A1 (sky130_fd_sc_hd__o21a_1)
     1    0.01    0.14    0.47    9.95 v _498_/X (sky130_fd_sc_hd__o21a_1)
                                         _174_ (net)
                  0.14    0.00    9.95 v _503_/A3 (sky130_fd_sc_hd__o32a_4)
     1    0.03    0.19    0.73   10.68 v _503_/X (sky130_fd_sc_hd__o32a_4)
                                         net27 (net)
                  0.19    0.00   10.68 v output27/A (sky130_fd_sc_hd__buf_8)
     1    0.03    0.07    0.31   11.00 v output27/X (sky130_fd_sc_hd__buf_8)
                                         out[7] (net)
                  0.07    0.00   11.00 v out[7] (out)
                                 11.00   data arrival time

                  0.00   10.00   10.00   clock __VIRTUAL_CLK__ (rise edge)
                          0.00   10.00   clock network delay (ideal)
                         -0.25    9.75   clock uncertainty
                          0.00    9.75   clock reconvergence pessimism
                         -2.00    7.75   output external delay
                                  7.75   data required time
-----------------------------------------------------------------------------
                                  7.75   data required time
                                -11.00   data arrival time
-----------------------------------------------------------------------------
                                 -3.25   slack (VIOLATED)


Startpoint: B[3] (input port clocked by __VIRTUAL_CLK__)
Endpoint: out[6] (output port clocked by __VIRTUAL_CLK__)
Path Group: __VIRTUAL_CLK__
Path Type: max
Corner: Slowest

Fanout     Cap    Slew   Delay    Time   Description
-----------------------------------------------------------------------------
                  0.00    0.00    0.00   clock __VIRTUAL_CLK__ (rise edge)
                          0.00    0.00   clock network delay (ideal)
                          2.00    2.00 ^ input external delay
     1    0.01    0.08    0.06    2.06 ^ B[3] (in)
                                         B[3] (net)
                  0.08    0.00    2.06 ^ input12/A (sky130_fd_sc_hd__buf_12)
     7    0.08    0.15    0.26    2.31 ^ input12/X (sky130_fd_sc_hd__buf_12)
                                         net12 (net)
                  0.15    0.00    2.32 ^ rebuffer28/A (sky130_fd_sc_hd__dlymetal6s4s_1)
     1    0.02    0.39    0.60    2.91 ^ rebuffer28/X (sky130_fd_sc_hd__dlymetal6s4s_1)
                                         net60 (net)
                  0.39    0.00    2.92 ^ _425_/B (sky130_fd_sc_hd__and3_4)
     1    0.07    0.35    0.78    3.69 ^ _425_/X (sky130_fd_sc_hd__and3_4)
                                         _102_ (net)
                  0.36    0.02    3.71 ^ _427_/A2 (sky130_fd_sc_hd__a21bo_4)
     1    0.08    0.38    0.60    4.31 ^ _427_/X (sky130_fd_sc_hd__a21bo_4)
                                         _104_ (net)
                  0.38    0.02    4.33 ^ _428_/B (sky130_fd_sc_hd__xor2_4)
     2    0.05    0.60    0.69    5.03 ^ _428_/X (sky130_fd_sc_hd__xor2_4)
                                         _105_ (net)
                  0.60    0.00    5.03 ^ _430_/A (sky130_fd_sc_hd__nand3_4)
     3    0.07    0.49    0.64    5.67 v _430_/Y (sky130_fd_sc_hd__nand3_4)
                                         _107_ (net)
                  0.49    0.01    5.68 v _433_/A2 (sky130_fd_sc_hd__a21o_4)
     3    0.09    0.24    0.77    6.45 v _433_/X (sky130_fd_sc_hd__a21o_4)
                                         _110_ (net)
                  0.24    0.01    6.46 v _435_/A2 (sky130_fd_sc_hd__a21oi_4)
     3    0.07    0.76    0.80    7.26 ^ _435_/Y (sky130_fd_sc_hd__a21oi_4)
                                         _112_ (net)
                  0.76    0.01    7.27 ^ _437_/A2 (sky130_fd_sc_hd__o211a_2)
     2    0.04    0.34    0.83    8.10 ^ _437_/X (sky130_fd_sc_hd__o211a_2)
                                         _114_ (net)
                  0.34    0.00    8.10 ^ _438_/D1 (sky130_fd_sc_hd__a2111oi_4)
     2    0.01    0.17    0.18    8.28 v _438_/Y (sky130_fd_sc_hd__a2111oi_4)
                                         _115_ (net)
                  0.17    0.00    8.28 v wire29/A (sky130_fd_sc_hd__buf_2)
     2    0.03    0.13    0.39    8.67 v wire29/X (sky130_fd_sc_hd__buf_2)
                                         net29 (net)
                  0.13    0.00    8.67 v wire28/A (sky130_fd_sc_hd__clkbuf_2)
     1    0.03    0.20    0.35    9.02 v wire28/X (sky130_fd_sc_hd__clkbuf_2)
                                         net28 (net)
                  0.20    0.00    9.02 v _441_/A (sky130_fd_sc_hd__or2_4)
     1    0.04    0.16    0.66    9.68 v _441_/X (sky130_fd_sc_hd__or2_4)
                                         _118_ (net)
                  0.16    0.01    9.69 v _453_/B2 (sky130_fd_sc_hd__a22oi_4)
     1    0.04    0.53    0.56   10.25 ^ _453_/Y (sky130_fd_sc_hd__a22oi_4)
                                         net26 (net)
                  0.53    0.01   10.26 ^ output26/A (sky130_fd_sc_hd__buf_6)
     1    0.03    0.13    0.42   10.68 ^ output26/X (sky130_fd_sc_hd__buf_6)
                                         out[6] (net)
                  0.13    0.00   10.68 ^ out[6] (out)
                                 10.68   data arrival time

                  0.00   10.00   10.00   clock __VIRTUAL_CLK__ (rise edge)
                          0.00   10.00   clock network delay (ideal)
                         -0.25    9.75   clock uncertainty
                          0.00    9.75   clock reconvergence pessimism
                         -2.00    7.75   output external delay
                                  7.75   data required time
-----------------------------------------------------------------------------
                                  7.75   data required time
                                -10.68   data arrival time
-----------------------------------------------------------------------------
                                 -2.93   slack (VIOLATED)


Startpoint: A[4] (input port clocked by __VIRTUAL_CLK__)
Endpoint: out[5] (output port clocked by __VIRTUAL_CLK__)
Path Group: __VIRTUAL_CLK__
Path Type: max
Corner: Slowest

Fanout     Cap    Slew   Delay    Time   Description
-----------------------------------------------------------------------------
                  0.00    0.00    0.00   clock __VIRTUAL_CLK__ (rise edge)
                          0.00    0.00   clock network delay (ideal)
                          2.00    2.00 ^ input external delay
     1    0.00    0.03    0.02    2.02 ^ A[4] (in)
                                         A[4] (net)
                  0.03    0.00    2.02 ^ input5/A (sky130_fd_sc_hd__buf_4)
     4    0.08    0.35    0.41    2.43 ^ input5/X (sky130_fd_sc_hd__buf_4)
                                         net5 (net)
                  0.35    0.00    2.44 ^ _340_/A (sky130_fd_sc_hd__buf_12)
    10    0.14    0.26    0.43    2.87 ^ _340_/X (sky130_fd_sc_hd__buf_12)
                                         _019_ (net)
                  0.26    0.02    2.89 ^ _382_/C (sky130_fd_sc_hd__nand4_4)
     2    0.04    0.38    0.47    3.35 v _382_/Y (sky130_fd_sc_hd__nand4_4)
                                         _060_ (net)
                  0.38    0.00    3.36 v rebuffer6/A (sky130_fd_sc_hd__buf_6)
     2    0.03    0.07    0.40    3.76 v rebuffer6/X (sky130_fd_sc_hd__buf_6)
                                         net38 (net)
                  0.07    0.00    3.76 v _386_/B (sky130_fd_sc_hd__nand3_4)
     2    0.03    0.20    0.21    3.97 ^ _386_/Y (sky130_fd_sc_hd__nand3_4)
                                         _064_ (net)
                  0.20    0.00    3.97 ^ _389_/A1 (sky130_fd_sc_hd__a21o_4)
     3    0.08    0.35    0.53    4.50 ^ _389_/X (sky130_fd_sc_hd__a21o_4)
                                         _067_ (net)
                  0.35    0.00    4.50 ^ _396_/C (sky130_fd_sc_hd__nand3_4)
     3    0.09    0.60    0.63    5.14 v _396_/Y (sky130_fd_sc_hd__nand3_4)
                                         _074_ (net)
                  0.61    0.02    5.16 v _398_/B (sky130_fd_sc_hd__and3_4)
     2    0.04    0.14    0.69    5.85 v _398_/X (sky130_fd_sc_hd__and3_4)
                                         _076_ (net)
                  0.14    0.01    5.86 v _401_/C (sky130_fd_sc_hd__or3_4)
     4    0.03    0.18    0.81    6.67 v _401_/X (sky130_fd_sc_hd__or3_4)
                                         _079_ (net)
                  0.18    0.00    6.67 v rebuffer2/A (sky130_fd_sc_hd__dlygate4sd1_1)
     1    0.02    0.23    0.71    7.38 v rebuffer2/X (sky130_fd_sc_hd__dlygate4sd1_1)
                                         net34 (net)
                  0.23    0.00    7.39 v _402_/B (sky130_fd_sc_hd__nand2_4)
     3    0.08    0.36    0.41    7.80 ^ _402_/Y (sky130_fd_sc_hd__nand2_4)
                                         _080_ (net)
                  0.36    0.01    7.81 ^ _404_/C (sky130_fd_sc_hd__nand3_2)
     2    0.04    0.54    0.61    8.42 v _404_/Y (sky130_fd_sc_hd__nand3_2)
                                         _082_ (net)
                  0.54    0.01    8.43 v _408_/A3 (sky130_fd_sc_hd__a31o_1)
     1    0.01    0.14    0.70    9.13 v _408_/X (sky130_fd_sc_hd__a31o_1)
                                         _086_ (net)
                  0.14    0.00    9.13 v _409_/B1 (sky130_fd_sc_hd__a21oi_1)
     1    0.01    0.48    0.47    9.60 ^ _409_/Y (sky130_fd_sc_hd__a21oi_1)
                                         _087_ (net)
                  0.48    0.00    9.60 ^ _410_/B1 (sky130_fd_sc_hd__a21oi_2)
     1    0.02    0.22    0.29    9.89 v _410_/Y (sky130_fd_sc_hd__a21oi_2)
                                         net25 (net)
                  0.22    0.00    9.89 v output25/A (sky130_fd_sc_hd__buf_2)
     1    0.03    0.17    0.44   10.33 v output25/X (sky130_fd_sc_hd__buf_2)
                                         out[5] (net)
                  0.17    0.00   10.33 v out[5] (out)
                                 10.33   data arrival time

                  0.00   10.00   10.00   clock __VIRTUAL_CLK__ (rise edge)
                          0.00   10.00   clock network delay (ideal)
                         -0.25    9.75   clock uncertainty
                          0.00    9.75   clock reconvergence pessimism
                         -2.00    7.75   output external delay
                                  7.75   data required time
-----------------------------------------------------------------------------
                                  7.75   data required time
                                -10.33   data arrival time
-----------------------------------------------------------------------------
                                 -2.58   slack (VIOLATED)


Startpoint: A[3] (input port clocked by __VIRTUAL_CLK__)
Endpoint: out[4] (output port clocked by __VIRTUAL_CLK__)
Path Group: __VIRTUAL_CLK__
Path Type: max
Corner: Slowest

Fanout     Cap    Slew   Delay    Time   Description
-----------------------------------------------------------------------------
                  0.00    0.00    0.00   clock __VIRTUAL_CLK__ (rise edge)
                          0.00    0.00   clock network delay (ideal)
                          2.00    2.00 ^ input external delay
     1    0.00    0.05    0.03    2.03 ^ A[3] (in)
                                         A[3] (net)
                  0.05    0.00    2.03 ^ input4/A (sky130_fd_sc_hd__clkbuf_8)
     8    0.13    0.35    0.45    2.48 ^ input4/X (sky130_fd_sc_hd__clkbuf_8)
                                         net4 (net)
                  0.35    0.02    2.49 ^ _310_/A (sky130_fd_sc_hd__buf_12)
     5    0.09    0.18    0.39    2.88 ^ _310_/X (sky130_fd_sc_hd__buf_12)
                                         _238_ (net)
                  0.18    0.00    2.88 ^ _324_/B1 (sky130_fd_sc_hd__a22oi_4)
     2    0.03    0.19    0.21    3.10 v _324_/Y (sky130_fd_sc_hd__a22oi_4)
                                         _004_ (net)
                  0.19    0.00    3.10 v rebuffer7/A (sky130_fd_sc_hd__buf_6)
     2    0.01    0.05    0.29    3.39 v rebuffer7/X (sky130_fd_sc_hd__buf_6)
                                         net39 (net)
                  0.05    0.00    3.39 v rebuffer8/A (sky130_fd_sc_hd__dlymetal6s2s_1)
     1    0.02    0.24    0.44    3.83 v rebuffer8/X (sky130_fd_sc_hd__dlymetal6s2s_1)
                                         net40 (net)
                  0.24    0.00    3.83 v _326_/A1 (sky130_fd_sc_hd__o21ai_4)
     3    0.04    0.52    0.61    4.44 ^ _326_/Y (sky130_fd_sc_hd__o21ai_4)
                                         _006_ (net)
                  0.52    0.01    4.44 ^ _329_/A (sky130_fd_sc_hd__and3_1)
     2    0.02    0.28    0.64    5.08 ^ _329_/X (sky130_fd_sc_hd__and3_1)
                                         _009_ (net)
                  0.28    0.00    5.08 ^ _331_/A_N (sky130_fd_sc_hd__and2b_2)
     1    0.02    0.15    0.65    5.74 v _331_/X (sky130_fd_sc_hd__and2b_2)
                                         _011_ (net)
                  0.15    0.00    5.74 v _332_/B (sky130_fd_sc_hd__xnor2_4)
     2    0.05    0.63    0.61    6.35 ^ _332_/Y (sky130_fd_sc_hd__xnor2_4)
                                         _012_ (net)
                  0.63    0.01    6.36 ^ _333_/A (sky130_fd_sc_hd__nand2_4)
     3    0.06    0.33    0.49    6.85 v _333_/Y (sky130_fd_sc_hd__nand2_4)
                                         _013_ (net)
                  0.33    0.01    6.86 v _359_/A_N (sky130_fd_sc_hd__nand3b_4)
     4    0.08    0.56    0.78    7.64 v _359_/Y (sky130_fd_sc_hd__nand3b_4)
                                         _038_ (net)
                  0.56    0.01    7.65 v _360_/C (sky130_fd_sc_hd__and3_2)
     1    0.03    0.18    0.86    8.51 v _360_/X (sky130_fd_sc_hd__and3_2)
                                         _039_ (net)
                  0.18    0.00    8.51 v _373_/B1 (sky130_fd_sc_hd__o2bb2a_2)
     2    0.04    0.22    0.77    9.29 v _373_/X (sky130_fd_sc_hd__o2bb2a_2)
                                         net24 (net)
                  0.22    0.01    9.29 v output24/A (sky130_fd_sc_hd__buf_2)
     1    0.03    0.17    0.44    9.73 v output24/X (sky130_fd_sc_hd__buf_2)
                                         out[4] (net)
                  0.17    0.00    9.73 v out[4] (out)
                                  9.73   data arrival time

                  0.00   10.00   10.00   clock __VIRTUAL_CLK__ (rise edge)
                          0.00   10.00   clock network delay (ideal)
                         -0.25    9.75   clock uncertainty
                          0.00    9.75   clock reconvergence pessimism
                         -2.00    7.75   output external delay
                                  7.75   data required time
-----------------------------------------------------------------------------
                                  7.75   data required time
                                 -9.73   data arrival time
-----------------------------------------------------------------------------
                                 -1.98   slack (VIOLATED)


Startpoint: opcode[0] (input port clocked by __VIRTUAL_CLK__)
Endpoint: out[3] (output port clocked by __VIRTUAL_CLK__)
Path Group: __VIRTUAL_CLK__
Path Type: max
Corner: Slowest

Fanout     Cap    Slew   Delay    Time   Description
-----------------------------------------------------------------------------
                  0.00    0.00    0.00   clock __VIRTUAL_CLK__ (rise edge)
                          0.00    0.00   clock network delay (ideal)
                          2.00    2.00 v input external delay
     1    0.00    0.03    0.02    2.02 v opcode[0] (in)
                                         opcode[0] (net)
                  0.03    0.00    2.02 v input17/A (sky130_fd_sc_hd__clkbuf_8)
     6    0.11    0.21    0.37    2.39 v input17/X (sky130_fd_sc_hd__clkbuf_8)
                                         net17 (net)
                  0.22    0.01    2.40 v _275_/A_N (sky130_fd_sc_hd__nand3b_4)
     4    0.03    0.27    0.50    2.90 v _275_/Y (sky130_fd_sc_hd__nand3b_4)
                                         _205_ (net)
                  0.27    0.00    2.90 v rebuffer18/A (sky130_fd_sc_hd__dlymetal6s2s_1)
     2    0.02    0.18    0.50    3.40 v rebuffer18/X (sky130_fd_sc_hd__dlymetal6s2s_1)
                                         net50 (net)
                  0.18    0.00    3.40 v _298_/B1 (sky130_fd_sc_hd__o21a_4)
     3    0.08    0.22    0.43    3.83 v _298_/X (sky130_fd_sc_hd__o21a_4)
                                         _227_ (net)
                  0.22    0.01    3.84 v _299_/B (sky130_fd_sc_hd__xnor2_4)
     2    0.06    0.76    0.74    4.58 ^ _299_/Y (sky130_fd_sc_hd__xnor2_4)
                                         _228_ (net)
                  0.76    0.01    4.59 ^ _300_/B (sky130_fd_sc_hd__xor2_4)
     3    0.08    0.89    0.99    5.58 ^ _300_/X (sky130_fd_sc_hd__xor2_4)
                                         _229_ (net)
                  0.89    0.02    5.60 ^ _312_/A1 (sky130_fd_sc_hd__a21o_4)
     5    0.09    0.41    0.80    6.40 ^ _312_/X (sky130_fd_sc_hd__a21o_4)
                                         _240_ (net)
                  0.41    0.01    6.41 ^ _318_/A (sky130_fd_sc_hd__and3_2)
     1    0.04    0.33    0.73    7.13 ^ _318_/X (sky130_fd_sc_hd__and3_2)
                                         _246_ (net)
                  0.33    0.01    7.14 ^ _320_/A_N (sky130_fd_sc_hd__and3b_2)
     1    0.05    0.26    0.75    7.89 v _320_/X (sky130_fd_sc_hd__and3b_2)
                                         _000_ (net)
                  0.26    0.01    7.90 v _339_/B1 (sky130_fd_sc_hd__o2bb2a_1)
     2    0.03    0.31    0.98    8.88 v _339_/X (sky130_fd_sc_hd__o2bb2a_1)
                                         net23 (net)
                  0.31    0.00    8.88 v output23/A (sky130_fd_sc_hd__buf_2)
     1    0.03    0.17    0.48    9.36 v output23/X (sky130_fd_sc_hd__buf_2)
                                         out[3] (net)
                  0.17    0.00    9.36 v out[3] (out)
                                  9.36   data arrival time

                  0.00   10.00   10.00   clock __VIRTUAL_CLK__ (rise edge)
                          0.00   10.00   clock network delay (ideal)
                         -0.25    9.75   clock uncertainty
                          0.00    9.75   clock reconvergence pessimism
                         -2.00    7.75   output external delay
                                  7.75   data required time
-----------------------------------------------------------------------------
                                  7.75   data required time
                                 -9.36   data arrival time
-----------------------------------------------------------------------------
                                 -1.61   slack (VIOLATED)


Startpoint: opcode[0] (input port clocked by __VIRTUAL_CLK__)
Endpoint: out[2] (output port clocked by __VIRTUAL_CLK__)
Path Group: __VIRTUAL_CLK__
Path Type: max
Corner: Slowest

Fanout     Cap    Slew   Delay    Time   Description
-----------------------------------------------------------------------------
                  0.00    0.00    0.00   clock __VIRTUAL_CLK__ (rise edge)
                          0.00    0.00   clock network delay (ideal)
                          2.00    2.00 v input external delay
     1    0.00    0.03    0.02    2.02 v opcode[0] (in)
                                         opcode[0] (net)
                  0.03    0.00    2.02 v input17/A (sky130_fd_sc_hd__clkbuf_8)
     6    0.11    0.21    0.37    2.39 v input17/X (sky130_fd_sc_hd__clkbuf_8)
                                         net17 (net)
                  0.22    0.01    2.40 v _275_/A_N (sky130_fd_sc_hd__nand3b_4)
     4    0.03    0.27    0.50    2.90 v _275_/Y (sky130_fd_sc_hd__nand3b_4)
                                         _205_ (net)
                  0.27    0.00    2.90 v rebuffer18/A (sky130_fd_sc_hd__dlymetal6s2s_1)
     2    0.02    0.18    0.50    3.40 v rebuffer18/X (sky130_fd_sc_hd__dlymetal6s2s_1)
                                         net50 (net)
                  0.18    0.00    3.40 v _298_/B1 (sky130_fd_sc_hd__o21a_4)
     3    0.08    0.22    0.43    3.83 v _298_/X (sky130_fd_sc_hd__o21a_4)
                                         _227_ (net)
                  0.22    0.01    3.84 v _299_/B (sky130_fd_sc_hd__xnor2_4)
     2    0.06    0.76    0.74    4.58 ^ _299_/Y (sky130_fd_sc_hd__xnor2_4)
                                         _228_ (net)
                  0.76    0.01    4.59 ^ _300_/B (sky130_fd_sc_hd__xor2_4)
     3    0.08    0.89    0.99    5.58 ^ _300_/X (sky130_fd_sc_hd__xor2_4)
                                         _229_ (net)
                  0.89    0.00    5.58 ^ _302_/A (sky130_fd_sc_hd__nand2_2)
     1    0.05    0.49    0.70    6.28 v _302_/Y (sky130_fd_sc_hd__nand2_2)
                                         _231_ (net)
                  0.49    0.01    6.29 v _308_/A1 (sky130_fd_sc_hd__a211o_1)
     1    0.03    0.32    0.93    7.22 v _308_/X (sky130_fd_sc_hd__a211o_1)
                                         _237_ (net)
                  0.32    0.00    7.23 v _309_/B2 (sky130_fd_sc_hd__o2bb2a_2)
     2    0.06    0.31    0.92    8.15 v _309_/X (sky130_fd_sc_hd__o2bb2a_2)
                                         net22 (net)
                  0.31    0.00    8.15 v output22/A (sky130_fd_sc_hd__buf_2)
     1    0.03    0.17    0.48    8.63 v output22/X (sky130_fd_sc_hd__buf_2)
                                         out[2] (net)
                  0.17    0.00    8.63 v out[2] (out)
                                  8.63   data arrival time

                  0.00   10.00   10.00   clock __VIRTUAL_CLK__ (rise edge)
                          0.00   10.00   clock network delay (ideal)
                         -0.25    9.75   clock uncertainty
                          0.00    9.75   clock reconvergence pessimism
                         -2.00    7.75   output external delay
                                  7.75   data required time
-----------------------------------------------------------------------------
                                  7.75   data required time
                                 -8.63   data arrival time
-----------------------------------------------------------------------------
                                 -0.88   slack (VIOLATED)


Startpoint: A[1] (input port clocked by __VIRTUAL_CLK__)
Endpoint: out[1] (output port clocked by __VIRTUAL_CLK__)
Path Group: __VIRTUAL_CLK__
Path Type: max
Corner: Slowest

Fanout     Cap    Slew   Delay    Time   Description
-----------------------------------------------------------------------------
                  0.00    0.00    0.00   clock __VIRTUAL_CLK__ (rise edge)
                          0.00    0.00   clock network delay (ideal)
                          2.00    2.00 ^ input external delay
     1    0.01    0.08    0.06    2.06 ^ A[1] (in)
                                         A[1] (net)
                  0.08    0.00    2.06 ^ input2/A (sky130_fd_sc_hd__buf_12)
     7    0.05    0.12    0.23    2.29 ^ input2/X (sky130_fd_sc_hd__buf_12)
                                         net2 (net)
                  0.12    0.00    2.29 ^ rebuffer12/A (sky130_fd_sc_hd__dlymetal6s2s_1)
     3    0.06    0.92    0.82    3.12 ^ rebuffer12/X (sky130_fd_sc_hd__dlymetal6s2s_1)
                                         net44 (net)
                  0.92    0.01    3.13 ^ _263_/A (sky130_fd_sc_hd__buf_8)
    10    0.12    0.32    0.64    3.77 ^ _263_/X (sky130_fd_sc_hd__buf_8)
                                         _193_ (net)
                  0.32    0.01    3.78 ^ _282_/C (sky130_fd_sc_hd__and4_2)
     3    0.04    0.39    0.86    4.65 ^ _282_/X (sky130_fd_sc_hd__and4_2)
                                         _212_ (net)
                  0.39    0.00    4.65 ^ _284_/A_N (sky130_fd_sc_hd__and3b_1)
     1    0.02    0.19    0.61    5.26 v _284_/X (sky130_fd_sc_hd__and3b_1)
                                         _214_ (net)
                  0.19    0.00    5.26 v _285_/B1 (sky130_fd_sc_hd__a31o_2)
     1    0.03    0.19    0.61    5.87 v _285_/X (sky130_fd_sc_hd__a31o_2)
                                         _215_ (net)
                  0.19    0.00    5.88 v _286_/B1 (sky130_fd_sc_hd__a211o_2)
     1    0.05    0.27    0.88    6.75 v _286_/X (sky130_fd_sc_hd__a211o_2)
                                         _216_ (net)
                  0.27    0.01    6.76 v _287_/B2 (sky130_fd_sc_hd__o2bb2a_2)
     7    0.07    0.34    0.91    7.68 v _287_/X (sky130_fd_sc_hd__o2bb2a_2)
                                         net21 (net)
                  0.34    0.02    7.69 v output21/A (sky130_fd_sc_hd__buf_2)
     1    0.03    0.17    0.50    8.19 v output21/X (sky130_fd_sc_hd__buf_2)
                                         out[1] (net)
                  0.17    0.00    8.19 v out[1] (out)
                                  8.19   data arrival time

                  0.00   10.00   10.00   clock __VIRTUAL_CLK__ (rise edge)
                          0.00   10.00   clock network delay (ideal)
                         -0.25    9.75   clock uncertainty
                          0.00    9.75   clock reconvergence pessimism
                         -2.00    7.75   output external delay
                                  7.75   data required time
-----------------------------------------------------------------------------
                                  7.75   data required time
                                 -8.19   data arrival time
-----------------------------------------------------------------------------
                                 -0.44   slack (VIOLATED)


Startpoint: opcode[0] (input port clocked by __VIRTUAL_CLK__)
Endpoint: out[0] (output port clocked by __VIRTUAL_CLK__)
Path Group: __VIRTUAL_CLK__
Path Type: max
Corner: Slowest

Fanout     Cap    Slew   Delay    Time   Description
-----------------------------------------------------------------------------
                  0.00    0.00    0.00   clock __VIRTUAL_CLK__ (rise edge)
                          0.00    0.00   clock network delay (ideal)
                          2.00    2.00 v input external delay
     1    0.00    0.03    0.02    2.02 v opcode[0] (in)
                                         opcode[0] (net)
                  0.03    0.00    2.02 v input17/A (sky130_fd_sc_hd__clkbuf_8)
     6    0.11    0.21    0.37    2.39 v input17/X (sky130_fd_sc_hd__clkbuf_8)
                                         net17 (net)
                  0.22    0.01    2.40 v _249_/A (sky130_fd_sc_hd__or2_4)
     5    0.12    0.32    0.83    3.24 v _249_/X (sky130_fd_sc_hd__or2_4)
                                         _180_ (net)
                  0.32    0.02    3.26 v _258_/B (sky130_fd_sc_hd__nor2_8)
     9    0.13    0.73    0.73    3.99 ^ _258_/Y (sky130_fd_sc_hd__nor2_8)
                                         _189_ (net)
                  0.73    0.00    3.99 ^ _260_/A1 (sky130_fd_sc_hd__o211a_4)
     2    0.08    0.42    0.88    4.87 ^ _260_/X (sky130_fd_sc_hd__o211a_4)
                                         _191_ (net)
                  0.42    0.01    4.88 ^ _261_/B1 (sky130_fd_sc_hd__a31o_2)
     1    0.06    0.57    0.72    5.60 ^ _261_/X (sky130_fd_sc_hd__a31o_2)
                                         _192_ (net)
                  0.57    0.00    5.60 ^ _262_/B2 (sky130_fd_sc_hd__a2bb2o_2)
     2    0.04    0.36    0.77    6.37 ^ _262_/X (sky130_fd_sc_hd__a2bb2o_2)
                                         net20 (net)
                  0.36    0.01    6.37 ^ output20/A (sky130_fd_sc_hd__buf_2)
     1    0.03    0.27    0.49    6.87 ^ output20/X (sky130_fd_sc_hd__buf_2)
                                         out[0] (net)
                  0.27    0.00    6.87 ^ out[0] (out)
                                  6.87   data arrival time

                  0.00   10.00   10.00   clock __VIRTUAL_CLK__ (rise edge)
                          0.00   10.00   clock network delay (ideal)
                         -0.25    9.75   clock uncertainty
                          0.00    9.75   clock reconvergence pessimism
                         -2.00    7.75   output external delay
                                  7.75   data required time
-----------------------------------------------------------------------------
                                  7.75   data required time
                                 -6.87   data arrival time
-----------------------------------------------------------------------------
                                  0.88   slack (MET)



worst slack corner Slowest: -3.2461
======================= Typical Corner ===================================

Startpoint: A[5] (input port clocked by __VIRTUAL_CLK__)
Endpoint: out[7] (output port clocked by __VIRTUAL_CLK__)
Path Group: __VIRTUAL_CLK__
Path Type: max
Corner: Typical

Fanout     Cap    Slew   Delay    Time   Description
-----------------------------------------------------------------------------
                  0.00    0.00    0.00   clock __VIRTUAL_CLK__ (rise edge)
                          0.00    0.00   clock network delay (ideal)
                          2.00    2.00 ^ input external delay
     1    0.00    0.02    0.01    2.01 ^ A[5] (in)
                                         A[5] (net)
                  0.02    0.00    2.01 ^ input6/A (sky130_fd_sc_hd__buf_4)
     3    0.10    0.27    0.27    2.28 ^ input6/X (sky130_fd_sc_hd__buf_4)
                                         net6 (net)
                  0.27    0.01    2.29 ^ _374_/A (sky130_fd_sc_hd__buf_12)
    10    0.17    0.20    0.27    2.56 ^ _374_/X (sky130_fd_sc_hd__buf_12)
                                         _052_ (net)
                  0.20    0.01    2.58 ^ _416_/C (sky130_fd_sc_hd__nand4_4)
     3    0.06    0.26    0.28    2.86 v _416_/Y (sky130_fd_sc_hd__nand4_4)
                                         _093_ (net)
                  0.26    0.00    2.86 v _474_/B1_N (sky130_fd_sc_hd__a21bo_2)
     1    0.04    0.23    0.44    3.30 ^ _474_/X (sky130_fd_sc_hd__a21bo_2)
                                         _150_ (net)
                  0.23    0.01    3.31 ^ _476_/B (sky130_fd_sc_hd__xor2_4)
     2    0.08    0.57    0.53    3.84 ^ _476_/X (sky130_fd_sc_hd__xor2_4)
                                         _152_ (net)
                  0.57    0.01    3.85 ^ _478_/A (sky130_fd_sc_hd__nand3_4)
     2    0.05    0.25    0.29    4.14 v _478_/Y (sky130_fd_sc_hd__nand3_4)
                                         _154_ (net)
                  0.25    0.01    4.14 v _486_/A2 (sky130_fd_sc_hd__a21o_4)
     2    0.06    0.10    0.38    4.53 v _486_/X (sky130_fd_sc_hd__a21o_4)
                                         _162_ (net)
                  0.10    0.00    4.53 v _489_/A1 (sky130_fd_sc_hd__a21o_2)
     2    0.03    0.10    0.29    4.82 v _489_/X (sky130_fd_sc_hd__a21o_2)
                                         _165_ (net)
                  0.10    0.00    4.82 v _492_/A1 (sky130_fd_sc_hd__a21oi_4)
     2    0.07    0.52    0.48    5.30 ^ _492_/Y (sky130_fd_sc_hd__a21oi_4)
                                         _168_ (net)
                  0.52    0.00    5.31 ^ _494_/B (sky130_fd_sc_hd__or3_4)
     2    0.04    0.12    0.31    5.61 ^ _494_/X (sky130_fd_sc_hd__or3_4)
                                         _170_ (net)
                  0.12    0.01    5.62 ^ rebuffer3/A (sky130_fd_sc_hd__clkbuf_2)
     1    0.04    0.21    0.26    5.88 ^ rebuffer3/X (sky130_fd_sc_hd__clkbuf_2)
                                         net35 (net)
                  0.21    0.00    5.88 ^ _497_/A1 (sky130_fd_sc_hd__a21oi_4)
     1    0.03    0.10    0.13    6.02 v _497_/Y (sky130_fd_sc_hd__a21oi_4)
                                         _173_ (net)
                  0.10    0.00    6.02 v _498_/A1 (sky130_fd_sc_hd__o21a_1)
     1    0.01    0.07    0.25    6.27 v _498_/X (sky130_fd_sc_hd__o21a_1)
                                         _174_ (net)
                  0.07    0.00    6.27 v _503_/A3 (sky130_fd_sc_hd__o32a_4)
     1    0.03    0.09    0.39    6.66 v _503_/X (sky130_fd_sc_hd__o32a_4)
                                         net27 (net)
                  0.09    0.00    6.67 v output27/A (sky130_fd_sc_hd__buf_8)
     1    0.03    0.04    0.16    6.83 v output27/X (sky130_fd_sc_hd__buf_8)
                                         out[7] (net)
                  0.04    0.00    6.83 v out[7] (out)
                                  6.83   data arrival time

                  0.00   10.00   10.00   clock __VIRTUAL_CLK__ (rise edge)
                          0.00   10.00   clock network delay (ideal)
                         -0.25    9.75   clock uncertainty
                          0.00    9.75   clock reconvergence pessimism
                         -2.00    7.75   output external delay
                                  7.75   data required time
-----------------------------------------------------------------------------
                                  7.75   data required time
                                 -6.83   data arrival time
-----------------------------------------------------------------------------
                                  0.92   slack (MET)


Startpoint: B[3] (input port clocked by __VIRTUAL_CLK__)
Endpoint: out[6] (output port clocked by __VIRTUAL_CLK__)
Path Group: __VIRTUAL_CLK__
Path Type: max
Corner: Typical

Fanout     Cap    Slew   Delay    Time   Description
-----------------------------------------------------------------------------
                  0.00    0.00    0.00   clock __VIRTUAL_CLK__ (rise edge)
                          0.00    0.00   clock network delay (ideal)
                          2.00    2.00 ^ input external delay
     1    0.01    0.05    0.04    2.04 ^ B[3] (in)
                                         B[3] (net)
                  0.05    0.00    2.04 ^ input12/A (sky130_fd_sc_hd__buf_12)
     7    0.08    0.10    0.15    2.18 ^ input12/X (sky130_fd_sc_hd__buf_12)
                                         net12 (net)
                  0.10    0.00    2.19 ^ rebuffer28/A (sky130_fd_sc_hd__dlymetal6s4s_1)
     1    0.02    0.25    0.35    2.53 ^ rebuffer28/X (sky130_fd_sc_hd__dlymetal6s4s_1)
                                         net60 (net)
                  0.25    0.00    2.53 ^ _425_/B (sky130_fd_sc_hd__and3_4)
     1    0.07    0.21    0.38    2.91 ^ _425_/X (sky130_fd_sc_hd__and3_4)
                                         _102_ (net)
                  0.21    0.02    2.93 ^ _427_/A2 (sky130_fd_sc_hd__a21bo_4)
     1    0.08    0.25    0.32    3.25 ^ _427_/X (sky130_fd_sc_hd__a21bo_4)
                                         _104_ (net)
                  0.25    0.02    3.27 ^ _428_/B (sky130_fd_sc_hd__xor2_4)
     2    0.05    0.39    0.39    3.67 ^ _428_/X (sky130_fd_sc_hd__xor2_4)
                                         _105_ (net)
                  0.39    0.00    3.67 ^ _430_/A (sky130_fd_sc_hd__nand3_4)
     3    0.07    0.26    0.30    3.97 v _430_/Y (sky130_fd_sc_hd__nand3_4)
                                         _107_ (net)
                  0.26    0.01    3.98 v _433_/A2 (sky130_fd_sc_hd__a21o_4)
     3    0.09    0.13    0.41    4.39 v _433_/X (sky130_fd_sc_hd__a21o_4)
                                         _110_ (net)
                  0.13    0.01    4.40 v _435_/A2 (sky130_fd_sc_hd__a21oi_4)
     3    0.07    0.49    0.48    4.88 ^ _435_/Y (sky130_fd_sc_hd__a21oi_4)
                                         _112_ (net)
                  0.49    0.01    4.89 ^ _437_/A2 (sky130_fd_sc_hd__o211a_2)
     2    0.04    0.21    0.39    5.29 ^ _437_/X (sky130_fd_sc_hd__o211a_2)
                                         _114_ (net)
                  0.21    0.00    5.29 ^ _438_/D1 (sky130_fd_sc_hd__a2111oi_4)
     2    0.01    0.10    0.08    5.37 v _438_/Y (sky130_fd_sc_hd__a2111oi_4)
                                         _115_ (net)
                  0.10    0.00    5.37 v wire29/A (sky130_fd_sc_hd__buf_2)
     2    0.03    0.07    0.20    5.57 v wire29/X (sky130_fd_sc_hd__buf_2)
                                         net29 (net)
                  0.07    0.00    5.57 v wire28/A (sky130_fd_sc_hd__clkbuf_2)
     1    0.03    0.11    0.19    5.76 v wire28/X (sky130_fd_sc_hd__clkbuf_2)
                                         net28 (net)
                  0.11    0.00    5.76 v _441_/A (sky130_fd_sc_hd__or2_4)
     1    0.04    0.09    0.35    6.11 v _441_/X (sky130_fd_sc_hd__or2_4)
                                         _118_ (net)
                  0.09    0.01    6.11 v _453_/B2 (sky130_fd_sc_hd__a22oi_4)
     1    0.04    0.34    0.34    6.45 ^ _453_/Y (sky130_fd_sc_hd__a22oi_4)
                                         net26 (net)
                  0.34    0.01    6.46 ^ output26/A (sky130_fd_sc_hd__buf_6)
     1    0.03    0.08    0.20    6.66 ^ output26/X (sky130_fd_sc_hd__buf_6)
                                         out[6] (net)
                  0.08    0.00    6.66 ^ out[6] (out)
                                  6.66   data arrival time

                  0.00   10.00   10.00   clock __VIRTUAL_CLK__ (rise edge)
                          0.00   10.00   clock network delay (ideal)
                         -0.25    9.75   clock uncertainty
                          0.00    9.75   clock reconvergence pessimism
                         -2.00    7.75   output external delay
                                  7.75   data required time
-----------------------------------------------------------------------------
                                  7.75   data required time
                                 -6.66   data arrival time
-----------------------------------------------------------------------------
                                  1.09   slack (MET)


Startpoint: A[3] (input port clocked by __VIRTUAL_CLK__)
Endpoint: out[5] (output port clocked by __VIRTUAL_CLK__)
Path Group: __VIRTUAL_CLK__
Path Type: max
Corner: Typical

Fanout     Cap    Slew   Delay    Time   Description
-----------------------------------------------------------------------------
                  0.00    0.00    0.00   clock __VIRTUAL_CLK__ (rise edge)
                          0.00    0.00   clock network delay (ideal)
                          2.00    2.00 ^ input external delay
     1    0.00    0.03    0.02    2.02 ^ A[3] (in)
                                         A[3] (net)
                  0.03    0.00    2.02 ^ input4/A (sky130_fd_sc_hd__clkbuf_8)
     8    0.13    0.23    0.26    2.28 ^ input4/X (sky130_fd_sc_hd__clkbuf_8)
                                         net4 (net)
                  0.23    0.02    2.30 ^ _310_/A (sky130_fd_sc_hd__buf_12)
     5    0.09    0.11    0.21    2.50 ^ _310_/X (sky130_fd_sc_hd__buf_12)
                                         _238_ (net)
                  0.11    0.00    2.51 ^ _324_/B1 (sky130_fd_sc_hd__a22oi_4)
     2    0.03    0.10    0.11    2.61 v _324_/Y (sky130_fd_sc_hd__a22oi_4)
                                         _004_ (net)
                  0.10    0.00    2.61 v rebuffer7/A (sky130_fd_sc_hd__buf_6)
     2    0.01    0.03    0.15    2.77 v rebuffer7/X (sky130_fd_sc_hd__buf_6)
                                         net39 (net)
                  0.03    0.00    2.77 v rebuffer8/A (sky130_fd_sc_hd__dlymetal6s2s_1)
     1    0.02    0.13    0.22    2.99 v rebuffer8/X (sky130_fd_sc_hd__dlymetal6s2s_1)
                                         net40 (net)
                  0.13    0.00    2.99 v _326_/A1 (sky130_fd_sc_hd__o21ai_4)
     3    0.04    0.32    0.35    3.34 ^ _326_/Y (sky130_fd_sc_hd__o21ai_4)
                                         _006_ (net)
                  0.33    0.01    3.35 ^ _329_/A (sky130_fd_sc_hd__and3_1)
     2    0.02    0.18    0.32    3.67 ^ _329_/X (sky130_fd_sc_hd__and3_1)
                                         _009_ (net)
                  0.18    0.00    3.67 ^ _331_/A_N (sky130_fd_sc_hd__and2b_2)
     1    0.02    0.08    0.30    3.98 v _331_/X (sky130_fd_sc_hd__and2b_2)
                                         _011_ (net)
                  0.08    0.00    3.98 v _332_/B (sky130_fd_sc_hd__xnor2_4)
     2    0.05    0.41    0.38    4.35 ^ _332_/Y (sky130_fd_sc_hd__xnor2_4)
                                         _012_ (net)
                  0.41    0.01    4.36 ^ _333_/A (sky130_fd_sc_hd__nand2_4)
     3    0.06    0.19    0.23    4.59 v _333_/Y (sky130_fd_sc_hd__nand2_4)
                                         _013_ (net)
                  0.19    0.01    4.60 v _359_/A_N (sky130_fd_sc_hd__nand3b_4)
     4    0.08    0.27    0.39    4.99 v _359_/Y (sky130_fd_sc_hd__nand3b_4)
                                         _038_ (net)
                  0.27    0.01    5.01 v _403_/A2 (sky130_fd_sc_hd__a21o_4)
     2    0.07    0.11    0.40    5.41 v _403_/X (sky130_fd_sc_hd__a21o_4)
                                         _081_ (net)
                  0.11    0.01    5.42 v _408_/A2 (sky130_fd_sc_hd__a31o_1)
     1    0.01    0.08    0.28    5.70 v _408_/X (sky130_fd_sc_hd__a31o_1)
                                         _086_ (net)
                  0.08    0.00    5.70 v _409_/B1 (sky130_fd_sc_hd__a21oi_1)
     1    0.01    0.29    0.28    5.98 ^ _409_/Y (sky130_fd_sc_hd__a21oi_1)
                                         _087_ (net)
                  0.29    0.00    5.98 ^ _410_/B1 (sky130_fd_sc_hd__a21oi_2)
     1    0.02    0.11    0.14    6.12 v _410_/Y (sky130_fd_sc_hd__a21oi_2)
                                         net25 (net)
                  0.11    0.00    6.12 v output25/A (sky130_fd_sc_hd__buf_2)
     1    0.03    0.09    0.22    6.34 v output25/X (sky130_fd_sc_hd__buf_2)
                                         out[5] (net)
                  0.09    0.00    6.34 v out[5] (out)
                                  6.34   data arrival time

                  0.00   10.00   10.00   clock __VIRTUAL_CLK__ (rise edge)
                          0.00   10.00   clock network delay (ideal)
                         -0.25    9.75   clock uncertainty
                          0.00    9.75   clock reconvergence pessimism
                         -2.00    7.75   output external delay
                                  7.75   data required time
-----------------------------------------------------------------------------
                                  7.75   data required time
                                 -6.34   data arrival time
-----------------------------------------------------------------------------
                                  1.41   slack (MET)


Startpoint: A[3] (input port clocked by __VIRTUAL_CLK__)
Endpoint: out[4] (output port clocked by __VIRTUAL_CLK__)
Path Group: __VIRTUAL_CLK__
Path Type: max
Corner: Typical

Fanout     Cap    Slew   Delay    Time   Description
-----------------------------------------------------------------------------
                  0.00    0.00    0.00   clock __VIRTUAL_CLK__ (rise edge)
                          0.00    0.00   clock network delay (ideal)
                          2.00    2.00 ^ input external delay
     1    0.00    0.03    0.02    2.02 ^ A[3] (in)
                                         A[3] (net)
                  0.03    0.00    2.02 ^ input4/A (sky130_fd_sc_hd__clkbuf_8)
     8    0.13    0.23    0.26    2.28 ^ input4/X (sky130_fd_sc_hd__clkbuf_8)
                                         net4 (net)
                  0.23    0.02    2.30 ^ _310_/A (sky130_fd_sc_hd__buf_12)
     5    0.09    0.11    0.21    2.50 ^ _310_/X (sky130_fd_sc_hd__buf_12)
                                         _238_ (net)
                  0.11    0.00    2.51 ^ _324_/B1 (sky130_fd_sc_hd__a22oi_4)
     2    0.03    0.10    0.11    2.61 v _324_/Y (sky130_fd_sc_hd__a22oi_4)
                                         _004_ (net)
                  0.10    0.00    2.61 v rebuffer7/A (sky130_fd_sc_hd__buf_6)
     2    0.01    0.03    0.15    2.77 v rebuffer7/X (sky130_fd_sc_hd__buf_6)
                                         net39 (net)
                  0.03    0.00    2.77 v rebuffer8/A (sky130_fd_sc_hd__dlymetal6s2s_1)
     1    0.02    0.13    0.22    2.99 v rebuffer8/X (sky130_fd_sc_hd__dlymetal6s2s_1)
                                         net40 (net)
                  0.13    0.00    2.99 v _326_/A1 (sky130_fd_sc_hd__o21ai_4)
     3    0.04    0.32    0.35    3.34 ^ _326_/Y (sky130_fd_sc_hd__o21ai_4)
                                         _006_ (net)
                  0.33    0.01    3.35 ^ _329_/A (sky130_fd_sc_hd__and3_1)
     2    0.02    0.18    0.32    3.67 ^ _329_/X (sky130_fd_sc_hd__and3_1)
                                         _009_ (net)
                  0.18    0.00    3.67 ^ _331_/A_N (sky130_fd_sc_hd__and2b_2)
     1    0.02    0.08    0.30    3.98 v _331_/X (sky130_fd_sc_hd__and2b_2)
                                         _011_ (net)
                  0.08    0.00    3.98 v _332_/B (sky130_fd_sc_hd__xnor2_4)
     2    0.05    0.41    0.38    4.35 ^ _332_/Y (sky130_fd_sc_hd__xnor2_4)
                                         _012_ (net)
                  0.41    0.01    4.36 ^ _333_/A (sky130_fd_sc_hd__nand2_4)
     3    0.06    0.19    0.23    4.59 v _333_/Y (sky130_fd_sc_hd__nand2_4)
                                         _013_ (net)
                  0.19    0.01    4.60 v _359_/A_N (sky130_fd_sc_hd__nand3b_4)
     4    0.08    0.27    0.39    4.99 v _359_/Y (sky130_fd_sc_hd__nand3b_4)
                                         _038_ (net)
                  0.27    0.01    5.01 v _360_/C (sky130_fd_sc_hd__and3_2)
     1    0.03    0.10    0.40    5.41 v _360_/X (sky130_fd_sc_hd__and3_2)
                                         _039_ (net)
                  0.10    0.00    5.41 v _373_/B1 (sky130_fd_sc_hd__o2bb2a_2)
     2    0.04    0.11    0.38    5.79 v _373_/X (sky130_fd_sc_hd__o2bb2a_2)
                                         net24 (net)
                  0.12    0.01    5.80 v output24/A (sky130_fd_sc_hd__buf_2)
     1    0.03    0.09    0.22    6.02 v output24/X (sky130_fd_sc_hd__buf_2)
                                         out[4] (net)
                  0.09    0.00    6.02 v out[4] (out)
                                  6.02   data arrival time

                  0.00   10.00   10.00   clock __VIRTUAL_CLK__ (rise edge)
                          0.00   10.00   clock network delay (ideal)
                         -0.25    9.75   clock uncertainty
                          0.00    9.75   clock reconvergence pessimism
                         -2.00    7.75   output external delay
                                  7.75   data required time
-----------------------------------------------------------------------------
                                  7.75   data required time
                                 -6.02   data arrival time
-----------------------------------------------------------------------------
                                  1.73   slack (MET)


Startpoint: B[1] (input port clocked by __VIRTUAL_CLK__)
Endpoint: out[3] (output port clocked by __VIRTUAL_CLK__)
Path Group: __VIRTUAL_CLK__
Path Type: max
Corner: Typical

Fanout     Cap    Slew   Delay    Time   Description
-----------------------------------------------------------------------------
                  0.00    0.00    0.00   clock __VIRTUAL_CLK__ (rise edge)
                          0.00    0.00   clock network delay (ideal)
                          2.00    2.00 v input external delay
     1    0.01    0.02    0.01    2.01 v B[1] (in)
                                         B[1] (net)
                  0.02    0.00    2.01 v input10/A (sky130_fd_sc_hd__buf_8)
     5    0.10    0.08    0.15    2.17 v input10/X (sky130_fd_sc_hd__buf_8)
                                         net10 (net)
                  0.10    0.03    2.20 v _266_/A (sky130_fd_sc_hd__buf_12)
     5    0.11    0.07    0.19    2.39 v _266_/X (sky130_fd_sc_hd__buf_12)
                                         _196_ (net)
                  0.07    0.01    2.39 v _267_/A (sky130_fd_sc_hd__clkbuf_8)
    10    0.12    0.13    0.24    2.63 v _267_/X (sky130_fd_sc_hd__clkbuf_8)
                                         _197_ (net)
                  0.13    0.02    2.65 v _298_/A2 (sky130_fd_sc_hd__o21a_4)
     3    0.08    0.12    0.33    2.98 v _298_/X (sky130_fd_sc_hd__o21a_4)
                                         _227_ (net)
                  0.12    0.01    2.99 v _299_/B (sky130_fd_sc_hd__xnor2_4)
     2    0.06    0.49    0.46    3.44 ^ _299_/Y (sky130_fd_sc_hd__xnor2_4)
                                         _228_ (net)
                  0.49    0.01    3.45 ^ _300_/B (sky130_fd_sc_hd__xor2_4)
     3    0.08    0.57    0.54    3.99 ^ _300_/X (sky130_fd_sc_hd__xor2_4)
                                         _229_ (net)
                  0.58    0.02    4.01 ^ _312_/A1 (sky130_fd_sc_hd__a21o_4)
     5    0.09    0.26    0.38    4.39 ^ _312_/X (sky130_fd_sc_hd__a21o_4)
                                         _240_ (net)
                  0.26    0.01    4.40 ^ _318_/A (sky130_fd_sc_hd__and3_2)
     1    0.04    0.20    0.38    4.78 ^ _318_/X (sky130_fd_sc_hd__and3_2)
                                         _246_ (net)
                  0.20    0.01    4.79 ^ _320_/A_N (sky130_fd_sc_hd__and3b_2)
     1    0.05    0.14    0.35    5.14 v _320_/X (sky130_fd_sc_hd__and3b_2)
                                         _000_ (net)
                  0.14    0.01    5.15 v _339_/B1 (sky130_fd_sc_hd__o2bb2a_1)
     2    0.03    0.16    0.46    5.61 v _339_/X (sky130_fd_sc_hd__o2bb2a_1)
                                         net23 (net)
                  0.16    0.00    5.61 v output23/A (sky130_fd_sc_hd__buf_2)
     1    0.03    0.09    0.24    5.85 v output23/X (sky130_fd_sc_hd__buf_2)
                                         out[3] (net)
                  0.09    0.00    5.85 v out[3] (out)
                                  5.85   data arrival time

                  0.00   10.00   10.00   clock __VIRTUAL_CLK__ (rise edge)
                          0.00   10.00   clock network delay (ideal)
                         -0.25    9.75   clock uncertainty
                          0.00    9.75   clock reconvergence pessimism
                         -2.00    7.75   output external delay
                                  7.75   data required time
-----------------------------------------------------------------------------
                                  7.75   data required time
                                 -5.85   data arrival time
-----------------------------------------------------------------------------
                                  1.90   slack (MET)


Startpoint: B[1] (input port clocked by __VIRTUAL_CLK__)
Endpoint: out[2] (output port clocked by __VIRTUAL_CLK__)
Path Group: __VIRTUAL_CLK__
Path Type: max
Corner: Typical

Fanout     Cap    Slew   Delay    Time   Description
-----------------------------------------------------------------------------
                  0.00    0.00    0.00   clock __VIRTUAL_CLK__ (rise edge)
                          0.00    0.00   clock network delay (ideal)
                          2.00    2.00 v input external delay
     1    0.01    0.02    0.01    2.01 v B[1] (in)
                                         B[1] (net)
                  0.02    0.00    2.01 v input10/A (sky130_fd_sc_hd__buf_8)
     5    0.10    0.08    0.15    2.17 v input10/X (sky130_fd_sc_hd__buf_8)
                                         net10 (net)
                  0.10    0.03    2.20 v _266_/A (sky130_fd_sc_hd__buf_12)
     5    0.11    0.07    0.19    2.39 v _266_/X (sky130_fd_sc_hd__buf_12)
                                         _196_ (net)
                  0.07    0.01    2.39 v _267_/A (sky130_fd_sc_hd__clkbuf_8)
    10    0.12    0.13    0.24    2.63 v _267_/X (sky130_fd_sc_hd__clkbuf_8)
                                         _197_ (net)
                  0.13    0.02    2.65 v _298_/A2 (sky130_fd_sc_hd__o21a_4)
     3    0.08    0.12    0.33    2.98 v _298_/X (sky130_fd_sc_hd__o21a_4)
                                         _227_ (net)
                  0.12    0.01    2.99 v _299_/B (sky130_fd_sc_hd__xnor2_4)
     2    0.06    0.49    0.46    3.44 ^ _299_/Y (sky130_fd_sc_hd__xnor2_4)
                                         _228_ (net)
                  0.49    0.01    3.45 ^ _300_/B (sky130_fd_sc_hd__xor2_4)
     3    0.08    0.57    0.54    3.99 ^ _300_/X (sky130_fd_sc_hd__xor2_4)
                                         _229_ (net)
                  0.57    0.00    3.99 ^ _302_/A (sky130_fd_sc_hd__nand2_2)
     1    0.05    0.27    0.33    4.32 v _302_/Y (sky130_fd_sc_hd__nand2_2)
                                         _231_ (net)
                  0.27    0.01    4.33 v _308_/A1 (sky130_fd_sc_hd__a211o_1)
     1    0.03    0.17    0.49    4.81 v _308_/X (sky130_fd_sc_hd__a211o_1)
                                         _237_ (net)
                  0.17    0.00    4.82 v _309_/B2 (sky130_fd_sc_hd__o2bb2a_2)
     2    0.06    0.17    0.45    5.27 v _309_/X (sky130_fd_sc_hd__o2bb2a_2)
                                         net22 (net)
                  0.17    0.00    5.27 v output22/A (sky130_fd_sc_hd__buf_2)
     1    0.03    0.09    0.25    5.52 v output22/X (sky130_fd_sc_hd__buf_2)
                                         out[2] (net)
                  0.09    0.00    5.52 v out[2] (out)
                                  5.52   data arrival time

                  0.00   10.00   10.00   clock __VIRTUAL_CLK__ (rise edge)
                          0.00   10.00   clock network delay (ideal)
                         -0.25    9.75   clock uncertainty
                          0.00    9.75   clock reconvergence pessimism
                         -2.00    7.75   output external delay
                                  7.75   data required time
-----------------------------------------------------------------------------
                                  7.75   data required time
                                 -5.52   data arrival time
-----------------------------------------------------------------------------
                                  2.23   slack (MET)


Startpoint: A[1] (input port clocked by __VIRTUAL_CLK__)
Endpoint: out[1] (output port clocked by __VIRTUAL_CLK__)
Path Group: __VIRTUAL_CLK__
Path Type: max
Corner: Typical

Fanout     Cap    Slew   Delay    Time   Description
-----------------------------------------------------------------------------
                  0.00    0.00    0.00   clock __VIRTUAL_CLK__ (rise edge)
                          0.00    0.00   clock network delay (ideal)
                          2.00    2.00 ^ input external delay
     1    0.01    0.05    0.04    2.04 ^ A[1] (in)
                                         A[1] (net)
                  0.05    0.00    2.04 ^ input2/A (sky130_fd_sc_hd__buf_12)
     7    0.05    0.07    0.13    2.17 ^ input2/X (sky130_fd_sc_hd__buf_12)
                                         net2 (net)
                  0.07    0.00    2.17 ^ rebuffer12/A (sky130_fd_sc_hd__dlymetal6s2s_1)
     3    0.06    0.60    0.51    2.68 ^ rebuffer12/X (sky130_fd_sc_hd__dlymetal6s2s_1)
                                         net44 (net)
                  0.60    0.01    2.70 ^ _263_/A (sky130_fd_sc_hd__buf_8)
    10    0.12    0.21    0.31    3.00 ^ _263_/X (sky130_fd_sc_hd__buf_8)
                                         _193_ (net)
                  0.21    0.01    3.01 ^ _282_/C (sky130_fd_sc_hd__and4_2)
     3    0.04    0.23    0.43    3.44 ^ _282_/X (sky130_fd_sc_hd__and4_2)
                                         _212_ (net)
                  0.23    0.00    3.45 ^ _284_/A_N (sky130_fd_sc_hd__and3b_1)
     1    0.02    0.10    0.28    3.73 v _284_/X (sky130_fd_sc_hd__and3b_1)
                                         _214_ (net)
                  0.10    0.00    3.73 v _285_/B1 (sky130_fd_sc_hd__a31o_2)
     1    0.03    0.11    0.33    4.06 v _285_/X (sky130_fd_sc_hd__a31o_2)
                                         _215_ (net)
                  0.11    0.00    4.06 v _286_/B1 (sky130_fd_sc_hd__a211o_2)
     1    0.05    0.14    0.46    4.53 v _286_/X (sky130_fd_sc_hd__a211o_2)
                                         _216_ (net)
                  0.14    0.01    4.54 v _287_/B2 (sky130_fd_sc_hd__o2bb2a_2)
     7    0.07    0.19    0.45    4.98 v _287_/X (sky130_fd_sc_hd__o2bb2a_2)
                                         net21 (net)
                  0.19    0.02    5.00 v output21/A (sky130_fd_sc_hd__buf_2)
     1    0.03    0.09    0.26    5.26 v output21/X (sky130_fd_sc_hd__buf_2)
                                         out[1] (net)
                  0.09    0.00    5.26 v out[1] (out)
                                  5.26   data arrival time

                  0.00   10.00   10.00   clock __VIRTUAL_CLK__ (rise edge)
                          0.00   10.00   clock network delay (ideal)
                         -0.25    9.75   clock uncertainty
                          0.00    9.75   clock reconvergence pessimism
                         -2.00    7.75   output external delay
                                  7.75   data required time
-----------------------------------------------------------------------------
                                  7.75   data required time
                                 -5.26   data arrival time
-----------------------------------------------------------------------------
                                  2.49   slack (MET)


Startpoint: opcode[0] (input port clocked by __VIRTUAL_CLK__)
Endpoint: out[0] (output port clocked by __VIRTUAL_CLK__)
Path Group: __VIRTUAL_CLK__
Path Type: max
Corner: Typical

Fanout     Cap    Slew   Delay    Time   Description
-----------------------------------------------------------------------------
                  0.00    0.00    0.00   clock __VIRTUAL_CLK__ (rise edge)
                          0.00    0.00   clock network delay (ideal)
                          2.00    2.00 v input external delay
     1    0.00    0.01    0.01    2.01 v opcode[0] (in)
                                         opcode[0] (net)
                  0.01    0.00    2.01 v input17/A (sky130_fd_sc_hd__clkbuf_8)
     6    0.11    0.12    0.21    2.21 v input17/X (sky130_fd_sc_hd__clkbuf_8)
                                         net17 (net)
                  0.12    0.01    2.23 v _249_/A (sky130_fd_sc_hd__or2_4)
     5    0.12    0.18    0.44    2.67 v _249_/X (sky130_fd_sc_hd__or2_4)
                                         _180_ (net)
                  0.19    0.02    2.69 v _258_/B (sky130_fd_sc_hd__nor2_8)
     9    0.13    0.46    0.44    3.13 ^ _258_/Y (sky130_fd_sc_hd__nor2_8)
                                         _189_ (net)
                  0.46    0.00    3.13 ^ _260_/A1 (sky130_fd_sc_hd__o211a_4)
     2    0.08    0.26    0.43    3.56 ^ _260_/X (sky130_fd_sc_hd__o211a_4)
                                         _191_ (net)
                  0.26    0.01    3.57 ^ _261_/B1 (sky130_fd_sc_hd__a31o_2)
     1    0.06    0.36    0.40    3.97 ^ _261_/X (sky130_fd_sc_hd__a31o_2)
                                         _192_ (net)
                  0.37    0.00    3.98 ^ _262_/B2 (sky130_fd_sc_hd__a2bb2o_2)
     2    0.04    0.22    0.40    4.37 ^ _262_/X (sky130_fd_sc_hd__a2bb2o_2)
                                         net20 (net)
                  0.22    0.01    4.38 ^ output20/A (sky130_fd_sc_hd__buf_2)
     1    0.03    0.17    0.27    4.65 ^ output20/X (sky130_fd_sc_hd__buf_2)
                                         out[0] (net)
                  0.17    0.00    4.65 ^ out[0] (out)
                                  4.65   data arrival time

                  0.00   10.00   10.00   clock __VIRTUAL_CLK__ (rise edge)
                          0.00   10.00   clock network delay (ideal)
                         -0.25    9.75   clock uncertainty
                          0.00    9.75   clock reconvergence pessimism
                         -2.00    7.75   output external delay
                                  7.75   data required time
-----------------------------------------------------------------------------
                                  7.75   data required time
                                 -4.65   data arrival time
-----------------------------------------------------------------------------
                                  3.10   slack (MET)



worst slack corner Typical: 0.9184
