
===========================================================================
 report_power
============================================================================
======================= Fastest Corner ===================================

Group                  Internal  Switching    Leakage      Total
                          Power      Power      Power      Power (Watts)
----------------------------------------------------------------
Sequential             0.00e+00   0.00e+00   0.00e+00   0.00e+00   0.0%
Combinational          4.88e-06   1.11e-05   1.59e-10   1.60e-05 100.0%
Clock                  0.00e+00   0.00e+00   1.63e-10   1.63e-10   0.0%
Macro                  0.00e+00   0.00e+00   0.00e+00   0.00e+00   0.0%
Pad                    0.00e+00   0.00e+00   0.00e+00   0.00e+00   0.0%
----------------------------------------------------------------
Total                  4.88e-06   1.11e-05   3.21e-10   1.60e-05 100.0%
                          30.6%      69.4%       0.0%

======================= Slowest Corner ===================================

Group                  Internal  Switching    Leakage      Total
                          Power      Power      Power      Power (Watts)
----------------------------------------------------------------
Sequential             0.00e+00   0.00e+00   0.00e+00   0.00e+00   0.0%
Combinational          3.62e-06   7.39e-06   1.53e-07   1.12e-05 100.0%
Clock                  0.00e+00   0.00e+00   1.63e-10   1.63e-10   0.0%
Macro                  0.00e+00   0.00e+00   0.00e+00   0.00e+00   0.0%
Pad                    0.00e+00   0.00e+00   0.00e+00   0.00e+00   0.0%
----------------------------------------------------------------
Total                  3.62e-06   7.39e-06   1.53e-07   1.12e-05 100.0%
                          32.4%      66.2%       1.4%

======================= Typical Corner ===================================

Group                  Internal  Switching    Leakage      Total
                          Power      Power      Power      Power (Watts)
----------------------------------------------------------------
Sequential             0.00e+00   0.00e+00   0.00e+00   0.00e+00   0.0%
Combinational          4.39e-06   9.40e-06   8.86e-11   1.38e-05 100.0%
Clock                  0.00e+00   0.00e+00   1.63e-10   1.63e-10   0.0%
Macro                  0.00e+00   0.00e+00   0.00e+00   0.00e+00   0.0%
Pad                    0.00e+00   0.00e+00   0.00e+00   0.00e+00   0.0%
----------------------------------------------------------------
Total                  4.39e-06   9.40e-06   2.51e-10   1.38e-05 100.0%
                          31.8%      68.2%       0.0%

