
===========================================================================
report_checks -path_delay min (Hold)
============================================================================
======================= Fastest Corner ===================================

Startpoint: in[7] (input port clocked by __VIRTUAL_CLK__)
Endpoint: out[7] (output port clocked by __VIRTUAL_CLK__)
Path Group: __VIRTUAL_CLK__
Path Type: min
Corner: Fastest

Fanout     Cap    Slew   Delay    Time   Description
-----------------------------------------------------------------------------
                  0.00    0.00    0.00   clock __VIRTUAL_CLK__ (rise edge)
                          0.00    0.00   clock network delay (ideal)
                          2.00    2.00 ^ input external delay
     1    0.00    0.02    0.01    2.01 ^ in[7] (in)
                                         in[7] (net)
                  0.02    0.00    2.01 ^ input8/A (sky130_fd_sc_hd__clkbuf_1)
     1    0.01    0.08    0.08    2.09 ^ input8/X (sky130_fd_sc_hd__clkbuf_1)
                                         net8 (net)
                  0.08    0.00    2.09 ^ _24_/A (sky130_fd_sc_hd__xor2_1)
     1    0.01    0.04    0.06    2.15 v _24_/X (sky130_fd_sc_hd__xor2_1)
                                         net16 (net)
                  0.04    0.00    2.15 v output16/A (sky130_fd_sc_hd__clkbuf_4)
     1    0.03    0.06    0.12    2.27 v output16/X (sky130_fd_sc_hd__clkbuf_4)
                                         out[7] (net)
                  0.06    0.00    2.27 v out[7] (out)
                                  2.27   data arrival time

                  0.00    0.00    0.00   clock __VIRTUAL_CLK__ (rise edge)
                          0.00    0.00   clock network delay (ideal)
                          0.25    0.25   clock uncertainty
                          0.00    0.25   clock reconvergence pessimism
                         -2.00   -1.75   output external delay
                                 -1.75   data required time
-----------------------------------------------------------------------------
                                 -1.75   data required time
                                 -2.27   data arrival time
-----------------------------------------------------------------------------
                                  4.02   slack (MET)


Startpoint: in[2] (input port clocked by __VIRTUAL_CLK__)
Endpoint: out[2] (output port clocked by __VIRTUAL_CLK__)
Path Group: __VIRTUAL_CLK__
Path Type: min
Corner: Fastest

Fanout     Cap    Slew   Delay    Time   Description
-----------------------------------------------------------------------------
                  0.00    0.00    0.00   clock __VIRTUAL_CLK__ (rise edge)
                          0.00    0.00   clock network delay (ideal)
                          2.00    2.00 v input external delay
     1    0.00    0.00    0.00    2.00 v in[2] (in)
                                         in[2] (net)
                  0.00    0.00    2.00 v input3/A (sky130_fd_sc_hd__buf_1)
     3    0.02    0.06    0.08    2.08 v input3/X (sky130_fd_sc_hd__buf_1)
                                         net3 (net)
                  0.06    0.00    2.08 v _11_/A (sky130_fd_sc_hd__xnor2_1)
     1    0.00    0.03    0.09    2.17 v _11_/Y (sky130_fd_sc_hd__xnor2_1)
                                         net11 (net)
                  0.03    0.00    2.17 v output11/A (sky130_fd_sc_hd__buf_2)
     1    0.03    0.06    0.11    2.28 v output11/X (sky130_fd_sc_hd__buf_2)
                                         out[2] (net)
                  0.06    0.00    2.29 v out[2] (out)
                                  2.29   data arrival time

                  0.00    0.00    0.00   clock __VIRTUAL_CLK__ (rise edge)
                          0.00    0.00   clock network delay (ideal)
                          0.25    0.25   clock uncertainty
                          0.00    0.25   clock reconvergence pessimism
                         -2.00   -1.75   output external delay
                                 -1.75   data required time
-----------------------------------------------------------------------------
                                 -1.75   data required time
                                 -2.29   data arrival time
-----------------------------------------------------------------------------
                                  4.04   slack (MET)


Startpoint: in[0] (input port clocked by __VIRTUAL_CLK__)
Endpoint: out[0] (output port clocked by __VIRTUAL_CLK__)
Path Group: __VIRTUAL_CLK__
Path Type: min
Corner: Fastest

Fanout     Cap    Slew   Delay    Time   Description
-----------------------------------------------------------------------------
                  0.00    0.00    0.00   clock __VIRTUAL_CLK__ (rise edge)
                          0.00    0.00   clock network delay (ideal)
                          2.00    2.00 v input external delay
     1    0.00    0.00    0.00    2.00 v in[0] (in)
                                         in[0] (net)
                  0.00    0.00    2.00 v input1/A (sky130_fd_sc_hd__dlymetal6s2s_1)
     5    0.02    0.08    0.11    2.12 v input1/X (sky130_fd_sc_hd__dlymetal6s2s_1)
                                         net1 (net)
                  0.08    0.00    2.12 v _27_/A (sky130_fd_sc_hd__clkbuf_1)
     1    0.00    0.02    0.07    2.19 v _27_/X (sky130_fd_sc_hd__clkbuf_1)
                                         net9 (net)
                  0.02    0.00    2.19 v output9/A (sky130_fd_sc_hd__buf_2)
     1    0.03    0.06    0.11    2.30 v output9/X (sky130_fd_sc_hd__buf_2)
                                         out[0] (net)
                  0.06    0.00    2.30 v out[0] (out)
                                  2.30   data arrival time

                  0.00    0.00    0.00   clock __VIRTUAL_CLK__ (rise edge)
                          0.00    0.00   clock network delay (ideal)
                          0.25    0.25   clock uncertainty
                          0.00    0.25   clock reconvergence pessimism
                         -2.00   -1.75   output external delay
                                 -1.75   data required time
-----------------------------------------------------------------------------
                                 -1.75   data required time
                                 -2.30   data arrival time
-----------------------------------------------------------------------------
                                  4.05   slack (MET)


Startpoint: in[5] (input port clocked by __VIRTUAL_CLK__)
Endpoint: out[5] (output port clocked by __VIRTUAL_CLK__)
Path Group: __VIRTUAL_CLK__
Path Type: min
Corner: Fastest

Fanout     Cap    Slew   Delay    Time   Description
-----------------------------------------------------------------------------
                  0.00    0.00    0.00   clock __VIRTUAL_CLK__ (rise edge)
                          0.00    0.00   clock network delay (ideal)
                          2.00    2.00 v input external delay
     1    0.00    0.00    0.00    2.00 v in[5] (in)
                                         in[5] (net)
                  0.00    0.00    2.00 v input6/A (sky130_fd_sc_hd__buf_1)
     3    0.02    0.06    0.08    2.08 v input6/X (sky130_fd_sc_hd__buf_1)
                                         net6 (net)
                  0.06    0.00    2.08 v _19_/A (sky130_fd_sc_hd__xnor2_1)
     1    0.01    0.04    0.10    2.18 v _19_/Y (sky130_fd_sc_hd__xnor2_1)
                                         net14 (net)
                  0.04    0.00    2.18 v output14/A (sky130_fd_sc_hd__buf_2)
     1    0.03    0.06    0.11    2.30 v output14/X (sky130_fd_sc_hd__buf_2)
                                         out[5] (net)
                  0.06    0.00    2.30 v out[5] (out)
                                  2.30   data arrival time

                  0.00    0.00    0.00   clock __VIRTUAL_CLK__ (rise edge)
                          0.00    0.00   clock network delay (ideal)
                          0.25    0.25   clock uncertainty
                          0.00    0.25   clock reconvergence pessimism
                         -2.00   -1.75   output external delay
                                 -1.75   data required time
-----------------------------------------------------------------------------
                                 -1.75   data required time
                                 -2.30   data arrival time
-----------------------------------------------------------------------------
                                  4.05   slack (MET)


Startpoint: in[4] (input port clocked by __VIRTUAL_CLK__)
Endpoint: out[4] (output port clocked by __VIRTUAL_CLK__)
Path Group: __VIRTUAL_CLK__
Path Type: min
Corner: Fastest

Fanout     Cap    Slew   Delay    Time   Description
-----------------------------------------------------------------------------
                  0.00    0.00    0.00   clock __VIRTUAL_CLK__ (rise edge)
                          0.00    0.00   clock network delay (ideal)
                          2.00    2.00 ^ input external delay
     1    0.00    0.01    0.01    2.01 ^ in[4] (in)
                                         in[4] (net)
                  0.01    0.00    2.01 ^ input5/A (sky130_fd_sc_hd__buf_1)
     4    0.02    0.17    0.13    2.14 ^ input5/X (sky130_fd_sc_hd__buf_1)
                                         net5 (net)
                  0.17    0.00    2.14 ^ _17_/A (sky130_fd_sc_hd__and2_1)
     1    0.01    0.05    0.10    2.24 ^ _17_/X (sky130_fd_sc_hd__and2_1)
                                         _05_ (net)
                  0.05    0.00    2.24 ^ _18_/B (sky130_fd_sc_hd__nor2_1)
     1    0.00    0.02    0.03    2.27 v _18_/Y (sky130_fd_sc_hd__nor2_1)
                                         net13 (net)
                  0.02    0.00    2.27 v output13/A (sky130_fd_sc_hd__buf_2)
     1    0.03    0.06    0.11    2.37 v output13/X (sky130_fd_sc_hd__buf_2)
                                         out[4] (net)
                  0.06    0.00    2.38 v out[4] (out)
                                  2.38   data arrival time

                  0.00    0.00    0.00   clock __VIRTUAL_CLK__ (rise edge)
                          0.00    0.00   clock network delay (ideal)
                          0.25    0.25   clock uncertainty
                          0.00    0.25   clock reconvergence pessimism
                         -2.00   -1.75   output external delay
                                 -1.75   data required time
-----------------------------------------------------------------------------
                                 -1.75   data required time
                                 -2.38   data arrival time
-----------------------------------------------------------------------------
                                  4.13   slack (MET)


Startpoint: in[1] (input port clocked by __VIRTUAL_CLK__)
Endpoint: out[1] (output port clocked by __VIRTUAL_CLK__)
Path Group: __VIRTUAL_CLK__
Path Type: min
Corner: Fastest

Fanout     Cap    Slew   Delay    Time   Description
-----------------------------------------------------------------------------
                  0.00    0.00    0.00   clock __VIRTUAL_CLK__ (rise edge)
                          0.00    0.00   clock network delay (ideal)
                          2.00    2.00 ^ input external delay
     1    0.00    0.02    0.01    2.01 ^ in[1] (in)
                                         in[1] (net)
                  0.02    0.00    2.01 ^ input2/A (sky130_fd_sc_hd__buf_1)
     4    0.02    0.15    0.12    2.13 ^ input2/X (sky130_fd_sc_hd__buf_1)
                                         net2 (net)
                  0.15    0.00    2.13 ^ _25_/A (sky130_fd_sc_hd__and2_1)
     1    0.01    0.07    0.11    2.24 ^ _25_/X (sky130_fd_sc_hd__and2_1)
                                         _09_ (net)
                  0.07    0.00    2.24 ^ _26_/B (sky130_fd_sc_hd__nor2_1)
     1    0.01    0.03    0.03    2.28 v _26_/Y (sky130_fd_sc_hd__nor2_1)
                                         net10 (net)
                  0.03    0.00    2.28 v output10/A (sky130_fd_sc_hd__buf_2)
     1    0.03    0.06    0.11    2.39 v output10/X (sky130_fd_sc_hd__buf_2)
                                         out[1] (net)
                  0.06    0.00    2.39 v out[1] (out)
                                  2.39   data arrival time

                  0.00    0.00    0.00   clock __VIRTUAL_CLK__ (rise edge)
                          0.00    0.00   clock network delay (ideal)
                          0.25    0.25   clock uncertainty
                          0.00    0.25   clock reconvergence pessimism
                         -2.00   -1.75   output external delay
                                 -1.75   data required time
-----------------------------------------------------------------------------
                                 -1.75   data required time
                                 -2.39   data arrival time
-----------------------------------------------------------------------------
                                  4.14   slack (MET)


Startpoint: in[6] (input port clocked by __VIRTUAL_CLK__)
Endpoint: out[6] (output port clocked by __VIRTUAL_CLK__)
Path Group: __VIRTUAL_CLK__
Path Type: min
Corner: Fastest

Fanout     Cap    Slew   Delay    Time   Description
-----------------------------------------------------------------------------
                  0.00    0.00    0.00   clock __VIRTUAL_CLK__ (rise edge)
                          0.00    0.00   clock network delay (ideal)
                          2.00    2.00 ^ input external delay
     1    0.00    0.01    0.01    2.01 ^ in[6] (in)
                                         in[6] (net)
                  0.01    0.00    2.01 ^ input7/A (sky130_fd_sc_hd__buf_1)
     2    0.01    0.09    0.08    2.09 ^ input7/X (sky130_fd_sc_hd__buf_1)
                                         net7 (net)
                  0.09    0.00    2.09 ^ _21_/B1 (sky130_fd_sc_hd__o31ai_1)
     1    0.01    0.04    0.04    2.13 v _21_/Y (sky130_fd_sc_hd__o31ai_1)
                                         _07_ (net)
                  0.04    0.00    2.13 v _22_/B (sky130_fd_sc_hd__and2_1)
     1    0.00    0.02    0.09    2.22 v _22_/X (sky130_fd_sc_hd__and2_1)
                                         _08_ (net)
                  0.02    0.00    2.22 v _23_/A (sky130_fd_sc_hd__clkbuf_1)
     1    0.01    0.03    0.06    2.29 v _23_/X (sky130_fd_sc_hd__clkbuf_1)
                                         net15 (net)
                  0.03    0.00    2.29 v output15/A (sky130_fd_sc_hd__buf_2)
     1    0.03    0.06    0.11    2.40 v output15/X (sky130_fd_sc_hd__buf_2)
                                         out[6] (net)
                  0.06    0.00    2.40 v out[6] (out)
                                  2.40   data arrival time

                  0.00    0.00    0.00   clock __VIRTUAL_CLK__ (rise edge)
                          0.00    0.00   clock network delay (ideal)
                          0.25    0.25   clock uncertainty
                          0.00    0.25   clock reconvergence pessimism
                         -2.00   -1.75   output external delay
                                 -1.75   data required time
-----------------------------------------------------------------------------
                                 -1.75   data required time
                                 -2.40   data arrival time
-----------------------------------------------------------------------------
                                  4.15   slack (MET)


Startpoint: in[3] (input port clocked by __VIRTUAL_CLK__)
Endpoint: out[3] (output port clocked by __VIRTUAL_CLK__)
Path Group: __VIRTUAL_CLK__
Path Type: min
Corner: Fastest

Fanout     Cap    Slew   Delay    Time   Description
-----------------------------------------------------------------------------
                  0.00    0.00    0.00   clock __VIRTUAL_CLK__ (rise edge)
                          0.00    0.00   clock network delay (ideal)
                          2.00    2.00 ^ input external delay
     1    0.00    0.01    0.01    2.01 ^ in[3] (in)
                                         in[3] (net)
                  0.01    0.00    2.01 ^ input4/A (sky130_fd_sc_hd__clkbuf_1)
     2    0.01    0.08    0.08    2.08 ^ input4/X (sky130_fd_sc_hd__clkbuf_1)
                                         net4 (net)
                  0.08    0.00    2.08 ^ _12_/B1 (sky130_fd_sc_hd__o31a_1)
     1    0.00    0.03    0.06    2.14 ^ _12_/X (sky130_fd_sc_hd__o31a_1)
                                         _01_ (net)
                  0.03    0.00    2.14 ^ _14_/A_N (sky130_fd_sc_hd__and2b_1)
     1    0.01    0.04    0.11    2.26 v _14_/X (sky130_fd_sc_hd__and2b_1)
                                         _03_ (net)
                  0.04    0.00    2.26 v _15_/A (sky130_fd_sc_hd__clkbuf_1)
     1    0.01    0.03    0.07    2.32 v _15_/X (sky130_fd_sc_hd__clkbuf_1)
                                         net12 (net)
                  0.03    0.00    2.32 v output12/A (sky130_fd_sc_hd__buf_2)
     1    0.03    0.06    0.11    2.43 v output12/X (sky130_fd_sc_hd__buf_2)
                                         out[3] (net)
                  0.06    0.00    2.44 v out[3] (out)
                                  2.44   data arrival time

                  0.00    0.00    0.00   clock __VIRTUAL_CLK__ (rise edge)
                          0.00    0.00   clock network delay (ideal)
                          0.25    0.25   clock uncertainty
                          0.00    0.25   clock reconvergence pessimism
                         -2.00   -1.75   output external delay
                                 -1.75   data required time
-----------------------------------------------------------------------------
                                 -1.75   data required time
                                 -2.44   data arrival time
-----------------------------------------------------------------------------
                                  4.19   slack (MET)



worst slack corner Fastest: 4.0190
======================= Slowest Corner ===================================

Startpoint: in[7] (input port clocked by __VIRTUAL_CLK__)
Endpoint: out[7] (output port clocked by __VIRTUAL_CLK__)
Path Group: __VIRTUAL_CLK__
Path Type: min
Corner: Slowest

Fanout     Cap    Slew   Delay    Time   Description
-----------------------------------------------------------------------------
                  0.00    0.00    0.00   clock __VIRTUAL_CLK__ (rise edge)
                          0.00    0.00   clock network delay (ideal)
                          2.00    2.00 ^ input external delay
     1    0.00    0.04    0.02    2.02 ^ in[7] (in)
                                         in[7] (net)
                  0.04    0.00    2.02 ^ input8/A (sky130_fd_sc_hd__clkbuf_1)
     1    0.01    0.18    0.20    2.22 ^ input8/X (sky130_fd_sc_hd__clkbuf_1)
                                         net8 (net)
                  0.18    0.00    2.22 ^ _24_/A (sky130_fd_sc_hd__xor2_1)
     1    0.01    0.11    0.21    2.43 v _24_/X (sky130_fd_sc_hd__xor2_1)
                                         net16 (net)
                  0.11    0.00    2.43 v output16/A (sky130_fd_sc_hd__clkbuf_4)
     1    0.03    0.14    0.33    2.76 v output16/X (sky130_fd_sc_hd__clkbuf_4)
                                         out[7] (net)
                  0.14    0.00    2.76 v out[7] (out)
                                  2.76   data arrival time

                  0.00    0.00    0.00   clock __VIRTUAL_CLK__ (rise edge)
                          0.00    0.00   clock network delay (ideal)
                          0.25    0.25   clock uncertainty
                          0.00    0.25   clock reconvergence pessimism
                         -2.00   -1.75   output external delay
                                 -1.75   data required time
-----------------------------------------------------------------------------
                                 -1.75   data required time
                                 -2.76   data arrival time
-----------------------------------------------------------------------------
                                  4.51   slack (MET)


Startpoint: in[2] (input port clocked by __VIRTUAL_CLK__)
Endpoint: out[2] (output port clocked by __VIRTUAL_CLK__)
Path Group: __VIRTUAL_CLK__
Path Type: min
Corner: Slowest

Fanout     Cap    Slew   Delay    Time   Description
-----------------------------------------------------------------------------
                  0.00    0.00    0.00   clock __VIRTUAL_CLK__ (rise edge)
                          0.00    0.00   clock network delay (ideal)
                          2.00    2.00 v input external delay
     1    0.00    0.02    0.01    2.01 v in[2] (in)
                                         in[2] (net)
                  0.02    0.00    2.01 v input3/A (sky130_fd_sc_hd__buf_1)
     3    0.02    0.18    0.23    2.24 v input3/X (sky130_fd_sc_hd__buf_1)
                                         net3 (net)
                  0.18    0.00    2.24 v _11_/A (sky130_fd_sc_hd__xnor2_1)
     1    0.00    0.10    0.27    2.51 v _11_/Y (sky130_fd_sc_hd__xnor2_1)
                                         net11 (net)
                  0.10    0.00    2.51 v output11/A (sky130_fd_sc_hd__buf_2)
     1    0.03    0.16    0.34    2.84 v output11/X (sky130_fd_sc_hd__buf_2)
                                         out[2] (net)
                  0.16    0.00    2.84 v out[2] (out)
                                  2.84   data arrival time

                  0.00    0.00    0.00   clock __VIRTUAL_CLK__ (rise edge)
                          0.00    0.00   clock network delay (ideal)
                          0.25    0.25   clock uncertainty
                          0.00    0.25   clock reconvergence pessimism
                         -2.00   -1.75   output external delay
                                 -1.75   data required time
-----------------------------------------------------------------------------
                                 -1.75   data required time
                                 -2.84   data arrival time
-----------------------------------------------------------------------------
                                  4.59   slack (MET)


Startpoint: in[5] (input port clocked by __VIRTUAL_CLK__)
Endpoint: out[5] (output port clocked by __VIRTUAL_CLK__)
Path Group: __VIRTUAL_CLK__
Path Type: min
Corner: Slowest

Fanout     Cap    Slew   Delay    Time   Description
-----------------------------------------------------------------------------
                  0.00    0.00    0.00   clock __VIRTUAL_CLK__ (rise edge)
                          0.00    0.00   clock network delay (ideal)
                          2.00    2.00 v input external delay
     1    0.00    0.02    0.01    2.01 v in[5] (in)
                                         in[5] (net)
                  0.02    0.00    2.01 v input6/A (sky130_fd_sc_hd__buf_1)
     3    0.02    0.18    0.23    2.24 v input6/X (sky130_fd_sc_hd__buf_1)
                                         net6 (net)
                  0.18    0.00    2.24 v _19_/A (sky130_fd_sc_hd__xnor2_1)
     1    0.01    0.13    0.30    2.53 v _19_/Y (sky130_fd_sc_hd__xnor2_1)
                                         net14 (net)
                  0.13    0.00    2.54 v output14/A (sky130_fd_sc_hd__buf_2)
     1    0.03    0.17    0.36    2.89 v output14/X (sky130_fd_sc_hd__buf_2)
                                         out[5] (net)
                  0.17    0.00    2.89 v out[5] (out)
                                  2.89   data arrival time

                  0.00    0.00    0.00   clock __VIRTUAL_CLK__ (rise edge)
                          0.00    0.00   clock network delay (ideal)
                          0.25    0.25   clock uncertainty
                          0.00    0.25   clock reconvergence pessimism
                         -2.00   -1.75   output external delay
                                 -1.75   data required time
-----------------------------------------------------------------------------
                                 -1.75   data required time
                                 -2.89   data arrival time
-----------------------------------------------------------------------------
                                  4.64   slack (MET)


Startpoint: in[0] (input port clocked by __VIRTUAL_CLK__)
Endpoint: out[0] (output port clocked by __VIRTUAL_CLK__)
Path Group: __VIRTUAL_CLK__
Path Type: min
Corner: Slowest

Fanout     Cap    Slew   Delay    Time   Description
-----------------------------------------------------------------------------
                  0.00    0.00    0.00   clock __VIRTUAL_CLK__ (rise edge)
                          0.00    0.00   clock network delay (ideal)
                          2.00    2.00 v input external delay
     1    0.00    0.02    0.01    2.01 v in[0] (in)
                                         in[0] (net)
                  0.02    0.00    2.01 v input1/A (sky130_fd_sc_hd__dlymetal6s2s_1)
     5    0.02    0.21    0.36    2.37 v input1/X (sky130_fd_sc_hd__dlymetal6s2s_1)
                                         net1 (net)
                  0.21    0.00    2.37 v _27_/A (sky130_fd_sc_hd__clkbuf_1)
     1    0.00    0.06    0.22    2.58 v _27_/X (sky130_fd_sc_hd__clkbuf_1)
                                         net9 (net)
                  0.06    0.00    2.58 v output9/A (sky130_fd_sc_hd__buf_2)
     1    0.03    0.17    0.32    2.91 v output9/X (sky130_fd_sc_hd__buf_2)
                                         out[0] (net)
                  0.17    0.00    2.91 v out[0] (out)
                                  2.91   data arrival time

                  0.00    0.00    0.00   clock __VIRTUAL_CLK__ (rise edge)
                          0.00    0.00   clock network delay (ideal)
                          0.25    0.25   clock uncertainty
                          0.00    0.25   clock reconvergence pessimism
                         -2.00   -1.75   output external delay
                                 -1.75   data required time
-----------------------------------------------------------------------------
                                 -1.75   data required time
                                 -2.91   data arrival time
-----------------------------------------------------------------------------
                                  4.66   slack (MET)


Startpoint: in[4] (input port clocked by __VIRTUAL_CLK__)
Endpoint: out[4] (output port clocked by __VIRTUAL_CLK__)
Path Group: __VIRTUAL_CLK__
Path Type: min
Corner: Slowest

Fanout     Cap    Slew   Delay    Time   Description
-----------------------------------------------------------------------------
                  0.00    0.00    0.00   clock __VIRTUAL_CLK__ (rise edge)
                          0.00    0.00   clock network delay (ideal)
                          2.00    2.00 ^ input external delay
     1    0.00    0.03    0.01    2.01 ^ in[4] (in)
                                         in[4] (net)
                  0.03    0.00    2.01 ^ input5/A (sky130_fd_sc_hd__buf_1)
     4    0.02    0.35    0.32    2.33 ^ input5/X (sky130_fd_sc_hd__buf_1)
                                         net5 (net)
                  0.35    0.00    2.33 ^ _17_/A (sky130_fd_sc_hd__and2_1)
     1    0.01    0.11    0.34    2.67 ^ _17_/X (sky130_fd_sc_hd__and2_1)
                                         _05_ (net)
                  0.11    0.00    2.67 ^ _18_/B (sky130_fd_sc_hd__nor2_1)
     1    0.00    0.05    0.09    2.76 v _18_/Y (sky130_fd_sc_hd__nor2_1)
                                         net13 (net)
                  0.05    0.00    2.76 v output13/A (sky130_fd_sc_hd__buf_2)
     1    0.03    0.16    0.32    3.08 v output13/X (sky130_fd_sc_hd__buf_2)
                                         out[4] (net)
                  0.16    0.00    3.08 v out[4] (out)
                                  3.08   data arrival time

                  0.00    0.00    0.00   clock __VIRTUAL_CLK__ (rise edge)
                          0.00    0.00   clock network delay (ideal)
                          0.25    0.25   clock uncertainty
                          0.00    0.25   clock reconvergence pessimism
                         -2.00   -1.75   output external delay
                                 -1.75   data required time
-----------------------------------------------------------------------------
                                 -1.75   data required time
                                 -3.08   data arrival time
-----------------------------------------------------------------------------
                                  4.83   slack (MET)


Startpoint: in[1] (input port clocked by __VIRTUAL_CLK__)
Endpoint: out[1] (output port clocked by __VIRTUAL_CLK__)
Path Group: __VIRTUAL_CLK__
Path Type: min
Corner: Slowest

Fanout     Cap    Slew   Delay    Time   Description
-----------------------------------------------------------------------------
                  0.00    0.00    0.00   clock __VIRTUAL_CLK__ (rise edge)
                          0.00    0.00   clock network delay (ideal)
                          2.00    2.00 ^ input external delay
     1    0.00    0.04    0.02    2.02 ^ in[1] (in)
                                         in[1] (net)
                  0.04    0.00    2.02 ^ input2/A (sky130_fd_sc_hd__buf_1)
     4    0.02    0.32    0.30    2.32 ^ input2/X (sky130_fd_sc_hd__buf_1)
                                         net2 (net)
                  0.32    0.00    2.32 ^ _25_/A (sky130_fd_sc_hd__and2_1)
     1    0.01    0.15    0.35    2.67 ^ _25_/X (sky130_fd_sc_hd__and2_1)
                                         _09_ (net)
                  0.15    0.00    2.67 ^ _26_/B (sky130_fd_sc_hd__nor2_1)
     1    0.01    0.07    0.11    2.78 v _26_/Y (sky130_fd_sc_hd__nor2_1)
                                         net10 (net)
                  0.07    0.00    2.78 v output10/A (sky130_fd_sc_hd__buf_2)
     1    0.03    0.16    0.32    3.11 v output10/X (sky130_fd_sc_hd__buf_2)
                                         out[1] (net)
                  0.16    0.00    3.11 v out[1] (out)
                                  3.11   data arrival time

                  0.00    0.00    0.00   clock __VIRTUAL_CLK__ (rise edge)
                          0.00    0.00   clock network delay (ideal)
                          0.25    0.25   clock uncertainty
                          0.00    0.25   clock reconvergence pessimism
                         -2.00   -1.75   output external delay
                                 -1.75   data required time
-----------------------------------------------------------------------------
                                 -1.75   data required time
                                 -3.11   data arrival time
-----------------------------------------------------------------------------
                                  4.86   slack (MET)


Startpoint: in[6] (input port clocked by __VIRTUAL_CLK__)
Endpoint: out[6] (output port clocked by __VIRTUAL_CLK__)
Path Group: __VIRTUAL_CLK__
Path Type: min
Corner: Slowest

Fanout     Cap    Slew   Delay    Time   Description
-----------------------------------------------------------------------------
                  0.00    0.00    0.00   clock __VIRTUAL_CLK__ (rise edge)
                          0.00    0.00   clock network delay (ideal)
                          2.00    2.00 v input external delay
     1    0.00    0.02    0.01    2.01 v in[6] (in)
                                         in[6] (net)
                  0.02    0.00    2.01 v input7/A (sky130_fd_sc_hd__buf_1)
     2    0.01    0.12    0.18    2.19 v input7/X (sky130_fd_sc_hd__buf_1)
                                         net7 (net)
                  0.12    0.00    2.19 v _21_/B1 (sky130_fd_sc_hd__o31ai_1)
     1    0.01    0.13    0.14    2.33 ^ _21_/Y (sky130_fd_sc_hd__o31ai_1)
                                         _07_ (net)
                  0.13    0.00    2.33 ^ _22_/B (sky130_fd_sc_hd__and2_1)
     1    0.00    0.08    0.24    2.57 ^ _22_/X (sky130_fd_sc_hd__and2_1)
                                         _08_ (net)
                  0.08    0.00    2.57 ^ _23_/A (sky130_fd_sc_hd__clkbuf_1)
     1    0.01    0.15    0.20    2.77 ^ _23_/X (sky130_fd_sc_hd__clkbuf_1)
                                         net15 (net)
                  0.15    0.00    2.77 ^ output15/A (sky130_fd_sc_hd__buf_2)
     1    0.03    0.27    0.36    3.13 ^ output15/X (sky130_fd_sc_hd__buf_2)
                                         out[6] (net)
                  0.27    0.00    3.13 ^ out[6] (out)
                                  3.13   data arrival time

                  0.00    0.00    0.00   clock __VIRTUAL_CLK__ (rise edge)
                          0.00    0.00   clock network delay (ideal)
                          0.25    0.25   clock uncertainty
                          0.00    0.25   clock reconvergence pessimism
                         -2.00   -1.75   output external delay
                                 -1.75   data required time
-----------------------------------------------------------------------------
                                 -1.75   data required time
                                 -3.13   data arrival time
-----------------------------------------------------------------------------
                                  4.88   slack (MET)


Startpoint: in[3] (input port clocked by __VIRTUAL_CLK__)
Endpoint: out[3] (output port clocked by __VIRTUAL_CLK__)
Path Group: __VIRTUAL_CLK__
Path Type: min
Corner: Slowest

Fanout     Cap    Slew   Delay    Time   Description
-----------------------------------------------------------------------------
                  0.00    0.00    0.00   clock __VIRTUAL_CLK__ (rise edge)
                          0.00    0.00   clock network delay (ideal)
                          2.00    2.00 v input external delay
     1    0.00    0.02    0.01    2.01 v in[3] (in)
                                         in[3] (net)
                  0.02    0.00    2.01 v input4/A (sky130_fd_sc_hd__clkbuf_1)
     2    0.01    0.10    0.17    2.18 v input4/X (sky130_fd_sc_hd__clkbuf_1)
                                         net4 (net)
                  0.10    0.00    2.18 v _12_/B1 (sky130_fd_sc_hd__o31a_1)
     1    0.00    0.05    0.18    2.36 v _12_/X (sky130_fd_sc_hd__o31a_1)
                                         _01_ (net)
                  0.05    0.00    2.36 v _14_/A_N (sky130_fd_sc_hd__and2b_1)
     1    0.01    0.14    0.39    2.76 ^ _14_/X (sky130_fd_sc_hd__and2b_1)
                                         _03_ (net)
                  0.14    0.00    2.76 ^ _15_/A (sky130_fd_sc_hd__clkbuf_1)
     1    0.01    0.12    0.20    2.96 ^ _15_/X (sky130_fd_sc_hd__clkbuf_1)
                                         net12 (net)
                  0.12    0.00    2.96 ^ output12/A (sky130_fd_sc_hd__buf_2)
     1    0.03    0.27    0.35    3.31 ^ output12/X (sky130_fd_sc_hd__buf_2)
                                         out[3] (net)
                  0.27    0.00    3.31 ^ out[3] (out)
                                  3.31   data arrival time

                  0.00    0.00    0.00   clock __VIRTUAL_CLK__ (rise edge)
                          0.00    0.00   clock network delay (ideal)
                          0.25    0.25   clock uncertainty
                          0.00    0.25   clock reconvergence pessimism
                         -2.00   -1.75   output external delay
                                 -1.75   data required time
-----------------------------------------------------------------------------
                                 -1.75   data required time
                                 -3.31   data arrival time
-----------------------------------------------------------------------------
                                  5.06   slack (MET)



worst slack corner Slowest: 4.5111
======================= Typical Corner ===================================

Startpoint: in[7] (input port clocked by __VIRTUAL_CLK__)
Endpoint: out[7] (output port clocked by __VIRTUAL_CLK__)
Path Group: __VIRTUAL_CLK__
Path Type: min
Corner: Typical

Fanout     Cap    Slew   Delay    Time   Description
-----------------------------------------------------------------------------
                  0.00    0.00    0.00   clock __VIRTUAL_CLK__ (rise edge)
                          0.00    0.00   clock network delay (ideal)
                          2.00    2.00 ^ input external delay
     1    0.00    0.02    0.01    2.01 ^ in[7] (in)
                                         in[7] (net)
                  0.02    0.00    2.01 ^ input8/A (sky130_fd_sc_hd__clkbuf_1)
     1    0.01    0.11    0.11    2.12 ^ input8/X (sky130_fd_sc_hd__clkbuf_1)
                                         net8 (net)
                  0.11    0.00    2.13 ^ _24_/A (sky130_fd_sc_hd__xor2_1)
     1    0.01    0.06    0.10    2.22 v _24_/X (sky130_fd_sc_hd__xor2_1)
                                         net16 (net)
                  0.06    0.00    2.23 v output16/A (sky130_fd_sc_hd__clkbuf_4)
     1    0.03    0.08    0.18    2.40 v output16/X (sky130_fd_sc_hd__clkbuf_4)
                                         out[7] (net)
                  0.08    0.00    2.40 v out[7] (out)
                                  2.40   data arrival time

                  0.00    0.00    0.00   clock __VIRTUAL_CLK__ (rise edge)
                          0.00    0.00   clock network delay (ideal)
                          0.25    0.25   clock uncertainty
                          0.00    0.25   clock reconvergence pessimism
                         -2.00   -1.75   output external delay
                                 -1.75   data required time
-----------------------------------------------------------------------------
                                 -1.75   data required time
                                 -2.40   data arrival time
-----------------------------------------------------------------------------
                                  4.15   slack (MET)


Startpoint: in[2] (input port clocked by __VIRTUAL_CLK__)
Endpoint: out[2] (output port clocked by __VIRTUAL_CLK__)
Path Group: __VIRTUAL_CLK__
Path Type: min
Corner: Typical

Fanout     Cap    Slew   Delay    Time   Description
-----------------------------------------------------------------------------
                  0.00    0.00    0.00   clock __VIRTUAL_CLK__ (rise edge)
                          0.00    0.00   clock network delay (ideal)
                          2.00    2.00 v input external delay
     1    0.00    0.01    0.00    2.00 v in[2] (in)
                                         in[2] (net)
                  0.01    0.00    2.00 v input3/A (sky130_fd_sc_hd__buf_1)
     3    0.02    0.09    0.12    2.12 v input3/X (sky130_fd_sc_hd__buf_1)
                                         net3 (net)
                  0.09    0.00    2.12 v _11_/A (sky130_fd_sc_hd__xnor2_1)
     1    0.00    0.05    0.14    2.27 v _11_/Y (sky130_fd_sc_hd__xnor2_1)
                                         net11 (net)
                  0.05    0.00    2.27 v output11/A (sky130_fd_sc_hd__buf_2)
     1    0.03    0.09    0.17    2.44 v output11/X (sky130_fd_sc_hd__buf_2)
                                         out[2] (net)
                  0.09    0.00    2.44 v out[2] (out)
                                  2.44   data arrival time

                  0.00    0.00    0.00   clock __VIRTUAL_CLK__ (rise edge)
                          0.00    0.00   clock network delay (ideal)
                          0.25    0.25   clock uncertainty
                          0.00    0.25   clock reconvergence pessimism
                         -2.00   -1.75   output external delay
                                 -1.75   data required time
-----------------------------------------------------------------------------
                                 -1.75   data required time
                                 -2.44   data arrival time
-----------------------------------------------------------------------------
                                  4.19   slack (MET)


Startpoint: in[0] (input port clocked by __VIRTUAL_CLK__)
Endpoint: out[0] (output port clocked by __VIRTUAL_CLK__)
Path Group: __VIRTUAL_CLK__
Path Type: min
Corner: Typical

Fanout     Cap    Slew   Delay    Time   Description
-----------------------------------------------------------------------------
                  0.00    0.00    0.00   clock __VIRTUAL_CLK__ (rise edge)
                          0.00    0.00   clock network delay (ideal)
                          2.00    2.00 v input external delay
     1    0.00    0.01    0.00    2.00 v in[0] (in)
                                         in[0] (net)
                  0.01    0.00    2.00 v input1/A (sky130_fd_sc_hd__dlymetal6s2s_1)
     5    0.02    0.11    0.17    2.18 v input1/X (sky130_fd_sc_hd__dlymetal6s2s_1)
                                         net1 (net)
                  0.11    0.00    2.18 v _27_/A (sky130_fd_sc_hd__clkbuf_1)
     1    0.00    0.03    0.11    2.29 v _27_/X (sky130_fd_sc_hd__clkbuf_1)
                                         net9 (net)
                  0.03    0.00    2.29 v output9/A (sky130_fd_sc_hd__buf_2)
     1    0.03    0.09    0.16    2.46 v output9/X (sky130_fd_sc_hd__buf_2)
                                         out[0] (net)
                  0.09    0.00    2.46 v out[0] (out)
                                  2.46   data arrival time

                  0.00    0.00    0.00   clock __VIRTUAL_CLK__ (rise edge)
                          0.00    0.00   clock network delay (ideal)
                          0.25    0.25   clock uncertainty
                          0.00    0.25   clock reconvergence pessimism
                         -2.00   -1.75   output external delay
                                 -1.75   data required time
-----------------------------------------------------------------------------
                                 -1.75   data required time
                                 -2.46   data arrival time
-----------------------------------------------------------------------------
                                  4.21   slack (MET)


Startpoint: in[5] (input port clocked by __VIRTUAL_CLK__)
Endpoint: out[5] (output port clocked by __VIRTUAL_CLK__)
Path Group: __VIRTUAL_CLK__
Path Type: min
Corner: Typical

Fanout     Cap    Slew   Delay    Time   Description
-----------------------------------------------------------------------------
                  0.00    0.00    0.00   clock __VIRTUAL_CLK__ (rise edge)
                          0.00    0.00   clock network delay (ideal)
                          2.00    2.00 v input external delay
     1    0.00    0.01    0.00    2.00 v in[5] (in)
                                         in[5] (net)
                  0.01    0.00    2.00 v input6/A (sky130_fd_sc_hd__buf_1)
     3    0.02    0.09    0.12    2.12 v input6/X (sky130_fd_sc_hd__buf_1)
                                         net6 (net)
                  0.09    0.00    2.13 v _19_/A (sky130_fd_sc_hd__xnor2_1)
     1    0.01    0.06    0.16    2.28 v _19_/Y (sky130_fd_sc_hd__xnor2_1)
                                         net14 (net)
                  0.06    0.00    2.28 v output14/A (sky130_fd_sc_hd__buf_2)
     1    0.03    0.09    0.18    2.46 v output14/X (sky130_fd_sc_hd__buf_2)
                                         out[5] (net)
                  0.09    0.00    2.46 v out[5] (out)
                                  2.46   data arrival time

                  0.00    0.00    0.00   clock __VIRTUAL_CLK__ (rise edge)
                          0.00    0.00   clock network delay (ideal)
                          0.25    0.25   clock uncertainty
                          0.00    0.25   clock reconvergence pessimism
                         -2.00   -1.75   output external delay
                                 -1.75   data required time
-----------------------------------------------------------------------------
                                 -1.75   data required time
                                 -2.46   data arrival time
-----------------------------------------------------------------------------
                                  4.21   slack (MET)


Startpoint: in[4] (input port clocked by __VIRTUAL_CLK__)
Endpoint: out[4] (output port clocked by __VIRTUAL_CLK__)
Path Group: __VIRTUAL_CLK__
Path Type: min
Corner: Typical

Fanout     Cap    Slew   Delay    Time   Description
-----------------------------------------------------------------------------
                  0.00    0.00    0.00   clock __VIRTUAL_CLK__ (rise edge)
                          0.00    0.00   clock network delay (ideal)
                          2.00    2.00 ^ input external delay
     1    0.00    0.02    0.01    2.01 ^ in[4] (in)
                                         in[4] (net)
                  0.02    0.00    2.01 ^ input5/A (sky130_fd_sc_hd__buf_1)
     4    0.02    0.22    0.19    2.20 ^ input5/X (sky130_fd_sc_hd__buf_1)
                                         net5 (net)
                  0.22    0.00    2.20 ^ _17_/A (sky130_fd_sc_hd__and2_1)
     1    0.01    0.07    0.17    2.36 ^ _17_/X (sky130_fd_sc_hd__and2_1)
                                         _05_ (net)
                  0.07    0.00    2.37 ^ _18_/B (sky130_fd_sc_hd__nor2_1)
     1    0.00    0.03    0.04    2.41 v _18_/Y (sky130_fd_sc_hd__nor2_1)
                                         net13 (net)
                  0.03    0.00    2.41 v output13/A (sky130_fd_sc_hd__buf_2)
     1    0.03    0.09    0.16    2.57 v output13/X (sky130_fd_sc_hd__buf_2)
                                         out[4] (net)
                  0.09    0.00    2.58 v out[4] (out)
                                  2.58   data arrival time

                  0.00    0.00    0.00   clock __VIRTUAL_CLK__ (rise edge)
                          0.00    0.00   clock network delay (ideal)
                          0.25    0.25   clock uncertainty
                          0.00    0.25   clock reconvergence pessimism
                         -2.00   -1.75   output external delay
                                 -1.75   data required time
-----------------------------------------------------------------------------
                                 -1.75   data required time
                                 -2.58   data arrival time
-----------------------------------------------------------------------------
                                  4.33   slack (MET)


Startpoint: in[1] (input port clocked by __VIRTUAL_CLK__)
Endpoint: out[1] (output port clocked by __VIRTUAL_CLK__)
Path Group: __VIRTUAL_CLK__
Path Type: min
Corner: Typical

Fanout     Cap    Slew   Delay    Time   Description
-----------------------------------------------------------------------------
                  0.00    0.00    0.00   clock __VIRTUAL_CLK__ (rise edge)
                          0.00    0.00   clock network delay (ideal)
                          2.00    2.00 ^ input external delay
     1    0.00    0.03    0.01    2.01 ^ in[1] (in)
                                         in[1] (net)
                  0.03    0.00    2.01 ^ input2/A (sky130_fd_sc_hd__buf_1)
     4    0.02    0.20    0.17    2.19 ^ input2/X (sky130_fd_sc_hd__buf_1)
                                         net2 (net)
                  0.20    0.00    2.19 ^ _25_/A (sky130_fd_sc_hd__and2_1)
     1    0.01    0.09    0.18    2.37 ^ _25_/X (sky130_fd_sc_hd__and2_1)
                                         _09_ (net)
                  0.09    0.00    2.37 ^ _26_/B (sky130_fd_sc_hd__nor2_1)
     1    0.01    0.04    0.06    2.42 v _26_/Y (sky130_fd_sc_hd__nor2_1)
                                         net10 (net)
                  0.04    0.00    2.42 v output10/A (sky130_fd_sc_hd__buf_2)
     1    0.03    0.09    0.17    2.59 v output10/X (sky130_fd_sc_hd__buf_2)
                                         out[1] (net)
                  0.09    0.00    2.59 v out[1] (out)
                                  2.59   data arrival time

                  0.00    0.00    0.00   clock __VIRTUAL_CLK__ (rise edge)
                          0.00    0.00   clock network delay (ideal)
                          0.25    0.25   clock uncertainty
                          0.00    0.25   clock reconvergence pessimism
                         -2.00   -1.75   output external delay
                                 -1.75   data required time
-----------------------------------------------------------------------------
                                 -1.75   data required time
                                 -2.59   data arrival time
-----------------------------------------------------------------------------
                                  4.34   slack (MET)


Startpoint: in[6] (input port clocked by __VIRTUAL_CLK__)
Endpoint: out[6] (output port clocked by __VIRTUAL_CLK__)
Path Group: __VIRTUAL_CLK__
Path Type: min
Corner: Typical

Fanout     Cap    Slew   Delay    Time   Description
-----------------------------------------------------------------------------
                  0.00    0.00    0.00   clock __VIRTUAL_CLK__ (rise edge)
                          0.00    0.00   clock network delay (ideal)
                          2.00    2.00 v input external delay
     1    0.00    0.01    0.00    2.00 v in[6] (in)
                                         in[6] (net)
                  0.01    0.00    2.00 v input7/A (sky130_fd_sc_hd__buf_1)
     2    0.01    0.06    0.10    2.10 v input7/X (sky130_fd_sc_hd__buf_1)
                                         net7 (net)
                  0.06    0.00    2.10 v _21_/B1 (sky130_fd_sc_hd__o31ai_1)
     1    0.01    0.08    0.08    2.18 ^ _21_/Y (sky130_fd_sc_hd__o31ai_1)
                                         _07_ (net)
                  0.08    0.00    2.18 ^ _22_/B (sky130_fd_sc_hd__and2_1)
     1    0.00    0.05    0.12    2.30 ^ _22_/X (sky130_fd_sc_hd__and2_1)
                                         _08_ (net)
                  0.05    0.00    2.30 ^ _23_/A (sky130_fd_sc_hd__clkbuf_1)
     1    0.01    0.09    0.11    2.41 ^ _23_/X (sky130_fd_sc_hd__clkbuf_1)
                                         net15 (net)
                  0.09    0.00    2.41 ^ output15/A (sky130_fd_sc_hd__buf_2)
     1    0.03    0.17    0.20    2.61 ^ output15/X (sky130_fd_sc_hd__buf_2)
                                         out[6] (net)
                  0.17    0.00    2.62 ^ out[6] (out)
                                  2.62   data arrival time

                  0.00    0.00    0.00   clock __VIRTUAL_CLK__ (rise edge)
                          0.00    0.00   clock network delay (ideal)
                          0.25    0.25   clock uncertainty
                          0.00    0.25   clock reconvergence pessimism
                         -2.00   -1.75   output external delay
                                 -1.75   data required time
-----------------------------------------------------------------------------
                                 -1.75   data required time
                                 -2.62   data arrival time
-----------------------------------------------------------------------------
                                  4.37   slack (MET)


Startpoint: in[3] (input port clocked by __VIRTUAL_CLK__)
Endpoint: out[3] (output port clocked by __VIRTUAL_CLK__)
Path Group: __VIRTUAL_CLK__
Path Type: min
Corner: Typical

Fanout     Cap    Slew   Delay    Time   Description
-----------------------------------------------------------------------------
                  0.00    0.00    0.00   clock __VIRTUAL_CLK__ (rise edge)
                          0.00    0.00   clock network delay (ideal)
                          2.00    2.00 v input external delay
     1    0.00    0.01    0.00    2.00 v in[3] (in)
                                         in[3] (net)
                  0.01    0.00    2.00 v input4/A (sky130_fd_sc_hd__clkbuf_1)
     2    0.01    0.05    0.09    2.09 v input4/X (sky130_fd_sc_hd__clkbuf_1)
                                         net4 (net)
                  0.05    0.00    2.10 v _12_/B1 (sky130_fd_sc_hd__o31a_1)
     1    0.00    0.03    0.09    2.19 v _12_/X (sky130_fd_sc_hd__o31a_1)
                                         _01_ (net)
                  0.03    0.00    2.19 v _14_/A_N (sky130_fd_sc_hd__and2b_1)
     1    0.01    0.09    0.20    2.39 ^ _14_/X (sky130_fd_sc_hd__and2b_1)
                                         _03_ (net)
                  0.09    0.00    2.39 ^ _15_/A (sky130_fd_sc_hd__clkbuf_1)
     1    0.01    0.07    0.11    2.50 ^ _15_/X (sky130_fd_sc_hd__clkbuf_1)
                                         net12 (net)
                  0.07    0.00    2.50 ^ output12/A (sky130_fd_sc_hd__buf_2)
     1    0.03    0.17    0.20    2.69 ^ output12/X (sky130_fd_sc_hd__buf_2)
                                         out[3] (net)
                  0.17    0.00    2.70 ^ out[3] (out)
                                  2.70   data arrival time

                  0.00    0.00    0.00   clock __VIRTUAL_CLK__ (rise edge)
                          0.00    0.00   clock network delay (ideal)
                          0.25    0.25   clock uncertainty
                          0.00    0.25   clock reconvergence pessimism
                         -2.00   -1.75   output external delay
                                 -1.75   data required time
-----------------------------------------------------------------------------
                                 -1.75   data required time
                                 -2.70   data arrival time
-----------------------------------------------------------------------------
                                  4.45   slack (MET)



worst slack corner Typical: 4.1548
