
===========================================================================
 report_power
============================================================================
======================= Fastest Corner ===================================

Group                  Internal  Switching    Leakage      Total
                          Power      Power      Power      Power (Watts)
----------------------------------------------------------------
Sequential             0.00e+00   0.00e+00   0.00e+00   0.00e+00   0.0%
Combinational          4.89e-06   1.16e-05   1.59e-10   1.65e-05 100.0%
Clock                  0.00e+00   0.00e+00   1.63e-10   1.63e-10   0.0%
Macro                  0.00e+00   0.00e+00   0.00e+00   0.00e+00   0.0%
Pad                    0.00e+00   0.00e+00   0.00e+00   0.00e+00   0.0%
----------------------------------------------------------------
Total                  4.89e-06   1.16e-05   3.21e-10   1.65e-05 100.0%
                          29.7%      70.3%       0.0%

======================= Slowest Corner ===================================

Group                  Internal  Switching    Leakage      Total
                          Power      Power      Power      Power (Watts)
----------------------------------------------------------------
Sequential             0.00e+00   0.00e+00   0.00e+00   0.00e+00   0.0%
Combinational          3.62e-06   7.72e-06   1.53e-07   1.15e-05 100.0%
Clock                  0.00e+00   0.00e+00   1.63e-10   1.63e-10   0.0%
Macro                  0.00e+00   0.00e+00   0.00e+00   0.00e+00   0.0%
Pad                    0.00e+00   0.00e+00   0.00e+00   0.00e+00   0.0%
----------------------------------------------------------------
Total                  3.62e-06   7.72e-06   1.53e-07   1.15e-05 100.0%
                          31.5%      67.2%       1.3%

======================= Typical Corner ===================================

Group                  Internal  Switching    Leakage      Total
                          Power      Power      Power      Power (Watts)
----------------------------------------------------------------
Sequential             0.00e+00   0.00e+00   0.00e+00   0.00e+00   0.0%
Combinational          4.39e-06   9.82e-06   8.86e-11   1.42e-05 100.0%
Clock                  0.00e+00   0.00e+00   1.63e-10   1.63e-10   0.0%
Macro                  0.00e+00   0.00e+00   0.00e+00   0.00e+00   0.0%
Pad                    0.00e+00   0.00e+00   0.00e+00   0.00e+00   0.0%
----------------------------------------------------------------
Total                  4.39e-06   9.82e-06   2.51e-10   1.42e-05 100.0%
                          30.9%      69.1%       0.0%

