
===========================================================================
report_checks -path_delay max (Setup)
============================================================================
======================= Typical Corner ===================================

Startpoint: A[2] (input port clocked by __VIRTUAL_CLK__)
Endpoint: out[7] (output port clocked by __VIRTUAL_CLK__)
Path Group: __VIRTUAL_CLK__
Path Type: max

Fanout     Cap    Slew   Delay    Time   Description
-----------------------------------------------------------------------------
                  0.00    0.00    0.00   clock __VIRTUAL_CLK__ (rise edge)
                          0.00    0.00   clock network delay (ideal)
                          2.00    2.00 v input external delay
     1    0.01    0.02    0.01    2.01 v A[2] (in)
                                         A[2] (net)
                  0.02    0.00    2.01 v input3/A (sky130_fd_sc_hd__buf_12)
     4    0.02    0.03    0.12    2.13 v input3/X (sky130_fd_sc_hd__buf_12)
                                         net3 (net)
                  0.03    0.00    2.13 v rebuffer22/A (sky130_fd_sc_hd__buf_12)
     4    0.03    0.03    0.13    2.26 v rebuffer22/X (sky130_fd_sc_hd__buf_12)
                                         net54 (net)
                  0.03    0.00    2.26 v rebuffer24/A (sky130_fd_sc_hd__buf_2)
     1    0.00    0.02    0.11    2.37 v rebuffer24/X (sky130_fd_sc_hd__buf_2)
                                         net56 (net)
                  0.02    0.00    2.37 v _323_/C (sky130_fd_sc_hd__and4_4)
     3    0.03    0.07    0.22    2.59 v _323_/X (sky130_fd_sc_hd__and4_4)
                                         _003_ (net)
                  0.07    0.00    2.59 v _325_/B (sky130_fd_sc_hd__or3_4)
     2    0.02    0.09    0.43    3.02 v _325_/X (sky130_fd_sc_hd__or3_4)
                                         _005_ (net)
                  0.09    0.00    3.02 v _330_/A1 (sky130_fd_sc_hd__a21o_4)
     2    0.02    0.06    0.25    3.27 v _330_/X (sky130_fd_sc_hd__a21o_4)
                                         _010_ (net)
                  0.06    0.00    3.28 v _331_/B (sky130_fd_sc_hd__and2b_2)
     1    0.02    0.07    0.25    3.53 v _331_/X (sky130_fd_sc_hd__and2b_2)
                                         _011_ (net)
                  0.07    0.00    3.53 v _332_/B (sky130_fd_sc_hd__xnor2_4)
     2    0.04    0.31    0.30    3.83 ^ _332_/Y (sky130_fd_sc_hd__xnor2_4)
                                         _012_ (net)
                  0.31    0.01    3.83 ^ _333_/A (sky130_fd_sc_hd__nand2_4)
     3    0.03    0.12    0.15    3.98 v _333_/Y (sky130_fd_sc_hd__nand2_4)
                                         _013_ (net)
                  0.12    0.00    3.99 v _359_/A_N (sky130_fd_sc_hd__nand3b_4)
     4    0.05    0.18    0.30    4.28 v _359_/Y (sky130_fd_sc_hd__nand3b_4)
                                         _038_ (net)
                  0.18    0.00    4.29 v _438_/A2 (sky130_fd_sc_hd__a2111oi_4)
     2    0.01    0.34    0.48    4.77 ^ _438_/Y (sky130_fd_sc_hd__a2111oi_4)
                                         _115_ (net)
                  0.34    0.00    4.77 ^ rebuffer4/A (sky130_fd_sc_hd__buf_6)
     1    0.01    0.04    0.17    4.94 ^ rebuffer4/X (sky130_fd_sc_hd__buf_6)
                                         net36 (net)
                  0.04    0.00    4.94 ^ _497_/B1 (sky130_fd_sc_hd__a21oi_4)
     1    0.02    0.07    0.04    4.98 v _497_/Y (sky130_fd_sc_hd__a21oi_4)
                                         _173_ (net)
                  0.07    0.00    4.98 v _498_/A1 (sky130_fd_sc_hd__o21a_1)
     1    0.01    0.06    0.23    5.21 v _498_/X (sky130_fd_sc_hd__o21a_1)
                                         _174_ (net)
                  0.06    0.00    5.21 v _503_/A3 (sky130_fd_sc_hd__o32a_4)
     1    0.02    0.08    0.37    5.58 v _503_/X (sky130_fd_sc_hd__o32a_4)
                                         net27 (net)
                  0.08    0.00    5.59 v output27/A (sky130_fd_sc_hd__buf_8)
     1    0.03    0.04    0.16    5.74 v output27/X (sky130_fd_sc_hd__buf_8)
                                         out[7] (net)
                  0.04    0.00    5.75 v out[7] (out)
                                  5.75   data arrival time

                  0.00   10.00   10.00   clock __VIRTUAL_CLK__ (rise edge)
                          0.00   10.00   clock network delay (ideal)
                         -0.25    9.75   clock uncertainty
                          0.00    9.75   clock reconvergence pessimism
                         -2.00    7.75   output external delay
                                  7.75   data required time
-----------------------------------------------------------------------------
                                  7.75   data required time
                                 -5.75   data arrival time
-----------------------------------------------------------------------------
                                  2.00   slack (MET)


Startpoint: A[2] (input port clocked by __VIRTUAL_CLK__)
Endpoint: out[6] (output port clocked by __VIRTUAL_CLK__)
Path Group: __VIRTUAL_CLK__
Path Type: max

Fanout     Cap    Slew   Delay    Time   Description
-----------------------------------------------------------------------------
                  0.00    0.00    0.00   clock __VIRTUAL_CLK__ (rise edge)
                          0.00    0.00   clock network delay (ideal)
                          2.00    2.00 v input external delay
     1    0.01    0.02    0.01    2.01 v A[2] (in)
                                         A[2] (net)
                  0.02    0.00    2.01 v input3/A (sky130_fd_sc_hd__buf_12)
     4    0.02    0.03    0.12    2.13 v input3/X (sky130_fd_sc_hd__buf_12)
                                         net3 (net)
                  0.03    0.00    2.13 v rebuffer22/A (sky130_fd_sc_hd__buf_12)
     4    0.03    0.03    0.13    2.26 v rebuffer22/X (sky130_fd_sc_hd__buf_12)
                                         net54 (net)
                  0.03    0.00    2.26 v rebuffer24/A (sky130_fd_sc_hd__buf_2)
     1    0.00    0.02    0.11    2.37 v rebuffer24/X (sky130_fd_sc_hd__buf_2)
                                         net56 (net)
                  0.02    0.00    2.37 v _323_/C (sky130_fd_sc_hd__and4_4)
     3    0.03    0.07    0.22    2.59 v _323_/X (sky130_fd_sc_hd__and4_4)
                                         _003_ (net)
                  0.07    0.00    2.59 v _325_/B (sky130_fd_sc_hd__or3_4)
     2    0.02    0.09    0.43    3.02 v _325_/X (sky130_fd_sc_hd__or3_4)
                                         _005_ (net)
                  0.09    0.00    3.02 v _330_/A1 (sky130_fd_sc_hd__a21o_4)
     2    0.02    0.06    0.25    3.27 v _330_/X (sky130_fd_sc_hd__a21o_4)
                                         _010_ (net)
                  0.06    0.00    3.28 v _331_/B (sky130_fd_sc_hd__and2b_2)
     1    0.02    0.07    0.25    3.53 v _331_/X (sky130_fd_sc_hd__and2b_2)
                                         _011_ (net)
                  0.07    0.00    3.53 v _332_/B (sky130_fd_sc_hd__xnor2_4)
     2    0.04    0.31    0.30    3.83 ^ _332_/Y (sky130_fd_sc_hd__xnor2_4)
                                         _012_ (net)
                  0.31    0.01    3.83 ^ _333_/A (sky130_fd_sc_hd__nand2_4)
     3    0.03    0.12    0.15    3.98 v _333_/Y (sky130_fd_sc_hd__nand2_4)
                                         _013_ (net)
                  0.12    0.00    3.99 v _359_/A_N (sky130_fd_sc_hd__nand3b_4)
     4    0.05    0.18    0.30    4.28 v _359_/Y (sky130_fd_sc_hd__nand3b_4)
                                         _038_ (net)
                  0.18    0.00    4.29 v _438_/A2 (sky130_fd_sc_hd__a2111oi_4)
     2    0.01    0.34    0.48    4.77 ^ _438_/Y (sky130_fd_sc_hd__a2111oi_4)
                                         _115_ (net)
                  0.34    0.00    4.77 ^ wire29/A (sky130_fd_sc_hd__buf_2)
     2    0.02    0.09    0.23    5.00 ^ wire29/X (sky130_fd_sc_hd__buf_2)
                                         net29 (net)
                  0.09    0.00    5.00 ^ wire28/A (sky130_fd_sc_hd__clkbuf_2)
     1    0.02    0.09    0.16    5.16 ^ wire28/X (sky130_fd_sc_hd__clkbuf_2)
                                         net28 (net)
                  0.09    0.00    5.17 ^ _441_/A (sky130_fd_sc_hd__or2_4)
     1    0.03    0.09    0.18    5.35 ^ _441_/X (sky130_fd_sc_hd__or2_4)
                                         _118_ (net)
                  0.10    0.00    5.35 ^ _453_/B2 (sky130_fd_sc_hd__a22oi_4)
     1    0.03    0.09    0.10    5.45 v _453_/Y (sky130_fd_sc_hd__a22oi_4)
                                         net26 (net)
                  0.09    0.01    5.45 v output26/A (sky130_fd_sc_hd__buf_6)
     1    0.03    0.04    0.17    5.62 v output26/X (sky130_fd_sc_hd__buf_6)
                                         out[6] (net)
                  0.04    0.00    5.62 v out[6] (out)
                                  5.62   data arrival time

                  0.00   10.00   10.00   clock __VIRTUAL_CLK__ (rise edge)
                          0.00   10.00   clock network delay (ideal)
                         -0.25    9.75   clock uncertainty
                          0.00    9.75   clock reconvergence pessimism
                         -2.00    7.75   output external delay
                                  7.75   data required time
-----------------------------------------------------------------------------
                                  7.75   data required time
                                 -5.62   data arrival time
-----------------------------------------------------------------------------
                                  2.13   slack (MET)


Startpoint: A[2] (input port clocked by __VIRTUAL_CLK__)
Endpoint: out[5] (output port clocked by __VIRTUAL_CLK__)
Path Group: __VIRTUAL_CLK__
Path Type: max

Fanout     Cap    Slew   Delay    Time   Description
-----------------------------------------------------------------------------
                  0.00    0.00    0.00   clock __VIRTUAL_CLK__ (rise edge)
                          0.00    0.00   clock network delay (ideal)
                          2.00    2.00 v input external delay
     1    0.01    0.02    0.01    2.01 v A[2] (in)
                                         A[2] (net)
                  0.02    0.00    2.01 v input3/A (sky130_fd_sc_hd__buf_12)
     4    0.02    0.03    0.12    2.13 v input3/X (sky130_fd_sc_hd__buf_12)
                                         net3 (net)
                  0.03    0.00    2.13 v rebuffer22/A (sky130_fd_sc_hd__buf_12)
     4    0.03    0.03    0.13    2.26 v rebuffer22/X (sky130_fd_sc_hd__buf_12)
                                         net54 (net)
                  0.03    0.00    2.26 v rebuffer24/A (sky130_fd_sc_hd__buf_2)
     1    0.00    0.02    0.11    2.37 v rebuffer24/X (sky130_fd_sc_hd__buf_2)
                                         net56 (net)
                  0.02    0.00    2.37 v _323_/C (sky130_fd_sc_hd__and4_4)
     3    0.03    0.07    0.22    2.59 v _323_/X (sky130_fd_sc_hd__and4_4)
                                         _003_ (net)
                  0.07    0.00    2.59 v _325_/B (sky130_fd_sc_hd__or3_4)
     2    0.02    0.09    0.43    3.02 v _325_/X (sky130_fd_sc_hd__or3_4)
                                         _005_ (net)
                  0.09    0.00    3.02 v _330_/A1 (sky130_fd_sc_hd__a21o_4)
     2    0.02    0.06    0.25    3.27 v _330_/X (sky130_fd_sc_hd__a21o_4)
                                         _010_ (net)
                  0.06    0.00    3.28 v _331_/B (sky130_fd_sc_hd__and2b_2)
     1    0.02    0.07    0.25    3.53 v _331_/X (sky130_fd_sc_hd__and2b_2)
                                         _011_ (net)
                  0.07    0.00    3.53 v _332_/B (sky130_fd_sc_hd__xnor2_4)
     2    0.04    0.31    0.30    3.83 ^ _332_/Y (sky130_fd_sc_hd__xnor2_4)
                                         _012_ (net)
                  0.31    0.01    3.83 ^ _333_/A (sky130_fd_sc_hd__nand2_4)
     3    0.03    0.12    0.15    3.98 v _333_/Y (sky130_fd_sc_hd__nand2_4)
                                         _013_ (net)
                  0.12    0.00    3.99 v _359_/A_N (sky130_fd_sc_hd__nand3b_4)
     4    0.05    0.18    0.30    4.28 v _359_/Y (sky130_fd_sc_hd__nand3b_4)
                                         _038_ (net)
                  0.18    0.01    4.29 v _403_/A2 (sky130_fd_sc_hd__a21o_4)
     2    0.00    0.03    0.27    4.57 v _403_/X (sky130_fd_sc_hd__a21o_4)
                                         _081_ (net)
                  0.03    0.00    4.57 v _408_/A2 (sky130_fd_sc_hd__a31o_1)
     1    0.00    0.03    0.20    4.76 v _408_/X (sky130_fd_sc_hd__a31o_1)
                                         _086_ (net)
                  0.03    0.00    4.76 v _409_/B1 (sky130_fd_sc_hd__a21oi_1)
     1    0.01    0.23    0.21    4.98 ^ _409_/Y (sky130_fd_sc_hd__a21oi_1)
                                         _087_ (net)
                  0.23    0.00    4.98 ^ _410_/B1 (sky130_fd_sc_hd__a21oi_2)
     1    0.01    0.08    0.09    5.07 v _410_/Y (sky130_fd_sc_hd__a21oi_2)
                                         net25 (net)
                  0.08    0.00    5.07 v output25/A (sky130_fd_sc_hd__buf_2)
     1    0.03    0.09    0.20    5.28 v output25/X (sky130_fd_sc_hd__buf_2)
                                         out[5] (net)
                  0.09    0.00    5.28 v out[5] (out)
                                  5.28   data arrival time

                  0.00   10.00   10.00   clock __VIRTUAL_CLK__ (rise edge)
                          0.00   10.00   clock network delay (ideal)
                         -0.25    9.75   clock uncertainty
                          0.00    9.75   clock reconvergence pessimism
                         -2.00    7.75   output external delay
                                  7.75   data required time
-----------------------------------------------------------------------------
                                  7.75   data required time
                                 -5.28   data arrival time
-----------------------------------------------------------------------------
                                  2.47   slack (MET)


Startpoint: A[2] (input port clocked by __VIRTUAL_CLK__)
Endpoint: out[4] (output port clocked by __VIRTUAL_CLK__)
Path Group: __VIRTUAL_CLK__
Path Type: max

Fanout     Cap    Slew   Delay    Time   Description
-----------------------------------------------------------------------------
                  0.00    0.00    0.00   clock __VIRTUAL_CLK__ (rise edge)
                          0.00    0.00   clock network delay (ideal)
                          2.00    2.00 v input external delay
     1    0.01    0.02    0.01    2.01 v A[2] (in)
                                         A[2] (net)
                  0.02    0.00    2.01 v input3/A (sky130_fd_sc_hd__buf_12)
     4    0.02    0.03    0.12    2.13 v input3/X (sky130_fd_sc_hd__buf_12)
                                         net3 (net)
                  0.03    0.00    2.13 v rebuffer22/A (sky130_fd_sc_hd__buf_12)
     4    0.03    0.03    0.13    2.26 v rebuffer22/X (sky130_fd_sc_hd__buf_12)
                                         net54 (net)
                  0.03    0.00    2.26 v rebuffer24/A (sky130_fd_sc_hd__buf_2)
     1    0.00    0.02    0.11    2.37 v rebuffer24/X (sky130_fd_sc_hd__buf_2)
                                         net56 (net)
                  0.02    0.00    2.37 v _323_/C (sky130_fd_sc_hd__and4_4)
     3    0.03    0.07    0.22    2.59 v _323_/X (sky130_fd_sc_hd__and4_4)
                                         _003_ (net)
                  0.07    0.00    2.59 v _325_/B (sky130_fd_sc_hd__or3_4)
     2    0.02    0.09    0.43    3.02 v _325_/X (sky130_fd_sc_hd__or3_4)
                                         _005_ (net)
                  0.09    0.00    3.02 v _330_/A1 (sky130_fd_sc_hd__a21o_4)
     2    0.02    0.06    0.25    3.27 v _330_/X (sky130_fd_sc_hd__a21o_4)
                                         _010_ (net)
                  0.06    0.00    3.28 v _331_/B (sky130_fd_sc_hd__and2b_2)
     1    0.02    0.07    0.25    3.53 v _331_/X (sky130_fd_sc_hd__and2b_2)
                                         _011_ (net)
                  0.07    0.00    3.53 v _332_/B (sky130_fd_sc_hd__xnor2_4)
     2    0.04    0.31    0.30    3.83 ^ _332_/Y (sky130_fd_sc_hd__xnor2_4)
                                         _012_ (net)
                  0.31    0.01    3.83 ^ _333_/A (sky130_fd_sc_hd__nand2_4)
     3    0.03    0.12    0.15    3.98 v _333_/Y (sky130_fd_sc_hd__nand2_4)
                                         _013_ (net)
                  0.12    0.00    3.99 v _359_/A_N (sky130_fd_sc_hd__nand3b_4)
     4    0.05    0.18    0.30    4.28 v _359_/Y (sky130_fd_sc_hd__nand3b_4)
                                         _038_ (net)
                  0.18    0.00    4.28 v _360_/C (sky130_fd_sc_hd__and3_2)
     1    0.02    0.07    0.33    4.61 v _360_/X (sky130_fd_sc_hd__and3_2)
                                         _039_ (net)
                  0.07    0.00    4.62 v _373_/B1 (sky130_fd_sc_hd__o2bb2a_2)
     1    0.02    0.09    0.34    4.95 v _373_/X (sky130_fd_sc_hd__o2bb2a_2)
                                         net24 (net)
                  0.09    0.00    4.96 v output24/A (sky130_fd_sc_hd__buf_2)
     1    0.03    0.09    0.21    5.17 v output24/X (sky130_fd_sc_hd__buf_2)
                                         out[4] (net)
                  0.09    0.00    5.17 v out[4] (out)
                                  5.17   data arrival time

                  0.00   10.00   10.00   clock __VIRTUAL_CLK__ (rise edge)
                          0.00   10.00   clock network delay (ideal)
                         -0.25    9.75   clock uncertainty
                          0.00    9.75   clock reconvergence pessimism
                         -2.00    7.75   output external delay
                                  7.75   data required time
-----------------------------------------------------------------------------
                                  7.75   data required time
                                 -5.17   data arrival time
-----------------------------------------------------------------------------
                                  2.58   slack (MET)


Startpoint: A[2] (input port clocked by __VIRTUAL_CLK__)
Endpoint: out[3] (output port clocked by __VIRTUAL_CLK__)
Path Group: __VIRTUAL_CLK__
Path Type: max

Fanout     Cap    Slew   Delay    Time   Description
-----------------------------------------------------------------------------
                  0.00    0.00    0.00   clock __VIRTUAL_CLK__ (rise edge)
                          0.00    0.00   clock network delay (ideal)
                          2.00    2.00 v input external delay
     1    0.01    0.02    0.01    2.01 v A[2] (in)
                                         A[2] (net)
                  0.02    0.00    2.01 v input3/A (sky130_fd_sc_hd__buf_12)
     4    0.02    0.03    0.12    2.13 v input3/X (sky130_fd_sc_hd__buf_12)
                                         net3 (net)
                  0.03    0.00    2.13 v rebuffer22/A (sky130_fd_sc_hd__buf_12)
     4    0.03    0.03    0.13    2.26 v rebuffer22/X (sky130_fd_sc_hd__buf_12)
                                         net54 (net)
                  0.03    0.00    2.26 v rebuffer24/A (sky130_fd_sc_hd__buf_2)
     1    0.00    0.02    0.11    2.37 v rebuffer24/X (sky130_fd_sc_hd__buf_2)
                                         net56 (net)
                  0.02    0.00    2.37 v _323_/C (sky130_fd_sc_hd__and4_4)
     3    0.03    0.07    0.22    2.59 v _323_/X (sky130_fd_sc_hd__and4_4)
                                         _003_ (net)
                  0.07    0.00    2.59 v _325_/B (sky130_fd_sc_hd__or3_4)
     2    0.02    0.09    0.43    3.02 v _325_/X (sky130_fd_sc_hd__or3_4)
                                         _005_ (net)
                  0.09    0.00    3.02 v _330_/A1 (sky130_fd_sc_hd__a21o_4)
     2    0.02    0.06    0.25    3.27 v _330_/X (sky130_fd_sc_hd__a21o_4)
                                         _010_ (net)
                  0.06    0.00    3.28 v _331_/B (sky130_fd_sc_hd__and2b_2)
     1    0.02    0.07    0.25    3.53 v _331_/X (sky130_fd_sc_hd__and2b_2)
                                         _011_ (net)
                  0.07    0.00    3.53 v _332_/B (sky130_fd_sc_hd__xnor2_4)
     2    0.04    0.31    0.30    3.83 ^ _332_/Y (sky130_fd_sc_hd__xnor2_4)
                                         _012_ (net)
                  0.31    0.01    3.83 ^ _333_/A (sky130_fd_sc_hd__nand2_4)
     3    0.03    0.12    0.15    3.98 v _333_/Y (sky130_fd_sc_hd__nand2_4)
                                         _013_ (net)
                  0.12    0.00    3.99 v _338_/A2 (sky130_fd_sc_hd__a31o_1)
     1    0.02    0.09    0.30    4.29 v _338_/X (sky130_fd_sc_hd__a31o_1)
                                         _018_ (net)
                  0.09    0.00    4.29 v _339_/B2 (sky130_fd_sc_hd__o2bb2a_1)
     1    0.00    0.05    0.29    4.58 v _339_/X (sky130_fd_sc_hd__o2bb2a_1)
                                         net23 (net)
                  0.05    0.00    4.58 v output23/A (sky130_fd_sc_hd__buf_2)
     1    0.03    0.09    0.19    4.77 v output23/X (sky130_fd_sc_hd__buf_2)
                                         out[3] (net)
                  0.09    0.00    4.78 v out[3] (out)
                                  4.78   data arrival time

                  0.00   10.00   10.00   clock __VIRTUAL_CLK__ (rise edge)
                          0.00   10.00   clock network delay (ideal)
                         -0.25    9.75   clock uncertainty
                          0.00    9.75   clock reconvergence pessimism
                         -2.00    7.75   output external delay
                                  7.75   data required time
-----------------------------------------------------------------------------
                                  7.75   data required time
                                 -4.78   data arrival time
-----------------------------------------------------------------------------
                                  2.97   slack (MET)


Startpoint: B[1] (input port clocked by __VIRTUAL_CLK__)
Endpoint: out[2] (output port clocked by __VIRTUAL_CLK__)
Path Group: __VIRTUAL_CLK__
Path Type: max

Fanout     Cap    Slew   Delay    Time   Description
-----------------------------------------------------------------------------
                  0.00    0.00    0.00   clock __VIRTUAL_CLK__ (rise edge)
                          0.00    0.00   clock network delay (ideal)
                          2.00    2.00 v input external delay
     1    0.01    0.03    0.02    2.02 v B[1] (in)
                                         B[1] (net)
                  0.03    0.00    2.02 v input10/A (sky130_fd_sc_hd__buf_8)
     5    0.03    0.04    0.13    2.15 v input10/X (sky130_fd_sc_hd__buf_8)
                                         net10 (net)
                  0.04    0.00    2.15 v _266_/A (sky130_fd_sc_hd__buf_12)
     5    0.02    0.03    0.13    2.27 v _266_/X (sky130_fd_sc_hd__buf_12)
                                         _196_ (net)
                  0.03    0.00    2.27 v _267_/A (sky130_fd_sc_hd__clkbuf_8)
    10    0.03    0.05    0.15    2.43 v _267_/X (sky130_fd_sc_hd__clkbuf_8)
                                         _197_ (net)
                  0.05    0.00    2.43 v _277_/B (sky130_fd_sc_hd__and3_1)
     2    0.01    0.07    0.20    2.63 v _277_/X (sky130_fd_sc_hd__and3_1)
                                         _207_ (net)
                  0.07    0.00    2.63 v _279_/C (sky130_fd_sc_hd__or3_4)
     2    0.01    0.07    0.35    2.98 v _279_/X (sky130_fd_sc_hd__or3_4)
                                         _209_ (net)
                  0.07    0.00    2.98 v _301_/A2 (sky130_fd_sc_hd__a21o_4)
     3    0.01    0.04    0.24    3.22 v _301_/X (sky130_fd_sc_hd__a21o_4)
                                         _230_ (net)
                  0.04    0.00    3.22 v _303_/A2 (sky130_fd_sc_hd__o21a_2)
     1    0.02    0.08    0.25    3.48 v _303_/X (sky130_fd_sc_hd__o21a_2)
                                         _232_ (net)
                  0.08    0.00    3.48 v _308_/A2 (sky130_fd_sc_hd__a211o_1)
     1    0.02    0.11    0.39    3.87 v _308_/X (sky130_fd_sc_hd__a211o_1)
                                         _237_ (net)
                  0.11    0.00    3.87 v _309_/B2 (sky130_fd_sc_hd__o2bb2a_2)
     1    0.00    0.04    0.27    4.14 v _309_/X (sky130_fd_sc_hd__o2bb2a_2)
                                         net22 (net)
                  0.04    0.00    4.14 v output22/A (sky130_fd_sc_hd__buf_2)
     1    0.04    0.09    0.19    4.33 v output22/X (sky130_fd_sc_hd__buf_2)
                                         out[2] (net)
                  0.09    0.00    4.34 v out[2] (out)
                                  4.34   data arrival time

                  0.00   10.00   10.00   clock __VIRTUAL_CLK__ (rise edge)
                          0.00   10.00   clock network delay (ideal)
                         -0.25    9.75   clock uncertainty
                          0.00    9.75   clock reconvergence pessimism
                         -2.00    7.75   output external delay
                                  7.75   data required time
-----------------------------------------------------------------------------
                                  7.75   data required time
                                 -4.34   data arrival time
-----------------------------------------------------------------------------
                                  3.41   slack (MET)


Startpoint: B[1] (input port clocked by __VIRTUAL_CLK__)
Endpoint: out[1] (output port clocked by __VIRTUAL_CLK__)
Path Group: __VIRTUAL_CLK__
Path Type: max

Fanout     Cap    Slew   Delay    Time   Description
-----------------------------------------------------------------------------
                  0.00    0.00    0.00   clock __VIRTUAL_CLK__ (rise edge)
                          0.00    0.00   clock network delay (ideal)
                          2.00    2.00 v input external delay
     1    0.01    0.03    0.02    2.02 v B[1] (in)
                                         B[1] (net)
                  0.03    0.00    2.02 v input10/A (sky130_fd_sc_hd__buf_8)
     5    0.03    0.04    0.13    2.15 v input10/X (sky130_fd_sc_hd__buf_8)
                                         net10 (net)
                  0.04    0.00    2.15 v _266_/A (sky130_fd_sc_hd__buf_12)
     5    0.02    0.03    0.13    2.27 v _266_/X (sky130_fd_sc_hd__buf_12)
                                         _196_ (net)
                  0.03    0.00    2.27 v _267_/A (sky130_fd_sc_hd__clkbuf_8)
    10    0.03    0.05    0.15    2.43 v _267_/X (sky130_fd_sc_hd__clkbuf_8)
                                         _197_ (net)
                  0.05    0.00    2.43 v _277_/B (sky130_fd_sc_hd__and3_1)
     2    0.01    0.07    0.20    2.63 v _277_/X (sky130_fd_sc_hd__and3_1)
                                         _207_ (net)
                  0.07    0.00    2.63 v _279_/C (sky130_fd_sc_hd__or3_4)
     2    0.01    0.07    0.35    2.98 v _279_/X (sky130_fd_sc_hd__or3_4)
                                         _209_ (net)
                  0.07    0.00    2.98 v _280_/B_N (sky130_fd_sc_hd__or2b_1)
     1    0.02    0.15    0.25    3.23 ^ _280_/X (sky130_fd_sc_hd__or2b_1)
                                         _210_ (net)
                  0.15    0.00    3.24 ^ _281_/B (sky130_fd_sc_hd__xnor2_1)
     1    0.01    0.06    0.10    3.34 v _281_/Y (sky130_fd_sc_hd__xnor2_1)
                                         _211_ (net)
                  0.06    0.00    3.34 v _286_/A2 (sky130_fd_sc_hd__a211o_2)
     1    0.02    0.10    0.42    3.76 v _286_/X (sky130_fd_sc_hd__a211o_2)
                                         _216_ (net)
                  0.10    0.00    3.76 v _287_/B2 (sky130_fd_sc_hd__o2bb2a_2)
     1    0.00    0.04    0.27    4.03 v _287_/X (sky130_fd_sc_hd__o2bb2a_2)
                                         net21 (net)
                  0.04    0.00    4.03 v output21/A (sky130_fd_sc_hd__buf_2)
     1    0.03    0.09    0.19    4.22 v output21/X (sky130_fd_sc_hd__buf_2)
                                         out[1] (net)
                  0.09    0.00    4.22 v out[1] (out)
                                  4.22   data arrival time

                  0.00   10.00   10.00   clock __VIRTUAL_CLK__ (rise edge)
                          0.00   10.00   clock network delay (ideal)
                         -0.25    9.75   clock uncertainty
                          0.00    9.75   clock reconvergence pessimism
                         -2.00    7.75   output external delay
                                  7.75   data required time
-----------------------------------------------------------------------------
                                  7.75   data required time
                                 -4.22   data arrival time
-----------------------------------------------------------------------------
                                  3.53   slack (MET)


Startpoint: opcode[0] (input port clocked by __VIRTUAL_CLK__)
Endpoint: out[0] (output port clocked by __VIRTUAL_CLK__)
Path Group: __VIRTUAL_CLK__
Path Type: max

Fanout     Cap    Slew   Delay    Time   Description
-----------------------------------------------------------------------------
                  0.00    0.00    0.00   clock __VIRTUAL_CLK__ (rise edge)
                          0.00    0.00   clock network delay (ideal)
                          2.00    2.00 v input external delay
     1    0.00    0.01    0.01    2.01 v opcode[0] (in)
                                         opcode[0] (net)
                  0.01    0.00    2.01 v input17/A (sky130_fd_sc_hd__clkbuf_8)
     5    0.03    0.05    0.15    2.16 v input17/X (sky130_fd_sc_hd__clkbuf_8)
                                         net17 (net)
                  0.05    0.00    2.16 v _249_/A (sky130_fd_sc_hd__or2_4)
     5    0.04    0.09    0.32    2.48 v _249_/X (sky130_fd_sc_hd__or2_4)
                                         _180_ (net)
                  0.09    0.00    2.48 v _258_/B (sky130_fd_sc_hd__nor2_8)
     8    0.07    0.25    0.25    2.73 ^ _258_/Y (sky130_fd_sc_hd__nor2_8)
                                         _189_ (net)
                  0.25    0.00    2.73 ^ _260_/A1 (sky130_fd_sc_hd__o211a_4)
     1    0.04    0.14    0.30    3.03 ^ _260_/X (sky130_fd_sc_hd__o211a_4)
                                         _191_ (net)
                  0.14    0.01    3.04 ^ _261_/B1 (sky130_fd_sc_hd__a31o_2)
     1    0.03    0.18    0.24    3.27 ^ _261_/X (sky130_fd_sc_hd__a31o_2)
                                         _192_ (net)
                  0.18    0.00    3.28 ^ _262_/B2 (sky130_fd_sc_hd__a2bb2o_2)
     1    0.00    0.03    0.19    3.46 ^ _262_/X (sky130_fd_sc_hd__a2bb2o_2)
                                         net20 (net)
                  0.03    0.00    3.46 ^ output20/A (sky130_fd_sc_hd__buf_2)
     1    0.03    0.17    0.20    3.66 ^ output20/X (sky130_fd_sc_hd__buf_2)
                                         out[0] (net)
                  0.17    0.00    3.67 ^ out[0] (out)
                                  3.67   data arrival time

                  0.00   10.00   10.00   clock __VIRTUAL_CLK__ (rise edge)
                          0.00   10.00   clock network delay (ideal)
                         -0.25    9.75   clock uncertainty
                          0.00    9.75   clock reconvergence pessimism
                         -2.00    7.75   output external delay
                                  7.75   data required time
-----------------------------------------------------------------------------
                                  7.75   data required time
                                 -3.67   data arrival time
-----------------------------------------------------------------------------
                                  4.08   slack (MET)



worst slack corner Typical: 2.0046
