
===========================================================================
report_checks -path_delay min (Hold)
============================================================================
======================= Typical Corner ===================================

Startpoint: A[6] (input port clocked by __VIRTUAL_CLK__)
Endpoint: out[6] (output port clocked by __VIRTUAL_CLK__)
Path Group: __VIRTUAL_CLK__
Path Type: min

Fanout     Cap    Slew   Delay    Time   Description
-----------------------------------------------------------------------------
                  0.00    0.00    0.00   clock __VIRTUAL_CLK__ (rise edge)
                          0.00    0.00   clock network delay (ideal)
                          2.00    2.00 ^ input external delay
     1    0.01    0.04    0.03    2.03 ^ A[6] (in)
                                         A[6] (net)
                  0.04    0.00    2.03 ^ input7/A (sky130_fd_sc_hd__clkbuf_16)
    11    0.06    0.08    0.15    2.18 ^ input7/X (sky130_fd_sc_hd__clkbuf_16)
                                         net7 (net)
                  0.08    0.00    2.18 ^ _453_/A1 (sky130_fd_sc_hd__a22oi_4)
     1    0.00    0.04    0.07    2.24 v _453_/Y (sky130_fd_sc_hd__a22oi_4)
                                         net26 (net)
                  0.04    0.00    2.24 v output26/A (sky130_fd_sc_hd__buf_6)
     1    0.03    0.04    0.13    2.37 v output26/X (sky130_fd_sc_hd__buf_6)
                                         out[6] (net)
                  0.04    0.00    2.37 v out[6] (out)
                                  2.37   data arrival time

                  0.00    0.00    0.00   clock __VIRTUAL_CLK__ (rise edge)
                          0.00    0.00   clock network delay (ideal)
                          0.25    0.25   clock uncertainty
                          0.00    0.25   clock reconvergence pessimism
                         -2.00   -1.75   output external delay
                                 -1.75   data required time
-----------------------------------------------------------------------------
                                 -1.75   data required time
                                 -2.37   data arrival time
-----------------------------------------------------------------------------
                                  4.12   slack (MET)


Startpoint: A[7] (input port clocked by __VIRTUAL_CLK__)
Endpoint: out[7] (output port clocked by __VIRTUAL_CLK__)
Path Group: __VIRTUAL_CLK__
Path Type: min

Fanout     Cap    Slew   Delay    Time   Description
-----------------------------------------------------------------------------
                  0.00    0.00    0.00   clock __VIRTUAL_CLK__ (rise edge)
                          0.00    0.00   clock network delay (ideal)
                          2.00    2.00 v input external delay
     1    0.01    0.02    0.01    2.01 v A[7] (in)
                                         A[7] (net)
                  0.02    0.00    2.01 v input8/A (sky130_fd_sc_hd__buf_8)
     6    0.03    0.04    0.11    2.12 v input8/X (sky130_fd_sc_hd__buf_8)
                                         net8 (net)
                  0.04    0.00    2.12 v _502_/A (sky130_fd_sc_hd__inv_2)
     1    0.00    0.03    0.04    2.16 ^ _502_/Y (sky130_fd_sc_hd__inv_2)
                                         _179_ (net)
                  0.03    0.00    2.16 ^ _503_/B2 (sky130_fd_sc_hd__o32a_4)
     1    0.01    0.04    0.13    2.29 ^ _503_/X (sky130_fd_sc_hd__o32a_4)
                                         net27 (net)
                  0.04    0.00    2.29 ^ output27/A (sky130_fd_sc_hd__buf_8)
     1    0.03    0.07    0.11    2.40 ^ output27/X (sky130_fd_sc_hd__buf_8)
                                         out[7] (net)
                  0.07    0.00    2.40 ^ out[7] (out)
                                  2.40   data arrival time

                  0.00    0.00    0.00   clock __VIRTUAL_CLK__ (rise edge)
                          0.00    0.00   clock network delay (ideal)
                          0.25    0.25   clock uncertainty
                          0.00    0.25   clock reconvergence pessimism
                         -2.00   -1.75   output external delay
                                 -1.75   data required time
-----------------------------------------------------------------------------
                                 -1.75   data required time
                                 -2.40   data arrival time
-----------------------------------------------------------------------------
                                  4.15   slack (MET)


Startpoint: A[5] (input port clocked by __VIRTUAL_CLK__)
Endpoint: out[5] (output port clocked by __VIRTUAL_CLK__)
Path Group: __VIRTUAL_CLK__
Path Type: min

Fanout     Cap    Slew   Delay    Time   Description
-----------------------------------------------------------------------------
                  0.00    0.00    0.00   clock __VIRTUAL_CLK__ (rise edge)
                          0.00    0.00   clock network delay (ideal)
                          2.00    2.00 ^ input external delay
     1    0.00    0.02    0.01    2.01 ^ A[5] (in)
                                         A[5] (net)
                  0.02    0.00    2.01 ^ input6/A (sky130_fd_sc_hd__buf_4)
     3    0.02    0.08    0.12    2.13 ^ input6/X (sky130_fd_sc_hd__buf_4)
                                         net6 (net)
                  0.08    0.00    2.13 ^ _374_/A (sky130_fd_sc_hd__buf_12)
    10    0.05    0.07    0.13    2.25 ^ _374_/X (sky130_fd_sc_hd__buf_12)
                                         _052_ (net)
                  0.07    0.00    2.25 ^ _410_/A1 (sky130_fd_sc_hd__a21oi_2)
     1    0.00    0.03    0.04    2.30 v _410_/Y (sky130_fd_sc_hd__a21oi_2)
                                         net25 (net)
                  0.03    0.00    2.30 v output25/A (sky130_fd_sc_hd__buf_2)
     1    0.03    0.09    0.16    2.46 v output25/X (sky130_fd_sc_hd__buf_2)
                                         out[5] (net)
                  0.09    0.00    2.46 v out[5] (out)
                                  2.46   data arrival time

                  0.00    0.00    0.00   clock __VIRTUAL_CLK__ (rise edge)
                          0.00    0.00   clock network delay (ideal)
                          0.25    0.25   clock uncertainty
                          0.00    0.25   clock reconvergence pessimism
                         -2.00   -1.75   output external delay
                                 -1.75   data required time
-----------------------------------------------------------------------------
                                 -1.75   data required time
                                 -2.46   data arrival time
-----------------------------------------------------------------------------
                                  4.21   slack (MET)


Startpoint: A[4] (input port clocked by __VIRTUAL_CLK__)
Endpoint: out[4] (output port clocked by __VIRTUAL_CLK__)
Path Group: __VIRTUAL_CLK__
Path Type: min

Fanout     Cap    Slew   Delay    Time   Description
-----------------------------------------------------------------------------
                  0.00    0.00    0.00   clock __VIRTUAL_CLK__ (rise edge)
                          0.00    0.00   clock network delay (ideal)
                          2.00    2.00 ^ input external delay
     1    0.00    0.02    0.01    2.01 ^ A[4] (in)
                                         A[4] (net)
                  0.02    0.00    2.01 ^ input5/A (sky130_fd_sc_hd__buf_4)
     4    0.03    0.08    0.12    2.13 ^ input5/X (sky130_fd_sc_hd__buf_4)
                                         net5 (net)
                  0.08    0.00    2.13 ^ _340_/A (sky130_fd_sc_hd__buf_12)
    10    0.05    0.07    0.13    2.26 ^ _340_/X (sky130_fd_sc_hd__buf_12)
                                         _019_ (net)
                  0.07    0.00    2.26 ^ _373_/A1_N (sky130_fd_sc_hd__o2bb2a_2)
     2    0.00    0.03    0.19    2.45 v _373_/X (sky130_fd_sc_hd__o2bb2a_2)
                                         net24 (net)
                  0.03    0.00    2.45 v output24/A (sky130_fd_sc_hd__buf_2)
     1    0.03    0.09    0.16    2.62 v output24/X (sky130_fd_sc_hd__buf_2)
                                         out[4] (net)
                  0.09    0.00    2.62 v out[4] (out)
                                  2.62   data arrival time

                  0.00    0.00    0.00   clock __VIRTUAL_CLK__ (rise edge)
                          0.00    0.00   clock network delay (ideal)
                          0.25    0.25   clock uncertainty
                          0.00    0.25   clock reconvergence pessimism
                         -2.00   -1.75   output external delay
                                 -1.75   data required time
-----------------------------------------------------------------------------
                                 -1.75   data required time
                                 -2.62   data arrival time
-----------------------------------------------------------------------------
                                  4.37   slack (MET)


Startpoint: opcode[1] (input port clocked by __VIRTUAL_CLK__)
Endpoint: out[0] (output port clocked by __VIRTUAL_CLK__)
Path Group: __VIRTUAL_CLK__
Path Type: min

Fanout     Cap    Slew   Delay    Time   Description
-----------------------------------------------------------------------------
                  0.00    0.00    0.00   clock __VIRTUAL_CLK__ (rise edge)
                          0.00    0.00   clock network delay (ideal)
                          2.00    2.00 v input external delay
     1    0.00    0.01    0.01    2.01 v opcode[1] (in)
                                         opcode[1] (net)
                  0.01    0.00    2.01 v input18/A (sky130_fd_sc_hd__buf_6)
     5    0.04    0.05    0.12    2.13 v input18/X (sky130_fd_sc_hd__buf_6)
                                         net18 (net)
                  0.05    0.00    2.13 v _254_/B (sky130_fd_sc_hd__nand2_4)
     3    0.01    0.05    0.07    2.20 ^ _254_/Y (sky130_fd_sc_hd__nand2_4)
                                         _185_ (net)
                  0.05    0.00    2.20 ^ _261_/A2 (sky130_fd_sc_hd__a31o_2)
     1    0.00    0.03    0.13    2.33 ^ _261_/X (sky130_fd_sc_hd__a31o_2)
                                         _192_ (net)
                  0.03    0.00    2.33 ^ _262_/B2 (sky130_fd_sc_hd__a2bb2o_2)
     2    0.00    0.03    0.13    2.45 ^ _262_/X (sky130_fd_sc_hd__a2bb2o_2)
                                         net20 (net)
                  0.03    0.00    2.45 ^ output20/A (sky130_fd_sc_hd__buf_2)
     1    0.03    0.17    0.18    2.63 ^ output20/X (sky130_fd_sc_hd__buf_2)
                                         out[0] (net)
                  0.17    0.00    2.63 ^ out[0] (out)
                                  2.63   data arrival time

                  0.00    0.00    0.00   clock __VIRTUAL_CLK__ (rise edge)
                          0.00    0.00   clock network delay (ideal)
                          0.25    0.25   clock uncertainty
                          0.00    0.25   clock reconvergence pessimism
                         -2.00   -1.75   output external delay
                                 -1.75   data required time
-----------------------------------------------------------------------------
                                 -1.75   data required time
                                 -2.63   data arrival time
-----------------------------------------------------------------------------
                                  4.38   slack (MET)


Startpoint: A[3] (input port clocked by __VIRTUAL_CLK__)
Endpoint: out[3] (output port clocked by __VIRTUAL_CLK__)
Path Group: __VIRTUAL_CLK__
Path Type: min

Fanout     Cap    Slew   Delay    Time   Description
-----------------------------------------------------------------------------
                  0.00    0.00    0.00   clock __VIRTUAL_CLK__ (rise edge)
                          0.00    0.00   clock network delay (ideal)
                          2.00    2.00 ^ input external delay
     1    0.00    0.03    0.01    2.01 ^ A[3] (in)
                                         A[3] (net)
                  0.03    0.00    2.01 ^ input4/A (sky130_fd_sc_hd__clkbuf_8)
     8    0.04    0.08    0.14    2.16 ^ input4/X (sky130_fd_sc_hd__clkbuf_8)
                                         net4 (net)
                  0.08    0.00    2.16 ^ clone17/A (sky130_fd_sc_hd__clkbuf_16)
     5    0.02    0.04    0.13    2.29 ^ clone17/X (sky130_fd_sc_hd__clkbuf_16)
                                         net66 (net)
                  0.04    0.00    2.29 ^ _339_/A1_N (sky130_fd_sc_hd__o2bb2a_1)
     2    0.00    0.04    0.19    2.48 v _339_/X (sky130_fd_sc_hd__o2bb2a_1)
                                         net23 (net)
                  0.04    0.00    2.48 v output23/A (sky130_fd_sc_hd__buf_2)
     1    0.03    0.09    0.17    2.64 v output23/X (sky130_fd_sc_hd__buf_2)
                                         out[3] (net)
                  0.09    0.00    2.64 v out[3] (out)
                                  2.64   data arrival time

                  0.00    0.00    0.00   clock __VIRTUAL_CLK__ (rise edge)
                          0.00    0.00   clock network delay (ideal)
                          0.25    0.25   clock uncertainty
                          0.00    0.25   clock reconvergence pessimism
                         -2.00   -1.75   output external delay
                                 -1.75   data required time
-----------------------------------------------------------------------------
                                 -1.75   data required time
                                 -2.64   data arrival time
-----------------------------------------------------------------------------
                                  4.39   slack (MET)


Startpoint: A[2] (input port clocked by __VIRTUAL_CLK__)
Endpoint: out[2] (output port clocked by __VIRTUAL_CLK__)
Path Group: __VIRTUAL_CLK__
Path Type: min

Fanout     Cap    Slew   Delay    Time   Description
-----------------------------------------------------------------------------
                  0.00    0.00    0.00   clock __VIRTUAL_CLK__ (rise edge)
                          0.00    0.00   clock network delay (ideal)
                          2.00    2.00 ^ input external delay
     1    0.01    0.05    0.03    2.03 ^ A[2] (in)
                                         A[2] (net)
                  0.05    0.00    2.03 ^ input3/A (sky130_fd_sc_hd__buf_12)
     4    0.02    0.04    0.09    2.12 ^ input3/X (sky130_fd_sc_hd__buf_12)
                                         net3 (net)
                  0.04    0.00    2.12 ^ rebuffer22/A (sky130_fd_sc_hd__buf_12)
     4    0.03    0.05    0.10    2.22 ^ rebuffer22/X (sky130_fd_sc_hd__buf_12)
                                         net54 (net)
                  0.05    0.00    2.22 ^ _288_/A (sky130_fd_sc_hd__buf_8)
    10    0.04    0.08    0.12    2.34 ^ _288_/X (sky130_fd_sc_hd__buf_8)
                                         _217_ (net)
                  0.08    0.00    2.34 ^ _309_/A1_N (sky130_fd_sc_hd__o2bb2a_2)
     2    0.00    0.03    0.20    2.54 v _309_/X (sky130_fd_sc_hd__o2bb2a_2)
                                         net22 (net)
                  0.03    0.00    2.54 v output22/A (sky130_fd_sc_hd__buf_2)
     1    0.03    0.09    0.16    2.70 v output22/X (sky130_fd_sc_hd__buf_2)
                                         out[2] (net)
                  0.09    0.00    2.70 v out[2] (out)
                                  2.70   data arrival time

                  0.00    0.00    0.00   clock __VIRTUAL_CLK__ (rise edge)
                          0.00    0.00   clock network delay (ideal)
                          0.25    0.25   clock uncertainty
                          0.00    0.25   clock reconvergence pessimism
                         -2.00   -1.75   output external delay
                                 -1.75   data required time
-----------------------------------------------------------------------------
                                 -1.75   data required time
                                 -2.70   data arrival time
-----------------------------------------------------------------------------
                                  4.45   slack (MET)


Startpoint: opcode[1] (input port clocked by __VIRTUAL_CLK__)
Endpoint: out[1] (output port clocked by __VIRTUAL_CLK__)
Path Group: __VIRTUAL_CLK__
Path Type: min

Fanout     Cap    Slew   Delay    Time   Description
-----------------------------------------------------------------------------
                  0.00    0.00    0.00   clock __VIRTUAL_CLK__ (rise edge)
                          0.00    0.00   clock network delay (ideal)
                          2.00    2.00 v input external delay
     1    0.00    0.01    0.01    2.01 v opcode[1] (in)
                                         opcode[1] (net)
                  0.01    0.00    2.01 v input18/A (sky130_fd_sc_hd__buf_6)
     5    0.04    0.05    0.12    2.13 v input18/X (sky130_fd_sc_hd__buf_6)
                                         net18 (net)
                  0.05    0.00    2.13 v _268_/A (sky130_fd_sc_hd__nor2_8)
     7    0.02    0.12    0.13    2.26 ^ _268_/Y (sky130_fd_sc_hd__nor2_8)
                                         _198_ (net)
                  0.12    0.00    2.26 ^ _272_/B1 (sky130_fd_sc_hd__o22a_1)
     1    0.00    0.03    0.13    2.39 ^ _272_/X (sky130_fd_sc_hd__o22a_1)
                                         _202_ (net)
                  0.03    0.00    2.39 ^ _287_/B1 (sky130_fd_sc_hd__o2bb2a_2)
     7    0.01    0.06    0.17    2.56 ^ _287_/X (sky130_fd_sc_hd__o2bb2a_2)
                                         net21 (net)
                  0.06    0.00    2.56 ^ output21/A (sky130_fd_sc_hd__buf_2)
     1    0.03    0.17    0.19    2.75 ^ output21/X (sky130_fd_sc_hd__buf_2)
                                         out[1] (net)
                  0.17    0.00    2.75 ^ out[1] (out)
                                  2.75   data arrival time

                  0.00    0.00    0.00   clock __VIRTUAL_CLK__ (rise edge)
                          0.00    0.00   clock network delay (ideal)
                          0.25    0.25   clock uncertainty
                          0.00    0.25   clock reconvergence pessimism
                         -2.00   -1.75   output external delay
                                 -1.75   data required time
-----------------------------------------------------------------------------
                                 -1.75   data required time
                                 -2.75   data arrival time
-----------------------------------------------------------------------------
                                  4.50   slack (MET)



worst slack corner Typical: 4.1191
