
===========================================================================
 report_power
============================================================================
======================= Fastest Corner ===================================

Group                  Internal  Switching    Leakage      Total
                          Power      Power      Power      Power (Watts)
----------------------------------------------------------------
Sequential             0.00e+00   0.00e+00   0.00e+00   0.00e+00   0.0%
Combinational          1.69e-04   5.01e-04   5.76e-09   6.70e-04 100.0%
Clock                 -1.81e-09   0.00e+00   4.32e-09   2.51e-09   0.0%
Macro                  0.00e+00   0.00e+00   0.00e+00   0.00e+00   0.0%
Pad                    0.00e+00   0.00e+00   0.00e+00   0.00e+00   0.0%
----------------------------------------------------------------
Total                  1.69e-04   5.01e-04   1.01e-08   6.70e-04 100.0%
                          25.3%      74.7%       0.0%

======================= Slowest Corner ===================================

Group                  Internal  Switching    Leakage      Total
                          Power      Power      Power      Power (Watts)
----------------------------------------------------------------
Sequential             0.00e+00   0.00e+00   0.00e+00   0.00e+00   0.0%
Combinational          1.22e-04   3.36e-04   2.40e-06   4.61e-04 100.0%
Clock                 -7.17e-10   0.00e+00   4.37e-09   3.65e-09   0.0%
Macro                  0.00e+00   0.00e+00   0.00e+00   0.00e+00   0.0%
Pad                    0.00e+00   0.00e+00   0.00e+00   0.00e+00   0.0%
----------------------------------------------------------------
Total                  1.22e-04   3.36e-04   2.40e-06   4.61e-04 100.0%
                          26.4%      73.1%       0.5%

======================= Typical Corner ===================================

Group                  Internal  Switching    Leakage      Total
                          Power      Power      Power      Power (Watts)
----------------------------------------------------------------
Sequential             0.00e+00   0.00e+00   0.00e+00   0.00e+00   0.0%
Combinational          1.53e-04   4.26e-04   1.74e-09   5.79e-04 100.0%
Clock                 -2.02e-10   0.00e+00   4.32e-09   4.12e-09   0.0%
Macro                  0.00e+00   0.00e+00   0.00e+00   0.00e+00   0.0%
Pad                    0.00e+00   0.00e+00   0.00e+00   0.00e+00   0.0%
----------------------------------------------------------------
Total                  1.53e-04   4.26e-04   6.05e-09   5.79e-04 100.0%
                          26.4%      73.6%       0.0%

