
===========================================================================
report_checks -path_delay min (Hold)
============================================================================
======================= Fastest Corner ===================================

Startpoint: A[6] (input port clocked by __VIRTUAL_CLK__)
Endpoint: out[6] (output port clocked by __VIRTUAL_CLK__)
Path Group: __VIRTUAL_CLK__
Path Type: min
Corner: Fastest

Fanout     Cap    Slew   Delay    Time   Description
-----------------------------------------------------------------------------
                  0.00    0.00    0.00   clock __VIRTUAL_CLK__ (rise edge)
                          0.00    0.00   clock network delay (ideal)
                          2.00    2.00 ^ input external delay
     1    0.01    0.03    0.02    2.02 ^ A[6] (in)
                                         A[6] (net)
                  0.03    0.00    2.02 ^ input7/A (sky130_fd_sc_hd__clkbuf_16)
    11    0.16    0.13    0.14    2.16 ^ input7/X (sky130_fd_sc_hd__clkbuf_16)
                                         net7 (net)
                  0.14    0.03    2.18 ^ _453_/A1 (sky130_fd_sc_hd__a22oi_4)
     1    0.04    0.07    0.08    2.27 v _453_/Y (sky130_fd_sc_hd__a22oi_4)
                                         net26 (net)
                  0.07    0.01    2.27 v output26/A (sky130_fd_sc_hd__buf_6)
     1    0.03    0.03    0.10    2.38 v output26/X (sky130_fd_sc_hd__buf_6)
                                         out[6] (net)
                  0.03    0.00    2.38 v out[6] (out)
                                  2.38   data arrival time

                  0.00    0.00    0.00   clock __VIRTUAL_CLK__ (rise edge)
                          0.00    0.00   clock network delay (ideal)
                          0.25    0.25   clock uncertainty
                          0.00    0.25   clock reconvergence pessimism
                         -2.00   -1.75   output external delay
                                 -1.75   data required time
-----------------------------------------------------------------------------
                                 -1.75   data required time
                                 -2.38   data arrival time
-----------------------------------------------------------------------------
                                  4.13   slack (MET)


Startpoint: A[7] (input port clocked by __VIRTUAL_CLK__)
Endpoint: out[7] (output port clocked by __VIRTUAL_CLK__)
Path Group: __VIRTUAL_CLK__
Path Type: min
Corner: Fastest

Fanout     Cap    Slew   Delay    Time   Description
-----------------------------------------------------------------------------
                  0.00    0.00    0.00   clock __VIRTUAL_CLK__ (rise edge)
                          0.00    0.00   clock network delay (ideal)
                          2.00    2.00 v input external delay
     1    0.01    0.01    0.01    2.01 v A[7] (in)
                                         A[7] (net)
                  0.01    0.00    2.01 v input8/A (sky130_fd_sc_hd__buf_8)
     6    0.13    0.07    0.11    2.11 v input8/X (sky130_fd_sc_hd__buf_8)
                                         net8 (net)
                  0.07    0.01    2.12 v _502_/A (sky130_fd_sc_hd__inv_2)
     1    0.02    0.09    0.09    2.21 ^ _502_/Y (sky130_fd_sc_hd__inv_2)
                                         _179_ (net)
                  0.09    0.00    2.21 ^ _503_/B2 (sky130_fd_sc_hd__o32a_4)
     1    0.03    0.07    0.11    2.32 ^ _503_/X (sky130_fd_sc_hd__o32a_4)
                                         net27 (net)
                  0.07    0.00    2.32 ^ output27/A (sky130_fd_sc_hd__buf_8)
     1    0.03    0.05    0.08    2.41 ^ output27/X (sky130_fd_sc_hd__buf_8)
                                         out[7] (net)
                  0.05    0.00    2.41 ^ out[7] (out)
                                  2.41   data arrival time

                  0.00    0.00    0.00   clock __VIRTUAL_CLK__ (rise edge)
                          0.00    0.00   clock network delay (ideal)
                          0.25    0.25   clock uncertainty
                          0.00    0.25   clock reconvergence pessimism
                         -2.00   -1.75   output external delay
                                 -1.75   data required time
-----------------------------------------------------------------------------
                                 -1.75   data required time
                                 -2.41   data arrival time
-----------------------------------------------------------------------------
                                  4.16   slack (MET)


Startpoint: A[5] (input port clocked by __VIRTUAL_CLK__)
Endpoint: out[5] (output port clocked by __VIRTUAL_CLK__)
Path Group: __VIRTUAL_CLK__
Path Type: min
Corner: Fastest

Fanout     Cap    Slew   Delay    Time   Description
-----------------------------------------------------------------------------
                  0.00    0.00    0.00   clock __VIRTUAL_CLK__ (rise edge)
                          0.00    0.00   clock network delay (ideal)
                          2.00    2.00 ^ input external delay
     1    0.00    0.02    0.01    2.01 ^ A[5] (in)
                                         A[5] (net)
                  0.02    0.00    2.01 ^ input6/A (sky130_fd_sc_hd__buf_4)
     3    0.09    0.19    0.17    2.17 ^ input6/X (sky130_fd_sc_hd__buf_4)
                                         net6 (net)
                  0.19    0.01    2.18 ^ _374_/A (sky130_fd_sc_hd__buf_12)
    10    0.15    0.14    0.15    2.33 ^ _374_/X (sky130_fd_sc_hd__buf_12)
                                         _052_ (net)
                  0.14    0.01    2.34 ^ _410_/A1 (sky130_fd_sc_hd__a21oi_2)
     1    0.02    0.06    0.07    2.41 v _410_/Y (sky130_fd_sc_hd__a21oi_2)
                                         net25 (net)
                  0.06    0.00    2.41 v output25/A (sky130_fd_sc_hd__buf_2)
     1    0.03    0.06    0.12    2.53 v output25/X (sky130_fd_sc_hd__buf_2)
                                         out[5] (net)
                  0.06    0.00    2.54 v out[5] (out)
                                  2.54   data arrival time

                  0.00    0.00    0.00   clock __VIRTUAL_CLK__ (rise edge)
                          0.00    0.00   clock network delay (ideal)
                          0.25    0.25   clock uncertainty
                          0.00    0.25   clock reconvergence pessimism
                         -2.00   -1.75   output external delay
                                 -1.75   data required time
-----------------------------------------------------------------------------
                                 -1.75   data required time
                                 -2.54   data arrival time
-----------------------------------------------------------------------------
                                  4.29   slack (MET)


Startpoint: A[4] (input port clocked by __VIRTUAL_CLK__)
Endpoint: out[4] (output port clocked by __VIRTUAL_CLK__)
Path Group: __VIRTUAL_CLK__
Path Type: min
Corner: Fastest

Fanout     Cap    Slew   Delay    Time   Description
-----------------------------------------------------------------------------
                  0.00    0.00    0.00   clock __VIRTUAL_CLK__ (rise edge)
                          0.00    0.00   clock network delay (ideal)
                          2.00    2.00 ^ input external delay
     1    0.00    0.02    0.01    2.01 ^ A[4] (in)
                                         A[4] (net)
                  0.02    0.00    2.01 ^ input5/A (sky130_fd_sc_hd__buf_4)
     4    0.07    0.15    0.15    2.16 ^ input5/X (sky130_fd_sc_hd__buf_4)
                                         net5 (net)
                  0.15    0.00    2.16 ^ _340_/A (sky130_fd_sc_hd__buf_12)
    10    0.13    0.12    0.13    2.28 ^ _340_/X (sky130_fd_sc_hd__buf_12)
                                         _019_ (net)
                  0.12    0.02    2.30 ^ _373_/A1_N (sky130_fd_sc_hd__o2bb2a_2)
     2    0.03    0.07    0.17    2.48 v _373_/X (sky130_fd_sc_hd__o2bb2a_2)
                                         net24 (net)
                  0.07    0.00    2.48 v output24/A (sky130_fd_sc_hd__buf_2)
     1    0.03    0.06    0.13    2.61 v output24/X (sky130_fd_sc_hd__buf_2)
                                         out[4] (net)
                  0.06    0.00    2.61 v out[4] (out)
                                  2.61   data arrival time

                  0.00    0.00    0.00   clock __VIRTUAL_CLK__ (rise edge)
                          0.00    0.00   clock network delay (ideal)
                          0.25    0.25   clock uncertainty
                          0.00    0.25   clock reconvergence pessimism
                         -2.00   -1.75   output external delay
                                 -1.75   data required time
-----------------------------------------------------------------------------
                                 -1.75   data required time
                                 -2.61   data arrival time
-----------------------------------------------------------------------------
                                  4.36   slack (MET)


Startpoint: A[3] (input port clocked by __VIRTUAL_CLK__)
Endpoint: out[3] (output port clocked by __VIRTUAL_CLK__)
Path Group: __VIRTUAL_CLK__
Path Type: min
Corner: Fastest

Fanout     Cap    Slew   Delay    Time   Description
-----------------------------------------------------------------------------
                  0.00    0.00    0.00   clock __VIRTUAL_CLK__ (rise edge)
                          0.00    0.00   clock network delay (ideal)
                          2.00    2.00 ^ input external delay
     1    0.00    0.02    0.01    2.01 ^ A[3] (in)
                                         A[3] (net)
                  0.02    0.00    2.01 ^ input4/A (sky130_fd_sc_hd__clkbuf_8)
     8    0.12    0.16    0.16    2.17 ^ input4/X (sky130_fd_sc_hd__clkbuf_8)
                                         net4 (net)
                  0.16    0.00    2.18 ^ clone17/A (sky130_fd_sc_hd__clkbuf_16)
     5    0.06    0.06    0.13    2.31 ^ clone17/X (sky130_fd_sc_hd__clkbuf_16)
                                         net66 (net)
                  0.06    0.00    2.31 ^ _339_/A1_N (sky130_fd_sc_hd__o2bb2a_1)
     2    0.03    0.09    0.18    2.49 v _339_/X (sky130_fd_sc_hd__o2bb2a_1)
                                         net23 (net)
                  0.09    0.00    2.50 v output23/A (sky130_fd_sc_hd__buf_2)
     1    0.03    0.06    0.14    2.63 v output23/X (sky130_fd_sc_hd__buf_2)
                                         out[3] (net)
                  0.06    0.00    2.63 v out[3] (out)
                                  2.63   data arrival time

                  0.00    0.00    0.00   clock __VIRTUAL_CLK__ (rise edge)
                          0.00    0.00   clock network delay (ideal)
                          0.25    0.25   clock uncertainty
                          0.00    0.25   clock reconvergence pessimism
                         -2.00   -1.75   output external delay
                                 -1.75   data required time
-----------------------------------------------------------------------------
                                 -1.75   data required time
                                 -2.63   data arrival time
-----------------------------------------------------------------------------
                                  4.38   slack (MET)


Startpoint: A[0] (input port clocked by __VIRTUAL_CLK__)
Endpoint: out[0] (output port clocked by __VIRTUAL_CLK__)
Path Group: __VIRTUAL_CLK__
Path Type: min
Corner: Fastest

Fanout     Cap    Slew   Delay    Time   Description
-----------------------------------------------------------------------------
                  0.00    0.00    0.00   clock __VIRTUAL_CLK__ (rise edge)
                          0.00    0.00   clock network delay (ideal)
                          2.00    2.00 ^ input external delay
     1    0.01    0.03    0.02    2.02 ^ A[0] (in)
                                         A[0] (net)
                  0.03    0.00    2.02 ^ input1/A (sky130_fd_sc_hd__buf_8)
     9    0.12    0.15    0.13    2.15 ^ input1/X (sky130_fd_sc_hd__buf_8)
                                         net1 (net)
                  0.15    0.01    2.16 ^ _248_/A (sky130_fd_sc_hd__buf_8)
    10    0.14    0.17    0.17    2.33 ^ _248_/X (sky130_fd_sc_hd__buf_8)
                                         _176_ (net)
                  0.17    0.01    2.33 ^ _262_/A1_N (sky130_fd_sc_hd__a2bb2o_2)
     2    0.04    0.08    0.19    2.52 v _262_/X (sky130_fd_sc_hd__a2bb2o_2)
                                         net20 (net)
                  0.08    0.00    2.52 v output20/A (sky130_fd_sc_hd__buf_2)
     1    0.03    0.06    0.13    2.65 v output20/X (sky130_fd_sc_hd__buf_2)
                                         out[0] (net)
                  0.06    0.00    2.65 v out[0] (out)
                                  2.65   data arrival time

                  0.00    0.00    0.00   clock __VIRTUAL_CLK__ (rise edge)
                          0.00    0.00   clock network delay (ideal)
                          0.25    0.25   clock uncertainty
                          0.00    0.25   clock reconvergence pessimism
                         -2.00   -1.75   output external delay
                                 -1.75   data required time
-----------------------------------------------------------------------------
                                 -1.75   data required time
                                 -2.65   data arrival time
-----------------------------------------------------------------------------
                                  4.40   slack (MET)


Startpoint: A[2] (input port clocked by __VIRTUAL_CLK__)
Endpoint: out[2] (output port clocked by __VIRTUAL_CLK__)
Path Group: __VIRTUAL_CLK__
Path Type: min
Corner: Fastest

Fanout     Cap    Slew   Delay    Time   Description
-----------------------------------------------------------------------------
                  0.00    0.00    0.00   clock __VIRTUAL_CLK__ (rise edge)
                          0.00    0.00   clock network delay (ideal)
                          2.00    2.00 ^ input external delay
     1    0.01    0.04    0.02    2.02 ^ A[2] (in)
                                         A[2] (net)
                  0.04    0.00    2.02 ^ input3/A (sky130_fd_sc_hd__buf_12)
     4    0.05    0.05    0.08    2.10 ^ input3/X (sky130_fd_sc_hd__buf_12)
                                         net3 (net)
                  0.05    0.00    2.11 ^ rebuffer22/A (sky130_fd_sc_hd__buf_12)
     4    0.04    0.04    0.08    2.19 ^ rebuffer22/X (sky130_fd_sc_hd__buf_12)
                                         net54 (net)
                  0.05    0.00    2.19 ^ _288_/A (sky130_fd_sc_hd__buf_8)
    10    0.14    0.18    0.15    2.34 ^ _288_/X (sky130_fd_sc_hd__buf_8)
                                         _217_ (net)
                  0.18    0.01    2.36 ^ _309_/A1_N (sky130_fd_sc_hd__o2bb2a_2)
     2    0.06    0.10    0.21    2.57 v _309_/X (sky130_fd_sc_hd__o2bb2a_2)
                                         net22 (net)
                  0.10    0.00    2.57 v output22/A (sky130_fd_sc_hd__buf_2)
     1    0.03    0.06    0.14    2.71 v output22/X (sky130_fd_sc_hd__buf_2)
                                         out[2] (net)
                  0.06    0.00    2.71 v out[2] (out)
                                  2.71   data arrival time

                  0.00    0.00    0.00   clock __VIRTUAL_CLK__ (rise edge)
                          0.00    0.00   clock network delay (ideal)
                          0.25    0.25   clock uncertainty
                          0.00    0.25   clock reconvergence pessimism
                         -2.00   -1.75   output external delay
                                 -1.75   data required time
-----------------------------------------------------------------------------
                                 -1.75   data required time
                                 -2.71   data arrival time
-----------------------------------------------------------------------------
                                  4.46   slack (MET)


Startpoint: opcode[1] (input port clocked by __VIRTUAL_CLK__)
Endpoint: out[1] (output port clocked by __VIRTUAL_CLK__)
Path Group: __VIRTUAL_CLK__
Path Type: min
Corner: Fastest

Fanout     Cap    Slew   Delay    Time   Description
-----------------------------------------------------------------------------
                  0.00    0.00    0.00   clock __VIRTUAL_CLK__ (rise edge)
                          0.00    0.00   clock network delay (ideal)
                          2.00    2.00 ^ input external delay
     1    0.01    0.03    0.02    2.02 ^ opcode[1] (in)
                                         opcode[1] (net)
                  0.03    0.00    2.02 ^ input18/A (sky130_fd_sc_hd__buf_6)
     5    0.12    0.18    0.15    2.16 ^ input18/X (sky130_fd_sc_hd__buf_6)
                                         net18 (net)
                  0.18    0.02    2.18 ^ _268_/A (sky130_fd_sc_hd__nor2_8)
     7    0.10    0.07    0.08    2.26 v _268_/Y (sky130_fd_sc_hd__nor2_8)
                                         _198_ (net)
                  0.07    0.01    2.27 v _272_/B1 (sky130_fd_sc_hd__o22a_1)
     1    0.01    0.06    0.14    2.42 v _272_/X (sky130_fd_sc_hd__o22a_1)
                                         _202_ (net)
                  0.06    0.00    2.42 v _287_/B1 (sky130_fd_sc_hd__o2bb2a_2)
     7    0.06    0.11    0.24    2.66 v _287_/X (sky130_fd_sc_hd__o2bb2a_2)
                                         net21 (net)
                  0.11    0.01    2.67 v output21/A (sky130_fd_sc_hd__buf_2)
     1    0.03    0.06    0.14    2.81 v output21/X (sky130_fd_sc_hd__buf_2)
                                         out[1] (net)
                  0.06    0.00    2.81 v out[1] (out)
                                  2.81   data arrival time

                  0.00    0.00    0.00   clock __VIRTUAL_CLK__ (rise edge)
                          0.00    0.00   clock network delay (ideal)
                          0.25    0.25   clock uncertainty
                          0.00    0.25   clock reconvergence pessimism
                         -2.00   -1.75   output external delay
                                 -1.75   data required time
-----------------------------------------------------------------------------
                                 -1.75   data required time
                                 -2.81   data arrival time
-----------------------------------------------------------------------------
                                  4.56   slack (MET)



worst slack corner Fastest: 4.1258
======================= Slowest Corner ===================================

Startpoint: A[6] (input port clocked by __VIRTUAL_CLK__)
Endpoint: out[6] (output port clocked by __VIRTUAL_CLK__)
Path Group: __VIRTUAL_CLK__
Path Type: min
Corner: Slowest

Fanout     Cap    Slew   Delay    Time   Description
-----------------------------------------------------------------------------
                  0.00    0.00    0.00   clock __VIRTUAL_CLK__ (rise edge)
                          0.00    0.00   clock network delay (ideal)
                          2.00    2.00 ^ input external delay
     1    0.01    0.07    0.04    2.04 ^ A[6] (in)
                                         A[6] (net)
                  0.07    0.00    2.04 ^ input7/A (sky130_fd_sc_hd__clkbuf_16)
    11    0.15    0.26    0.34    2.38 ^ input7/X (sky130_fd_sc_hd__clkbuf_16)
                                         net7 (net)
                  0.26    0.03    2.41 ^ _453_/A1 (sky130_fd_sc_hd__a22oi_4)
     1    0.04    0.20    0.29    2.70 v _453_/Y (sky130_fd_sc_hd__a22oi_4)
                                         net26 (net)
                  0.20    0.01    2.71 v output26/A (sky130_fd_sc_hd__buf_6)
     1    0.03    0.08    0.30    3.00 v output26/X (sky130_fd_sc_hd__buf_6)
                                         out[6] (net)
                  0.08    0.00    3.01 v out[6] (out)
                                  3.01   data arrival time

                  0.00    0.00    0.00   clock __VIRTUAL_CLK__ (rise edge)
                          0.00    0.00   clock network delay (ideal)
                          0.25    0.25   clock uncertainty
                          0.00    0.25   clock reconvergence pessimism
                         -2.00   -1.75   output external delay
                                 -1.75   data required time
-----------------------------------------------------------------------------
                                 -1.75   data required time
                                 -3.01   data arrival time
-----------------------------------------------------------------------------
                                  4.76   slack (MET)


Startpoint: A[7] (input port clocked by __VIRTUAL_CLK__)
Endpoint: out[7] (output port clocked by __VIRTUAL_CLK__)
Path Group: __VIRTUAL_CLK__
Path Type: min
Corner: Slowest

Fanout     Cap    Slew   Delay    Time   Description
-----------------------------------------------------------------------------
                  0.00    0.00    0.00   clock __VIRTUAL_CLK__ (rise edge)
                          0.00    0.00   clock network delay (ideal)
                          2.00    2.00 v input external delay
     1    0.01    0.04    0.02    2.02 v A[7] (in)
                                         A[7] (net)
                  0.04    0.00    2.02 v input8/A (sky130_fd_sc_hd__buf_8)
     6    0.13    0.17    0.29    2.31 v input8/X (sky130_fd_sc_hd__buf_8)
                                         net8 (net)
                  0.17    0.01    2.31 v _502_/A (sky130_fd_sc_hd__inv_2)
     1    0.02    0.18    0.21    2.52 ^ _502_/Y (sky130_fd_sc_hd__inv_2)
                                         _179_ (net)
                  0.18    0.00    2.53 ^ _503_/B2 (sky130_fd_sc_hd__o32a_4)
     1    0.03    0.16    0.40    2.93 ^ _503_/X (sky130_fd_sc_hd__o32a_4)
                                         net27 (net)
                  0.16    0.00    2.93 ^ output27/A (sky130_fd_sc_hd__buf_8)
     1    0.03    0.10    0.23    3.16 ^ output27/X (sky130_fd_sc_hd__buf_8)
                                         out[7] (net)
                  0.10    0.00    3.16 ^ out[7] (out)
                                  3.16   data arrival time

                  0.00    0.00    0.00   clock __VIRTUAL_CLK__ (rise edge)
                          0.00    0.00   clock network delay (ideal)
                          0.25    0.25   clock uncertainty
                          0.00    0.25   clock reconvergence pessimism
                         -2.00   -1.75   output external delay
                                 -1.75   data required time
-----------------------------------------------------------------------------
                                 -1.75   data required time
                                 -3.16   data arrival time
-----------------------------------------------------------------------------
                                  4.91   slack (MET)


Startpoint: A[5] (input port clocked by __VIRTUAL_CLK__)
Endpoint: out[5] (output port clocked by __VIRTUAL_CLK__)
Path Group: __VIRTUAL_CLK__
Path Type: min
Corner: Slowest

Fanout     Cap    Slew   Delay    Time   Description
-----------------------------------------------------------------------------
                  0.00    0.00    0.00   clock __VIRTUAL_CLK__ (rise edge)
                          0.00    0.00   clock network delay (ideal)
                          2.00    2.00 ^ input external delay
     1    0.00    0.03    0.02    2.02 ^ A[5] (in)
                                         A[5] (net)
                  0.03    0.00    2.02 ^ input6/A (sky130_fd_sc_hd__buf_4)
     3    0.09    0.39    0.40    2.42 ^ input6/X (sky130_fd_sc_hd__buf_4)
                                         net6 (net)
                  0.39    0.01    2.43 ^ _374_/A (sky130_fd_sc_hd__buf_12)
    10    0.15    0.28    0.44    2.87 ^ _374_/X (sky130_fd_sc_hd__buf_12)
                                         _052_ (net)
                  0.28    0.01    2.87 ^ _410_/A1 (sky130_fd_sc_hd__a21oi_2)
     1    0.02    0.16    0.27    3.14 v _410_/Y (sky130_fd_sc_hd__a21oi_2)
                                         net25 (net)
                  0.16    0.00    3.14 v output25/A (sky130_fd_sc_hd__buf_2)
     1    0.03    0.17    0.37    3.51 v output25/X (sky130_fd_sc_hd__buf_2)
                                         out[5] (net)
                  0.17    0.00    3.51 v out[5] (out)
                                  3.51   data arrival time

                  0.00    0.00    0.00   clock __VIRTUAL_CLK__ (rise edge)
                          0.00    0.00   clock network delay (ideal)
                          0.25    0.25   clock uncertainty
                          0.00    0.25   clock reconvergence pessimism
                         -2.00   -1.75   output external delay
                                 -1.75   data required time
-----------------------------------------------------------------------------
                                 -1.75   data required time
                                 -3.51   data arrival time
-----------------------------------------------------------------------------
                                  5.26   slack (MET)


Startpoint: A[4] (input port clocked by __VIRTUAL_CLK__)
Endpoint: out[4] (output port clocked by __VIRTUAL_CLK__)
Path Group: __VIRTUAL_CLK__
Path Type: min
Corner: Slowest

Fanout     Cap    Slew   Delay    Time   Description
-----------------------------------------------------------------------------
                  0.00    0.00    0.00   clock __VIRTUAL_CLK__ (rise edge)
                          0.00    0.00   clock network delay (ideal)
                          2.00    2.00 ^ input external delay
     1    0.00    0.03    0.02    2.02 ^ A[4] (in)
                                         A[4] (net)
                  0.03    0.00    2.02 ^ input5/A (sky130_fd_sc_hd__buf_4)
     4    0.07    0.33    0.36    2.38 ^ input5/X (sky130_fd_sc_hd__buf_4)
                                         net5 (net)
                  0.33    0.00    2.38 ^ _340_/A (sky130_fd_sc_hd__buf_12)
    10    0.13    0.24    0.38    2.76 ^ _340_/X (sky130_fd_sc_hd__buf_12)
                                         _019_ (net)
                  0.25    0.02    2.78 ^ _373_/A1_N (sky130_fd_sc_hd__o2bb2a_2)
     2    0.03    0.18    0.59    3.37 v _373_/X (sky130_fd_sc_hd__o2bb2a_2)
                                         net24 (net)
                  0.18    0.00    3.38 v output24/A (sky130_fd_sc_hd__buf_2)
     1    0.03    0.17    0.38    3.75 v output24/X (sky130_fd_sc_hd__buf_2)
                                         out[4] (net)
                  0.17    0.00    3.75 v out[4] (out)
                                  3.75   data arrival time

                  0.00    0.00    0.00   clock __VIRTUAL_CLK__ (rise edge)
                          0.00    0.00   clock network delay (ideal)
                          0.25    0.25   clock uncertainty
                          0.00    0.25   clock reconvergence pessimism
                         -2.00   -1.75   output external delay
                                 -1.75   data required time
-----------------------------------------------------------------------------
                                 -1.75   data required time
                                 -3.75   data arrival time
-----------------------------------------------------------------------------
                                  5.50   slack (MET)


Startpoint: A[0] (input port clocked by __VIRTUAL_CLK__)
Endpoint: out[0] (output port clocked by __VIRTUAL_CLK__)
Path Group: __VIRTUAL_CLK__
Path Type: min
Corner: Slowest

Fanout     Cap    Slew   Delay    Time   Description
-----------------------------------------------------------------------------
                  0.00    0.00    0.00   clock __VIRTUAL_CLK__ (rise edge)
                          0.00    0.00   clock network delay (ideal)
                          2.00    2.00 v input external delay
     1    0.01    0.04    0.02    2.02 v A[0] (in)
                                         A[0] (net)
                  0.04    0.00    2.02 v input1/A (sky130_fd_sc_hd__buf_8)
     9    0.12    0.16    0.27    2.30 v input1/X (sky130_fd_sc_hd__buf_8)
                                         net1 (net)
                  0.16    0.01    2.31 v _248_/A (sky130_fd_sc_hd__buf_8)
    10    0.14    0.18    0.35    2.66 v _248_/X (sky130_fd_sc_hd__buf_8)
                                         _176_ (net)
                  0.18    0.01    2.66 v _262_/A1_N (sky130_fd_sc_hd__a2bb2o_2)
     2    0.04    0.32    0.66    3.33 ^ _262_/X (sky130_fd_sc_hd__a2bb2o_2)
                                         net20 (net)
                  0.32    0.00    3.33 ^ output20/A (sky130_fd_sc_hd__buf_2)
     1    0.03    0.27    0.43    3.76 ^ output20/X (sky130_fd_sc_hd__buf_2)
                                         out[0] (net)
                  0.27    0.00    3.76 ^ out[0] (out)
                                  3.76   data arrival time

                  0.00    0.00    0.00   clock __VIRTUAL_CLK__ (rise edge)
                          0.00    0.00   clock network delay (ideal)
                          0.25    0.25   clock uncertainty
                          0.00    0.25   clock reconvergence pessimism
                         -2.00   -1.75   output external delay
                                 -1.75   data required time
-----------------------------------------------------------------------------
                                 -1.75   data required time
                                 -3.76   data arrival time
-----------------------------------------------------------------------------
                                  5.51   slack (MET)


Startpoint: A[3] (input port clocked by __VIRTUAL_CLK__)
Endpoint: out[3] (output port clocked by __VIRTUAL_CLK__)
Path Group: __VIRTUAL_CLK__
Path Type: min
Corner: Slowest

Fanout     Cap    Slew   Delay    Time   Description
-----------------------------------------------------------------------------
                  0.00    0.00    0.00   clock __VIRTUAL_CLK__ (rise edge)
                          0.00    0.00   clock network delay (ideal)
                          2.00    2.00 ^ input external delay
     1    0.00    0.05    0.02    2.02 ^ A[3] (in)
                                         A[3] (net)
                  0.05    0.00    2.02 ^ input4/A (sky130_fd_sc_hd__clkbuf_8)
     8    0.12    0.33    0.39    2.42 ^ input4/X (sky130_fd_sc_hd__clkbuf_8)
                                         net4 (net)
                  0.33    0.00    2.42 ^ clone17/A (sky130_fd_sc_hd__clkbuf_16)
     5    0.06    0.12    0.36    2.79 ^ clone17/X (sky130_fd_sc_hd__clkbuf_16)
                                         net66 (net)
                  0.12    0.00    2.79 ^ _339_/A1_N (sky130_fd_sc_hd__o2bb2a_1)
     2    0.03    0.26    0.62    3.40 v _339_/X (sky130_fd_sc_hd__o2bb2a_1)
                                         net23 (net)
                  0.26    0.00    3.41 v output23/A (sky130_fd_sc_hd__buf_2)
     1    0.03    0.17    0.42    3.82 v output23/X (sky130_fd_sc_hd__buf_2)
                                         out[3] (net)
                  0.17    0.00    3.82 v out[3] (out)
                                  3.82   data arrival time

                  0.00    0.00    0.00   clock __VIRTUAL_CLK__ (rise edge)
                          0.00    0.00   clock network delay (ideal)
                          0.25    0.25   clock uncertainty
                          0.00    0.25   clock reconvergence pessimism
                         -2.00   -1.75   output external delay
                                 -1.75   data required time
-----------------------------------------------------------------------------
                                 -1.75   data required time
                                 -3.82   data arrival time
-----------------------------------------------------------------------------
                                  5.57   slack (MET)


Startpoint: A[2] (input port clocked by __VIRTUAL_CLK__)
Endpoint: out[2] (output port clocked by __VIRTUAL_CLK__)
Path Group: __VIRTUAL_CLK__
Path Type: min
Corner: Slowest

Fanout     Cap    Slew   Delay    Time   Description
-----------------------------------------------------------------------------
                  0.00    0.00    0.00   clock __VIRTUAL_CLK__ (rise edge)
                          0.00    0.00   clock network delay (ideal)
                          2.00    2.00 ^ input external delay
     1    0.01    0.08    0.05    2.05 ^ A[2] (in)
                                         A[2] (net)
                  0.08    0.00    2.05 ^ input3/A (sky130_fd_sc_hd__buf_12)
     4    0.05    0.11    0.21    2.26 ^ input3/X (sky130_fd_sc_hd__buf_12)
                                         net3 (net)
                  0.11    0.00    2.26 ^ rebuffer22/A (sky130_fd_sc_hd__buf_12)
     4    0.04    0.09    0.21    2.47 ^ rebuffer22/X (sky130_fd_sc_hd__buf_12)
                                         net54 (net)
                  0.09    0.00    2.47 ^ _288_/A (sky130_fd_sc_hd__buf_8)
    10    0.14    0.36    0.37    2.84 ^ _288_/X (sky130_fd_sc_hd__buf_8)
                                         _217_ (net)
                  0.36    0.01    2.86 ^ _309_/A1_N (sky130_fd_sc_hd__o2bb2a_2)
     2    0.06    0.28    0.71    3.57 v _309_/X (sky130_fd_sc_hd__o2bb2a_2)
                                         net22 (net)
                  0.28    0.00    3.57 v output22/A (sky130_fd_sc_hd__buf_2)
     1    0.03    0.17    0.42    3.99 v output22/X (sky130_fd_sc_hd__buf_2)
                                         out[2] (net)
                  0.17    0.00    3.99 v out[2] (out)
                                  3.99   data arrival time

                  0.00    0.00    0.00   clock __VIRTUAL_CLK__ (rise edge)
                          0.00    0.00   clock network delay (ideal)
                          0.25    0.25   clock uncertainty
                          0.00    0.25   clock reconvergence pessimism
                         -2.00   -1.75   output external delay
                                 -1.75   data required time
-----------------------------------------------------------------------------
                                 -1.75   data required time
                                 -3.99   data arrival time
-----------------------------------------------------------------------------
                                  5.74   slack (MET)


Startpoint: opcode[1] (input port clocked by __VIRTUAL_CLK__)
Endpoint: out[1] (output port clocked by __VIRTUAL_CLK__)
Path Group: __VIRTUAL_CLK__
Path Type: min
Corner: Slowest

Fanout     Cap    Slew   Delay    Time   Description
-----------------------------------------------------------------------------
                  0.00    0.00    0.00   clock __VIRTUAL_CLK__ (rise edge)
                          0.00    0.00   clock network delay (ideal)
                          2.00    2.00 ^ input external delay
     1    0.01    0.06    0.03    2.03 ^ opcode[1] (in)
                                         opcode[1] (net)
                  0.06    0.00    2.03 ^ input18/A (sky130_fd_sc_hd__buf_6)
     5    0.12    0.37    0.36    2.40 ^ input18/X (sky130_fd_sc_hd__buf_6)
                                         net18 (net)
                  0.37    0.02    2.41 ^ _268_/A (sky130_fd_sc_hd__nor2_8)
     7    0.10    0.14    0.25    2.67 v _268_/Y (sky130_fd_sc_hd__nor2_8)
                                         _198_ (net)
                  0.14    0.01    2.68 v _272_/B1 (sky130_fd_sc_hd__o22a_1)
     1    0.01    0.17    0.46    3.14 v _272_/X (sky130_fd_sc_hd__o22a_1)
                                         _202_ (net)
                  0.17    0.00    3.14 v _287_/B1 (sky130_fd_sc_hd__o2bb2a_2)
     7    0.06    0.30    0.79    3.93 v _287_/X (sky130_fd_sc_hd__o2bb2a_2)
                                         net21 (net)
                  0.30    0.01    3.94 v output21/A (sky130_fd_sc_hd__buf_2)
     1    0.03    0.17    0.43    4.37 v output21/X (sky130_fd_sc_hd__buf_2)
                                         out[1] (net)
                  0.17    0.00    4.37 v out[1] (out)
                                  4.37   data arrival time

                  0.00    0.00    0.00   clock __VIRTUAL_CLK__ (rise edge)
                          0.00    0.00   clock network delay (ideal)
                          0.25    0.25   clock uncertainty
                          0.00    0.25   clock reconvergence pessimism
                         -2.00   -1.75   output external delay
                                 -1.75   data required time
-----------------------------------------------------------------------------
                                 -1.75   data required time
                                 -4.37   data arrival time
-----------------------------------------------------------------------------
                                  6.12   slack (MET)



worst slack corner Slowest: 4.7552
======================= Typical Corner ===================================

Startpoint: A[6] (input port clocked by __VIRTUAL_CLK__)
Endpoint: out[6] (output port clocked by __VIRTUAL_CLK__)
Path Group: __VIRTUAL_CLK__
Path Type: min
Corner: Typical

Fanout     Cap    Slew   Delay    Time   Description
-----------------------------------------------------------------------------
                  0.00    0.00    0.00   clock __VIRTUAL_CLK__ (rise edge)
                          0.00    0.00   clock network delay (ideal)
                          2.00    2.00 ^ input external delay
     1    0.01    0.05    0.03    2.03 ^ A[6] (in)
                                         A[6] (net)
                  0.05    0.00    2.03 ^ input7/A (sky130_fd_sc_hd__clkbuf_16)
    11    0.15    0.17    0.20    2.23 ^ input7/X (sky130_fd_sc_hd__clkbuf_16)
                                         net7 (net)
                  0.18    0.03    2.25 ^ _453_/A1 (sky130_fd_sc_hd__a22oi_4)
     1    0.04    0.10    0.15    2.40 v _453_/Y (sky130_fd_sc_hd__a22oi_4)
                                         net26 (net)
                  0.10    0.01    2.40 v output26/A (sky130_fd_sc_hd__buf_6)
     1    0.03    0.04    0.16    2.56 v output26/X (sky130_fd_sc_hd__buf_6)
                                         out[6] (net)
                  0.04    0.00    2.56 v out[6] (out)
                                  2.56   data arrival time

                  0.00    0.00    0.00   clock __VIRTUAL_CLK__ (rise edge)
                          0.00    0.00   clock network delay (ideal)
                          0.25    0.25   clock uncertainty
                          0.00    0.25   clock reconvergence pessimism
                         -2.00   -1.75   output external delay
                                 -1.75   data required time
-----------------------------------------------------------------------------
                                 -1.75   data required time
                                 -2.56   data arrival time
-----------------------------------------------------------------------------
                                  4.31   slack (MET)


Startpoint: A[7] (input port clocked by __VIRTUAL_CLK__)
Endpoint: out[7] (output port clocked by __VIRTUAL_CLK__)
Path Group: __VIRTUAL_CLK__
Path Type: min
Corner: Typical

Fanout     Cap    Slew   Delay    Time   Description
-----------------------------------------------------------------------------
                  0.00    0.00    0.00   clock __VIRTUAL_CLK__ (rise edge)
                          0.00    0.00   clock network delay (ideal)
                          2.00    2.00 v input external delay
     1    0.01    0.02    0.01    2.01 v A[7] (in)
                                         A[7] (net)
                  0.02    0.00    2.01 v input8/A (sky130_fd_sc_hd__buf_8)
     6    0.13    0.10    0.16    2.17 v input8/X (sky130_fd_sc_hd__buf_8)
                                         net8 (net)
                  0.10    0.01    2.17 v _502_/A (sky130_fd_sc_hd__inv_2)
     1    0.02    0.12    0.12    2.30 ^ _502_/Y (sky130_fd_sc_hd__inv_2)
                                         _179_ (net)
                  0.12    0.00    2.30 ^ _503_/B2 (sky130_fd_sc_hd__o32a_4)
     1    0.03    0.10    0.21    2.51 ^ _503_/X (sky130_fd_sc_hd__o32a_4)
                                         net27 (net)
                  0.10    0.00    2.51 ^ output27/A (sky130_fd_sc_hd__buf_8)
     1    0.03    0.07    0.13    2.64 ^ output27/X (sky130_fd_sc_hd__buf_8)
                                         out[7] (net)
                  0.07    0.00    2.64 ^ out[7] (out)
                                  2.64   data arrival time

                  0.00    0.00    0.00   clock __VIRTUAL_CLK__ (rise edge)
                          0.00    0.00   clock network delay (ideal)
                          0.25    0.25   clock uncertainty
                          0.00    0.25   clock reconvergence pessimism
                         -2.00   -1.75   output external delay
                                 -1.75   data required time
-----------------------------------------------------------------------------
                                 -1.75   data required time
                                 -2.64   data arrival time
-----------------------------------------------------------------------------
                                  4.39   slack (MET)


Startpoint: A[5] (input port clocked by __VIRTUAL_CLK__)
Endpoint: out[5] (output port clocked by __VIRTUAL_CLK__)
Path Group: __VIRTUAL_CLK__
Path Type: min
Corner: Typical

Fanout     Cap    Slew   Delay    Time   Description
-----------------------------------------------------------------------------
                  0.00    0.00    0.00   clock __VIRTUAL_CLK__ (rise edge)
                          0.00    0.00   clock network delay (ideal)
                          2.00    2.00 ^ input external delay
     1    0.00    0.02    0.01    2.01 ^ A[5] (in)
                                         A[5] (net)
                  0.02    0.00    2.01 ^ input6/A (sky130_fd_sc_hd__buf_4)
     3    0.09    0.25    0.23    2.24 ^ input6/X (sky130_fd_sc_hd__buf_4)
                                         net6 (net)
                  0.25    0.01    2.25 ^ _374_/A (sky130_fd_sc_hd__buf_12)
    10    0.15    0.18    0.24    2.49 ^ _374_/X (sky130_fd_sc_hd__buf_12)
                                         _052_ (net)
                  0.18    0.01    2.49 ^ _410_/A1 (sky130_fd_sc_hd__a21oi_2)
     1    0.02    0.10    0.13    2.62 v _410_/Y (sky130_fd_sc_hd__a21oi_2)
                                         net25 (net)
                  0.10    0.00    2.62 v output25/A (sky130_fd_sc_hd__buf_2)
     1    0.03    0.09    0.19    2.82 v output25/X (sky130_fd_sc_hd__buf_2)
                                         out[5] (net)
                  0.09    0.00    2.82 v out[5] (out)
                                  2.82   data arrival time

                  0.00    0.00    0.00   clock __VIRTUAL_CLK__ (rise edge)
                          0.00    0.00   clock network delay (ideal)
                          0.25    0.25   clock uncertainty
                          0.00    0.25   clock reconvergence pessimism
                         -2.00   -1.75   output external delay
                                 -1.75   data required time
-----------------------------------------------------------------------------
                                 -1.75   data required time
                                 -2.82   data arrival time
-----------------------------------------------------------------------------
                                  4.57   slack (MET)


Startpoint: A[4] (input port clocked by __VIRTUAL_CLK__)
Endpoint: out[4] (output port clocked by __VIRTUAL_CLK__)
Path Group: __VIRTUAL_CLK__
Path Type: min
Corner: Typical

Fanout     Cap    Slew   Delay    Time   Description
-----------------------------------------------------------------------------
                  0.00    0.00    0.00   clock __VIRTUAL_CLK__ (rise edge)
                          0.00    0.00   clock network delay (ideal)
                          2.00    2.00 ^ input external delay
     1    0.00    0.02    0.01    2.01 ^ A[4] (in)
                                         A[4] (net)
                  0.02    0.00    2.01 ^ input5/A (sky130_fd_sc_hd__buf_4)
     4    0.07    0.21    0.21    2.22 ^ input5/X (sky130_fd_sc_hd__buf_4)
                                         net5 (net)
                  0.21    0.00    2.22 ^ _340_/A (sky130_fd_sc_hd__buf_12)
    10    0.13    0.16    0.20    2.43 ^ _340_/X (sky130_fd_sc_hd__buf_12)
                                         _019_ (net)
                  0.16    0.02    2.45 ^ _373_/A1_N (sky130_fd_sc_hd__o2bb2a_2)
     2    0.03    0.10    0.29    2.73 v _373_/X (sky130_fd_sc_hd__o2bb2a_2)
                                         net24 (net)
                  0.10    0.00    2.74 v output24/A (sky130_fd_sc_hd__buf_2)
     1    0.03    0.09    0.20    2.93 v output24/X (sky130_fd_sc_hd__buf_2)
                                         out[4] (net)
                  0.09    0.00    2.93 v out[4] (out)
                                  2.93   data arrival time

                  0.00    0.00    0.00   clock __VIRTUAL_CLK__ (rise edge)
                          0.00    0.00   clock network delay (ideal)
                          0.25    0.25   clock uncertainty
                          0.00    0.25   clock reconvergence pessimism
                         -2.00   -1.75   output external delay
                                 -1.75   data required time
-----------------------------------------------------------------------------
                                 -1.75   data required time
                                 -2.93   data arrival time
-----------------------------------------------------------------------------
                                  4.68   slack (MET)


Startpoint: A[3] (input port clocked by __VIRTUAL_CLK__)
Endpoint: out[3] (output port clocked by __VIRTUAL_CLK__)
Path Group: __VIRTUAL_CLK__
Path Type: min
Corner: Typical

Fanout     Cap    Slew   Delay    Time   Description
-----------------------------------------------------------------------------
                  0.00    0.00    0.00   clock __VIRTUAL_CLK__ (rise edge)
                          0.00    0.00   clock network delay (ideal)
                          2.00    2.00 ^ input external delay
     1    0.00    0.03    0.02    2.02 ^ A[3] (in)
                                         A[3] (net)
                  0.03    0.00    2.02 ^ input4/A (sky130_fd_sc_hd__clkbuf_8)
     8    0.12    0.21    0.23    2.25 ^ input4/X (sky130_fd_sc_hd__clkbuf_8)
                                         net4 (net)
                  0.21    0.00    2.25 ^ clone17/A (sky130_fd_sc_hd__clkbuf_16)
     5    0.06    0.08    0.20    2.45 ^ clone17/X (sky130_fd_sc_hd__clkbuf_16)
                                         net66 (net)
                  0.08    0.00    2.45 ^ _339_/A1_N (sky130_fd_sc_hd__o2bb2a_1)
     2    0.03    0.14    0.30    2.75 v _339_/X (sky130_fd_sc_hd__o2bb2a_1)
                                         net23 (net)
                  0.14    0.00    2.75 v output23/A (sky130_fd_sc_hd__buf_2)
     1    0.03    0.09    0.21    2.96 v output23/X (sky130_fd_sc_hd__buf_2)
                                         out[3] (net)
                  0.09    0.00    2.96 v out[3] (out)
                                  2.96   data arrival time

                  0.00    0.00    0.00   clock __VIRTUAL_CLK__ (rise edge)
                          0.00    0.00   clock network delay (ideal)
                          0.25    0.25   clock uncertainty
                          0.00    0.25   clock reconvergence pessimism
                         -2.00   -1.75   output external delay
                                 -1.75   data required time
-----------------------------------------------------------------------------
                                 -1.75   data required time
                                 -2.96   data arrival time
-----------------------------------------------------------------------------
                                  4.71   slack (MET)


Startpoint: A[0] (input port clocked by __VIRTUAL_CLK__)
Endpoint: out[0] (output port clocked by __VIRTUAL_CLK__)
Path Group: __VIRTUAL_CLK__
Path Type: min
Corner: Typical

Fanout     Cap    Slew   Delay    Time   Description
-----------------------------------------------------------------------------
                  0.00    0.00    0.00   clock __VIRTUAL_CLK__ (rise edge)
                          0.00    0.00   clock network delay (ideal)
                          2.00    2.00 v input external delay
     1    0.01    0.02    0.01    2.01 v A[0] (in)
                                         A[0] (net)
                  0.02    0.00    2.01 v input1/A (sky130_fd_sc_hd__buf_8)
     9    0.12    0.09    0.15    2.16 v input1/X (sky130_fd_sc_hd__buf_8)
                                         net1 (net)
                  0.10    0.01    2.17 v _248_/A (sky130_fd_sc_hd__buf_8)
    10    0.14    0.10    0.19    2.37 v _248_/X (sky130_fd_sc_hd__buf_8)
                                         _176_ (net)
                  0.10    0.01    2.37 v _262_/A1_N (sky130_fd_sc_hd__a2bb2o_2)
     2    0.04    0.20    0.36    2.73 ^ _262_/X (sky130_fd_sc_hd__a2bb2o_2)
                                         net20 (net)
                  0.20    0.00    2.74 ^ output20/A (sky130_fd_sc_hd__buf_2)
     1    0.03    0.17    0.24    2.97 ^ output20/X (sky130_fd_sc_hd__buf_2)
                                         out[0] (net)
                  0.17    0.00    2.97 ^ out[0] (out)
                                  2.97   data arrival time

                  0.00    0.00    0.00   clock __VIRTUAL_CLK__ (rise edge)
                          0.00    0.00   clock network delay (ideal)
                          0.25    0.25   clock uncertainty
                          0.00    0.25   clock reconvergence pessimism
                         -2.00   -1.75   output external delay
                                 -1.75   data required time
-----------------------------------------------------------------------------
                                 -1.75   data required time
                                 -2.97   data arrival time
-----------------------------------------------------------------------------
                                  4.72   slack (MET)


Startpoint: A[2] (input port clocked by __VIRTUAL_CLK__)
Endpoint: out[2] (output port clocked by __VIRTUAL_CLK__)
Path Group: __VIRTUAL_CLK__
Path Type: min
Corner: Typical

Fanout     Cap    Slew   Delay    Time   Description
-----------------------------------------------------------------------------
                  0.00    0.00    0.00   clock __VIRTUAL_CLK__ (rise edge)
                          0.00    0.00   clock network delay (ideal)
                          2.00    2.00 ^ input external delay
     1    0.01    0.05    0.03    2.03 ^ A[2] (in)
                                         A[2] (net)
                  0.05    0.00    2.03 ^ input3/A (sky130_fd_sc_hd__buf_12)
     4    0.05    0.07    0.12    2.15 ^ input3/X (sky130_fd_sc_hd__buf_12)
                                         net3 (net)
                  0.07    0.00    2.15 ^ rebuffer22/A (sky130_fd_sc_hd__buf_12)
     4    0.04    0.06    0.12    2.27 ^ rebuffer22/X (sky130_fd_sc_hd__buf_12)
                                         net54 (net)
                  0.06    0.00    2.27 ^ _288_/A (sky130_fd_sc_hd__buf_8)
    10    0.14    0.23    0.22    2.49 ^ _288_/X (sky130_fd_sc_hd__buf_8)
                                         _217_ (net)
                  0.23    0.01    2.51 ^ _309_/A1_N (sky130_fd_sc_hd__o2bb2a_2)
     2    0.06    0.15    0.35    2.85 v _309_/X (sky130_fd_sc_hd__o2bb2a_2)
                                         net22 (net)
                  0.15    0.00    2.86 v output22/A (sky130_fd_sc_hd__buf_2)
     1    0.03    0.09    0.22    3.07 v output22/X (sky130_fd_sc_hd__buf_2)
                                         out[2] (net)
                  0.09    0.00    3.07 v out[2] (out)
                                  3.07   data arrival time

                  0.00    0.00    0.00   clock __VIRTUAL_CLK__ (rise edge)
                          0.00    0.00   clock network delay (ideal)
                          0.25    0.25   clock uncertainty
                          0.00    0.25   clock reconvergence pessimism
                         -2.00   -1.75   output external delay
                                 -1.75   data required time
-----------------------------------------------------------------------------
                                 -1.75   data required time
                                 -3.07   data arrival time
-----------------------------------------------------------------------------
                                  4.82   slack (MET)


Startpoint: opcode[1] (input port clocked by __VIRTUAL_CLK__)
Endpoint: out[1] (output port clocked by __VIRTUAL_CLK__)
Path Group: __VIRTUAL_CLK__
Path Type: min
Corner: Typical

Fanout     Cap    Slew   Delay    Time   Description
-----------------------------------------------------------------------------
                  0.00    0.00    0.00   clock __VIRTUAL_CLK__ (rise edge)
                          0.00    0.00   clock network delay (ideal)
                          2.00    2.00 ^ input external delay
     1    0.01    0.03    0.02    2.02 ^ opcode[1] (in)
                                         opcode[1] (net)
                  0.03    0.00    2.02 ^ input18/A (sky130_fd_sc_hd__buf_6)
     5    0.12    0.23    0.21    2.23 ^ input18/X (sky130_fd_sc_hd__buf_6)
                                         net18 (net)
                  0.23    0.02    2.25 ^ _268_/A (sky130_fd_sc_hd__nor2_8)
     7    0.10    0.09    0.13    2.38 v _268_/Y (sky130_fd_sc_hd__nor2_8)
                                         _198_ (net)
                  0.09    0.01    2.39 v _272_/B1 (sky130_fd_sc_hd__o22a_1)
     1    0.01    0.08    0.23    2.63 v _272_/X (sky130_fd_sc_hd__o22a_1)
                                         _202_ (net)
                  0.08    0.00    2.63 v _287_/B1 (sky130_fd_sc_hd__o2bb2a_2)
     7    0.06    0.16    0.38    3.01 v _287_/X (sky130_fd_sc_hd__o2bb2a_2)
                                         net21 (net)
                  0.16    0.01    3.02 v output21/A (sky130_fd_sc_hd__buf_2)
     1    0.03    0.09    0.22    3.25 v output21/X (sky130_fd_sc_hd__buf_2)
                                         out[1] (net)
                  0.09    0.00    3.25 v out[1] (out)
                                  3.25   data arrival time

                  0.00    0.00    0.00   clock __VIRTUAL_CLK__ (rise edge)
                          0.00    0.00   clock network delay (ideal)
                          0.25    0.25   clock uncertainty
                          0.00    0.25   clock reconvergence pessimism
                         -2.00   -1.75   output external delay
                                 -1.75   data required time
-----------------------------------------------------------------------------
                                 -1.75   data required time
                                 -3.25   data arrival time
-----------------------------------------------------------------------------
                                  5.00   slack (MET)



worst slack corner Typical: 4.3103
