
===========================================================================
report_checks -path_delay min (Hold)
============================================================================
======================= Fastest Corner ===================================

Startpoint: A[6] (input port clocked by __VIRTUAL_CLK__)
Endpoint: out[6] (output port clocked by __VIRTUAL_CLK__)
Path Group: __VIRTUAL_CLK__
Path Type: min
Corner: Fastest

Fanout     Cap    Slew   Delay    Time   Description
-----------------------------------------------------------------------------
                  0.00    0.00    0.00   clock __VIRTUAL_CLK__ (rise edge)
                          0.00    0.00   clock network delay (ideal)
                          2.00    2.00 ^ input external delay
     1    0.01    0.03    0.02    2.02 ^ A[6] (in)
                                         A[6] (net)
                  0.03    0.00    2.02 ^ input7/A (sky130_fd_sc_hd__clkbuf_16)
    11    0.18    0.14    0.13    2.15 ^ input7/X (sky130_fd_sc_hd__clkbuf_16)
                                         net7 (net)
                  0.18    0.05    2.20 ^ _453_/A1 (sky130_fd_sc_hd__a22oi_4)
     1    0.04    0.08    0.10    2.30 v _453_/Y (sky130_fd_sc_hd__a22oi_4)
                                         net26 (net)
                  0.08    0.01    2.31 v output26/A (sky130_fd_sc_hd__buf_6)
     1    0.03    0.03    0.11    2.42 v output26/X (sky130_fd_sc_hd__buf_6)
                                         out[6] (net)
                  0.03    0.00    2.42 v out[6] (out)
                                  2.42   data arrival time

                  0.00    0.00    0.00   clock __VIRTUAL_CLK__ (rise edge)
                          0.00    0.00   clock network delay (ideal)
                          0.25    0.25   clock uncertainty
                          0.00    0.25   clock reconvergence pessimism
                         -2.00   -1.75   output external delay
                                 -1.75   data required time
-----------------------------------------------------------------------------
                                 -1.75   data required time
                                 -2.42   data arrival time
-----------------------------------------------------------------------------
                                  4.17   slack (MET)


Startpoint: A[7] (input port clocked by __VIRTUAL_CLK__)
Endpoint: out[7] (output port clocked by __VIRTUAL_CLK__)
Path Group: __VIRTUAL_CLK__
Path Type: min
Corner: Fastest

Fanout     Cap    Slew   Delay    Time   Description
-----------------------------------------------------------------------------
                  0.00    0.00    0.00   clock __VIRTUAL_CLK__ (rise edge)
                          0.00    0.00   clock network delay (ideal)
                          2.00    2.00 v input external delay
     1    0.01    0.01    0.01    2.01 v A[7] (in)
                                         A[7] (net)
                  0.01    0.00    2.01 v input8/A (sky130_fd_sc_hd__buf_8)
     6    0.15    0.08    0.10    2.11 v input8/X (sky130_fd_sc_hd__buf_8)
                                         net8 (net)
                  0.09    0.02    2.13 v _502_/A (sky130_fd_sc_hd__inv_2)
     1    0.03    0.11    0.11    2.23 ^ _502_/Y (sky130_fd_sc_hd__inv_2)
                                         _179_ (net)
                  0.11    0.00    2.24 ^ _503_/B2 (sky130_fd_sc_hd__o32a_4)
     1    0.04    0.08    0.12    2.35 ^ _503_/X (sky130_fd_sc_hd__o32a_4)
                                         net27 (net)
                  0.09    0.01    2.36 ^ output27/A (sky130_fd_sc_hd__buf_8)
     1    0.03    0.05    0.08    2.45 ^ output27/X (sky130_fd_sc_hd__buf_8)
                                         out[7] (net)
                  0.05    0.00    2.45 ^ out[7] (out)
                                  2.45   data arrival time

                  0.00    0.00    0.00   clock __VIRTUAL_CLK__ (rise edge)
                          0.00    0.00   clock network delay (ideal)
                          0.25    0.25   clock uncertainty
                          0.00    0.25   clock reconvergence pessimism
                         -2.00   -1.75   output external delay
                                 -1.75   data required time
-----------------------------------------------------------------------------
                                 -1.75   data required time
                                 -2.45   data arrival time
-----------------------------------------------------------------------------
                                  4.20   slack (MET)


Startpoint: A[5] (input port clocked by __VIRTUAL_CLK__)
Endpoint: out[5] (output port clocked by __VIRTUAL_CLK__)
Path Group: __VIRTUAL_CLK__
Path Type: min
Corner: Fastest

Fanout     Cap    Slew   Delay    Time   Description
-----------------------------------------------------------------------------
                  0.00    0.00    0.00   clock __VIRTUAL_CLK__ (rise edge)
                          0.00    0.00   clock network delay (ideal)
                          2.00    2.00 ^ input external delay
     1    0.00    0.02    0.01    2.01 ^ A[5] (in)
                                         A[5] (net)
                  0.02    0.00    2.01 ^ input6/A (sky130_fd_sc_hd__buf_4)
     3    0.10    0.22    0.18    2.19 ^ input6/X (sky130_fd_sc_hd__buf_4)
                                         net6 (net)
                  0.22    0.02    2.20 ^ _374_/A (sky130_fd_sc_hd__buf_12)
    10    0.18    0.16    0.15    2.36 ^ _374_/X (sky130_fd_sc_hd__buf_12)
                                         _052_ (net)
                  0.16    0.02    2.38 ^ _410_/A1 (sky130_fd_sc_hd__a21oi_2)
     1    0.03    0.07    0.08    2.46 v _410_/Y (sky130_fd_sc_hd__a21oi_2)
                                         net25 (net)
                  0.07    0.00    2.46 v output25/A (sky130_fd_sc_hd__buf_2)
     1    0.03    0.06    0.13    2.59 v output25/X (sky130_fd_sc_hd__buf_2)
                                         out[5] (net)
                  0.06    0.00    2.59 v out[5] (out)
                                  2.59   data arrival time

                  0.00    0.00    0.00   clock __VIRTUAL_CLK__ (rise edge)
                          0.00    0.00   clock network delay (ideal)
                          0.25    0.25   clock uncertainty
                          0.00    0.25   clock reconvergence pessimism
                         -2.00   -1.75   output external delay
                                 -1.75   data required time
-----------------------------------------------------------------------------
                                 -1.75   data required time
                                 -2.59   data arrival time
-----------------------------------------------------------------------------
                                  4.34   slack (MET)


Startpoint: A[4] (input port clocked by __VIRTUAL_CLK__)
Endpoint: out[4] (output port clocked by __VIRTUAL_CLK__)
Path Group: __VIRTUAL_CLK__
Path Type: min
Corner: Fastest

Fanout     Cap    Slew   Delay    Time   Description
-----------------------------------------------------------------------------
                  0.00    0.00    0.00   clock __VIRTUAL_CLK__ (rise edge)
                          0.00    0.00   clock network delay (ideal)
                          2.00    2.00 ^ input external delay
     1    0.00    0.02    0.01    2.01 ^ A[4] (in)
                                         A[4] (net)
                  0.02    0.00    2.01 ^ input5/A (sky130_fd_sc_hd__buf_4)
     4    0.08    0.18    0.16    2.17 ^ input5/X (sky130_fd_sc_hd__buf_4)
                                         net5 (net)
                  0.18    0.01    2.17 ^ _340_/A (sky130_fd_sc_hd__buf_12)
    10    0.15    0.13    0.12    2.30 ^ _340_/X (sky130_fd_sc_hd__buf_12)
                                         _019_ (net)
                  0.16    0.04    2.34 ^ _373_/A1_N (sky130_fd_sc_hd__o2bb2a_2)
     2    0.04    0.07    0.18    2.52 v _373_/X (sky130_fd_sc_hd__o2bb2a_2)
                                         net24 (net)
                  0.08    0.01    2.52 v output24/A (sky130_fd_sc_hd__buf_2)
     1    0.03    0.06    0.13    2.65 v output24/X (sky130_fd_sc_hd__buf_2)
                                         out[4] (net)
                  0.06    0.00    2.66 v out[4] (out)
                                  2.66   data arrival time

                  0.00    0.00    0.00   clock __VIRTUAL_CLK__ (rise edge)
                          0.00    0.00   clock network delay (ideal)
                          0.25    0.25   clock uncertainty
                          0.00    0.25   clock reconvergence pessimism
                         -2.00   -1.75   output external delay
                                 -1.75   data required time
-----------------------------------------------------------------------------
                                 -1.75   data required time
                                 -2.66   data arrival time
-----------------------------------------------------------------------------
                                  4.41   slack (MET)


Startpoint: A[3] (input port clocked by __VIRTUAL_CLK__)
Endpoint: out[3] (output port clocked by __VIRTUAL_CLK__)
Path Group: __VIRTUAL_CLK__
Path Type: min
Corner: Fastest

Fanout     Cap    Slew   Delay    Time   Description
-----------------------------------------------------------------------------
                  0.00    0.00    0.00   clock __VIRTUAL_CLK__ (rise edge)
                          0.00    0.00   clock network delay (ideal)
                          2.00    2.00 ^ input external delay
     1    0.00    0.02    0.01    2.01 ^ A[3] (in)
                                         A[3] (net)
                  0.02    0.00    2.01 ^ input4/A (sky130_fd_sc_hd__clkbuf_8)
     8    0.14    0.19    0.17    2.18 ^ input4/X (sky130_fd_sc_hd__clkbuf_8)
                                         net4 (net)
                  0.19    0.01    2.19 ^ clone17/A (sky130_fd_sc_hd__clkbuf_16)
     5    0.07    0.07    0.14    2.33 ^ clone17/X (sky130_fd_sc_hd__clkbuf_16)
                                         net66 (net)
                  0.07    0.01    2.34 ^ _339_/A1_N (sky130_fd_sc_hd__o2bb2a_1)
     2    0.03    0.10    0.19    2.53 v _339_/X (sky130_fd_sc_hd__o2bb2a_1)
                                         net23 (net)
                  0.10    0.00    2.53 v output23/A (sky130_fd_sc_hd__buf_2)
     1    0.03    0.06    0.14    2.67 v output23/X (sky130_fd_sc_hd__buf_2)
                                         out[3] (net)
                  0.06    0.00    2.67 v out[3] (out)
                                  2.67   data arrival time

                  0.00    0.00    0.00   clock __VIRTUAL_CLK__ (rise edge)
                          0.00    0.00   clock network delay (ideal)
                          0.25    0.25   clock uncertainty
                          0.00    0.25   clock reconvergence pessimism
                         -2.00   -1.75   output external delay
                                 -1.75   data required time
-----------------------------------------------------------------------------
                                 -1.75   data required time
                                 -2.67   data arrival time
-----------------------------------------------------------------------------
                                  4.42   slack (MET)


Startpoint: A[0] (input port clocked by __VIRTUAL_CLK__)
Endpoint: out[0] (output port clocked by __VIRTUAL_CLK__)
Path Group: __VIRTUAL_CLK__
Path Type: min
Corner: Fastest

Fanout     Cap    Slew   Delay    Time   Description
-----------------------------------------------------------------------------
                  0.00    0.00    0.00   clock __VIRTUAL_CLK__ (rise edge)
                          0.00    0.00   clock network delay (ideal)
                          2.00    2.00 ^ input external delay
     1    0.01    0.03    0.02    2.02 ^ A[0] (in)
                                         A[0] (net)
                  0.03    0.00    2.02 ^ input1/A (sky130_fd_sc_hd__buf_8)
     9    0.14    0.17    0.13    2.15 ^ input1/X (sky130_fd_sc_hd__buf_8)
                                         net1 (net)
                  0.18    0.03    2.18 ^ _248_/A (sky130_fd_sc_hd__buf_8)
    10    0.16    0.20    0.17    2.35 ^ _248_/X (sky130_fd_sc_hd__buf_8)
                                         _176_ (net)
                  0.20    0.01    2.36 ^ _262_/A1_N (sky130_fd_sc_hd__a2bb2o_2)
     2    0.04    0.09    0.19    2.56 v _262_/X (sky130_fd_sc_hd__a2bb2o_2)
                                         net20 (net)
                  0.09    0.01    2.56 v output20/A (sky130_fd_sc_hd__buf_2)
     1    0.03    0.06    0.13    2.70 v output20/X (sky130_fd_sc_hd__buf_2)
                                         out[0] (net)
                  0.06    0.00    2.70 v out[0] (out)
                                  2.70   data arrival time

                  0.00    0.00    0.00   clock __VIRTUAL_CLK__ (rise edge)
                          0.00    0.00   clock network delay (ideal)
                          0.25    0.25   clock uncertainty
                          0.00    0.25   clock reconvergence pessimism
                         -2.00   -1.75   output external delay
                                 -1.75   data required time
-----------------------------------------------------------------------------
                                 -1.75   data required time
                                 -2.70   data arrival time
-----------------------------------------------------------------------------
                                  4.45   slack (MET)


Startpoint: A[2] (input port clocked by __VIRTUAL_CLK__)
Endpoint: out[2] (output port clocked by __VIRTUAL_CLK__)
Path Group: __VIRTUAL_CLK__
Path Type: min
Corner: Fastest

Fanout     Cap    Slew   Delay    Time   Description
-----------------------------------------------------------------------------
                  0.00    0.00    0.00   clock __VIRTUAL_CLK__ (rise edge)
                          0.00    0.00   clock network delay (ideal)
                          2.00    2.00 ^ input external delay
     1    0.01    0.04    0.02    2.02 ^ A[2] (in)
                                         A[2] (net)
                  0.04    0.00    2.02 ^ input3/A (sky130_fd_sc_hd__buf_12)
     4    0.06    0.06    0.08    2.11 ^ input3/X (sky130_fd_sc_hd__buf_12)
                                         net3 (net)
                  0.06    0.01    2.12 ^ rebuffer22/A (sky130_fd_sc_hd__buf_12)
     4    0.04    0.05    0.08    2.19 ^ rebuffer22/X (sky130_fd_sc_hd__buf_12)
                                         net54 (net)
                  0.05    0.00    2.20 ^ _288_/A (sky130_fd_sc_hd__buf_8)
    10    0.17    0.20    0.16    2.36 ^ _288_/X (sky130_fd_sc_hd__buf_8)
                                         _217_ (net)
                  0.21    0.03    2.39 ^ _309_/A1_N (sky130_fd_sc_hd__o2bb2a_2)
     2    0.06    0.11    0.21    2.60 v _309_/X (sky130_fd_sc_hd__o2bb2a_2)
                                         net22 (net)
                  0.11    0.01    2.61 v output22/A (sky130_fd_sc_hd__buf_2)
     1    0.03    0.06    0.14    2.75 v output22/X (sky130_fd_sc_hd__buf_2)
                                         out[2] (net)
                  0.06    0.00    2.75 v out[2] (out)
                                  2.75   data arrival time

                  0.00    0.00    0.00   clock __VIRTUAL_CLK__ (rise edge)
                          0.00    0.00   clock network delay (ideal)
                          0.25    0.25   clock uncertainty
                          0.00    0.25   clock reconvergence pessimism
                         -2.00   -1.75   output external delay
                                 -1.75   data required time
-----------------------------------------------------------------------------
                                 -1.75   data required time
                                 -2.75   data arrival time
-----------------------------------------------------------------------------
                                  4.50   slack (MET)


Startpoint: opcode[1] (input port clocked by __VIRTUAL_CLK__)
Endpoint: out[1] (output port clocked by __VIRTUAL_CLK__)
Path Group: __VIRTUAL_CLK__
Path Type: min
Corner: Fastest

Fanout     Cap    Slew   Delay    Time   Description
-----------------------------------------------------------------------------
                  0.00    0.00    0.00   clock __VIRTUAL_CLK__ (rise edge)
                          0.00    0.00   clock network delay (ideal)
                          2.00    2.00 ^ input external delay
     1    0.01    0.03    0.02    2.02 ^ opcode[1] (in)
                                         opcode[1] (net)
                  0.03    0.00    2.02 ^ input18/A (sky130_fd_sc_hd__buf_6)
     5    0.13    0.20    0.16    2.17 ^ input18/X (sky130_fd_sc_hd__buf_6)
                                         net18 (net)
                  0.21    0.04    2.21 ^ _268_/A (sky130_fd_sc_hd__nor2_8)
     7    0.12    0.08    0.08    2.29 v _268_/Y (sky130_fd_sc_hd__nor2_8)
                                         _198_ (net)
                  0.10    0.03    2.32 v _272_/B1 (sky130_fd_sc_hd__o22a_1)
     1    0.02    0.06    0.16    2.47 v _272_/X (sky130_fd_sc_hd__o22a_1)
                                         _202_ (net)
                  0.06    0.00    2.48 v _287_/B1 (sky130_fd_sc_hd__o2bb2a_2)
     7    0.07    0.13    0.25    2.73 v _287_/X (sky130_fd_sc_hd__o2bb2a_2)
                                         net21 (net)
                  0.14    0.02    2.75 v output21/A (sky130_fd_sc_hd__buf_2)
     1    0.03    0.06    0.15    2.90 v output21/X (sky130_fd_sc_hd__buf_2)
                                         out[1] (net)
                  0.06    0.00    2.90 v out[1] (out)
                                  2.90   data arrival time

                  0.00    0.00    0.00   clock __VIRTUAL_CLK__ (rise edge)
                          0.00    0.00   clock network delay (ideal)
                          0.25    0.25   clock uncertainty
                          0.00    0.25   clock reconvergence pessimism
                         -2.00   -1.75   output external delay
                                 -1.75   data required time
-----------------------------------------------------------------------------
                                 -1.75   data required time
                                 -2.90   data arrival time
-----------------------------------------------------------------------------
                                  4.65   slack (MET)



worst slack corner Fastest: 4.1681
======================= Slowest Corner ===================================

Startpoint: A[6] (input port clocked by __VIRTUAL_CLK__)
Endpoint: out[6] (output port clocked by __VIRTUAL_CLK__)
Path Group: __VIRTUAL_CLK__
Path Type: min
Corner: Slowest

Fanout     Cap    Slew   Delay    Time   Description
-----------------------------------------------------------------------------
                  0.00    0.00    0.00   clock __VIRTUAL_CLK__ (rise edge)
                          0.00    0.00   clock network delay (ideal)
                          2.00    2.00 ^ input external delay
     1    0.01    0.07    0.04    2.04 ^ A[6] (in)
                                         A[6] (net)
                  0.07    0.00    2.04 ^ input7/A (sky130_fd_sc_hd__clkbuf_16)
    11    0.18    0.29    0.34    2.39 ^ input7/X (sky130_fd_sc_hd__clkbuf_16)
                                         net7 (net)
                  0.31    0.06    2.44 ^ _453_/A1 (sky130_fd_sc_hd__a22oi_4)
     1    0.04    0.23    0.33    2.78 v _453_/Y (sky130_fd_sc_hd__a22oi_4)
                                         net26 (net)
                  0.23    0.01    2.79 v output26/A (sky130_fd_sc_hd__buf_6)
     1    0.03    0.08    0.31    3.10 v output26/X (sky130_fd_sc_hd__buf_6)
                                         out[6] (net)
                  0.08    0.00    3.10 v out[6] (out)
                                  3.10   data arrival time

                  0.00    0.00    0.00   clock __VIRTUAL_CLK__ (rise edge)
                          0.00    0.00   clock network delay (ideal)
                          0.25    0.25   clock uncertainty
                          0.00    0.25   clock reconvergence pessimism
                         -2.00   -1.75   output external delay
                                 -1.75   data required time
-----------------------------------------------------------------------------
                                 -1.75   data required time
                                 -3.10   data arrival time
-----------------------------------------------------------------------------
                                  4.85   slack (MET)


Startpoint: A[7] (input port clocked by __VIRTUAL_CLK__)
Endpoint: out[7] (output port clocked by __VIRTUAL_CLK__)
Path Group: __VIRTUAL_CLK__
Path Type: min
Corner: Slowest

Fanout     Cap    Slew   Delay    Time   Description
-----------------------------------------------------------------------------
                  0.00    0.00    0.00   clock __VIRTUAL_CLK__ (rise edge)
                          0.00    0.00   clock network delay (ideal)
                          2.00    2.00 v input external delay
     1    0.01    0.04    0.02    2.02 v A[7] (in)
                                         A[7] (net)
                  0.04    0.00    2.02 v input8/A (sky130_fd_sc_hd__buf_8)
     6    0.15    0.19    0.29    2.32 v input8/X (sky130_fd_sc_hd__buf_8)
                                         net8 (net)
                  0.19    0.02    2.33 v _502_/A (sky130_fd_sc_hd__inv_2)
     1    0.03    0.22    0.24    2.58 ^ _502_/Y (sky130_fd_sc_hd__inv_2)
                                         _179_ (net)
                  0.22    0.00    2.58 ^ _503_/B2 (sky130_fd_sc_hd__o32a_4)
     1    0.04    0.18    0.43    3.01 ^ _503_/X (sky130_fd_sc_hd__o32a_4)
                                         net27 (net)
                  0.18    0.01    3.02 ^ output27/A (sky130_fd_sc_hd__buf_8)
     1    0.03    0.10    0.24    3.26 ^ output27/X (sky130_fd_sc_hd__buf_8)
                                         out[7] (net)
                  0.10    0.00    3.26 ^ out[7] (out)
                                  3.26   data arrival time

                  0.00    0.00    0.00   clock __VIRTUAL_CLK__ (rise edge)
                          0.00    0.00   clock network delay (ideal)
                          0.25    0.25   clock uncertainty
                          0.00    0.25   clock reconvergence pessimism
                         -2.00   -1.75   output external delay
                                 -1.75   data required time
-----------------------------------------------------------------------------
                                 -1.75   data required time
                                 -3.26   data arrival time
-----------------------------------------------------------------------------
                                  5.01   slack (MET)


Startpoint: A[5] (input port clocked by __VIRTUAL_CLK__)
Endpoint: out[5] (output port clocked by __VIRTUAL_CLK__)
Path Group: __VIRTUAL_CLK__
Path Type: min
Corner: Slowest

Fanout     Cap    Slew   Delay    Time   Description
-----------------------------------------------------------------------------
                  0.00    0.00    0.00   clock __VIRTUAL_CLK__ (rise edge)
                          0.00    0.00   clock network delay (ideal)
                          2.00    2.00 ^ input external delay
     1    0.00    0.03    0.02    2.02 ^ A[5] (in)
                                         A[5] (net)
                  0.03    0.00    2.02 ^ input6/A (sky130_fd_sc_hd__buf_4)
     3    0.10    0.45    0.44    2.46 ^ input6/X (sky130_fd_sc_hd__buf_4)
                                         net6 (net)
                  0.45    0.02    2.47 ^ _374_/A (sky130_fd_sc_hd__buf_12)
    10    0.18    0.33    0.48    2.95 ^ _374_/X (sky130_fd_sc_hd__buf_12)
                                         _052_ (net)
                  0.33    0.02    2.97 ^ _410_/A1 (sky130_fd_sc_hd__a21oi_2)
     1    0.03    0.18    0.30    3.27 v _410_/Y (sky130_fd_sc_hd__a21oi_2)
                                         net25 (net)
                  0.18    0.00    3.28 v output25/A (sky130_fd_sc_hd__buf_2)
     1    0.03    0.17    0.38    3.65 v output25/X (sky130_fd_sc_hd__buf_2)
                                         out[5] (net)
                  0.17    0.00    3.66 v out[5] (out)
                                  3.66   data arrival time

                  0.00    0.00    0.00   clock __VIRTUAL_CLK__ (rise edge)
                          0.00    0.00   clock network delay (ideal)
                          0.25    0.25   clock uncertainty
                          0.00    0.25   clock reconvergence pessimism
                         -2.00   -1.75   output external delay
                                 -1.75   data required time
-----------------------------------------------------------------------------
                                 -1.75   data required time
                                 -3.66   data arrival time
-----------------------------------------------------------------------------
                                  5.41   slack (MET)


Startpoint: A[4] (input port clocked by __VIRTUAL_CLK__)
Endpoint: out[4] (output port clocked by __VIRTUAL_CLK__)
Path Group: __VIRTUAL_CLK__
Path Type: min
Corner: Slowest

Fanout     Cap    Slew   Delay    Time   Description
-----------------------------------------------------------------------------
                  0.00    0.00    0.00   clock __VIRTUAL_CLK__ (rise edge)
                          0.00    0.00   clock network delay (ideal)
                          2.00    2.00 v input external delay
     1    0.00    0.02    0.01    2.01 v A[4] (in)
                                         A[4] (net)
                  0.02    0.00    2.01 v input5/A (sky130_fd_sc_hd__buf_4)
     4    0.08    0.20    0.34    2.35 v input5/X (sky130_fd_sc_hd__buf_4)
                                         net5 (net)
                  0.20    0.01    2.36 v _340_/A (sky130_fd_sc_hd__buf_12)
    10    0.14    0.14    0.33    2.69 v _340_/X (sky130_fd_sc_hd__buf_12)
                                         _019_ (net)
                  0.17    0.04    2.73 v _373_/A1_N (sky130_fd_sc_hd__o2bb2a_2)
     2    0.04    0.33    0.70    3.43 ^ _373_/X (sky130_fd_sc_hd__o2bb2a_2)
                                         net24 (net)
                  0.33    0.01    3.43 ^ output24/A (sky130_fd_sc_hd__buf_2)
     1    0.03    0.27    0.43    3.87 ^ output24/X (sky130_fd_sc_hd__buf_2)
                                         out[4] (net)
                  0.27    0.00    3.87 ^ out[4] (out)
                                  3.87   data arrival time

                  0.00    0.00    0.00   clock __VIRTUAL_CLK__ (rise edge)
                          0.00    0.00   clock network delay (ideal)
                          0.25    0.25   clock uncertainty
                          0.00    0.25   clock reconvergence pessimism
                         -2.00   -1.75   output external delay
                                 -1.75   data required time
-----------------------------------------------------------------------------
                                 -1.75   data required time
                                 -3.87   data arrival time
-----------------------------------------------------------------------------
                                  5.62   slack (MET)


Startpoint: A[0] (input port clocked by __VIRTUAL_CLK__)
Endpoint: out[0] (output port clocked by __VIRTUAL_CLK__)
Path Group: __VIRTUAL_CLK__
Path Type: min
Corner: Slowest

Fanout     Cap    Slew   Delay    Time   Description
-----------------------------------------------------------------------------
                  0.00    0.00    0.00   clock __VIRTUAL_CLK__ (rise edge)
                          0.00    0.00   clock network delay (ideal)
                          2.00    2.00 v input external delay
     1    0.01    0.04    0.02    2.02 v A[0] (in)
                                         A[0] (net)
                  0.04    0.00    2.02 v input1/A (sky130_fd_sc_hd__buf_8)
     9    0.14    0.18    0.27    2.30 v input1/X (sky130_fd_sc_hd__buf_8)
                                         net1 (net)
                  0.19    0.03    2.32 v _248_/A (sky130_fd_sc_hd__buf_8)
    10    0.16    0.20    0.37    2.69 v _248_/X (sky130_fd_sc_hd__buf_8)
                                         _176_ (net)
                  0.20    0.01    2.71 v _262_/A1_N (sky130_fd_sc_hd__a2bb2o_2)
     2    0.04    0.37    0.70    3.41 ^ _262_/X (sky130_fd_sc_hd__a2bb2o_2)
                                         net20 (net)
                  0.37    0.01    3.42 ^ output20/A (sky130_fd_sc_hd__buf_2)
     1    0.03    0.27    0.45    3.87 ^ output20/X (sky130_fd_sc_hd__buf_2)
                                         out[0] (net)
                  0.27    0.00    3.87 ^ out[0] (out)
                                  3.87   data arrival time

                  0.00    0.00    0.00   clock __VIRTUAL_CLK__ (rise edge)
                          0.00    0.00   clock network delay (ideal)
                          0.25    0.25   clock uncertainty
                          0.00    0.25   clock reconvergence pessimism
                         -2.00   -1.75   output external delay
                                 -1.75   data required time
-----------------------------------------------------------------------------
                                 -1.75   data required time
                                 -3.87   data arrival time
-----------------------------------------------------------------------------
                                  5.62   slack (MET)


Startpoint: A[3] (input port clocked by __VIRTUAL_CLK__)
Endpoint: out[3] (output port clocked by __VIRTUAL_CLK__)
Path Group: __VIRTUAL_CLK__
Path Type: min
Corner: Slowest

Fanout     Cap    Slew   Delay    Time   Description
-----------------------------------------------------------------------------
                  0.00    0.00    0.00   clock __VIRTUAL_CLK__ (rise edge)
                          0.00    0.00   clock network delay (ideal)
                          2.00    2.00 ^ input external delay
     1    0.00    0.05    0.03    2.03 ^ A[3] (in)
                                         A[3] (net)
                  0.05    0.00    2.03 ^ input4/A (sky130_fd_sc_hd__clkbuf_8)
     8    0.14    0.38    0.42    2.44 ^ input4/X (sky130_fd_sc_hd__clkbuf_8)
                                         net4 (net)
                  0.38    0.01    2.45 ^ clone17/A (sky130_fd_sc_hd__clkbuf_16)
     5    0.07    0.13    0.39    2.85 ^ clone17/X (sky130_fd_sc_hd__clkbuf_16)
                                         net66 (net)
                  0.13    0.01    2.85 ^ _339_/A1_N (sky130_fd_sc_hd__o2bb2a_1)
     2    0.03    0.29    0.64    3.50 v _339_/X (sky130_fd_sc_hd__o2bb2a_1)
                                         net23 (net)
                  0.29    0.00    3.50 v output23/A (sky130_fd_sc_hd__buf_2)
     1    0.03    0.17    0.43    3.93 v output23/X (sky130_fd_sc_hd__buf_2)
                                         out[3] (net)
                  0.17    0.00    3.93 v out[3] (out)
                                  3.93   data arrival time

                  0.00    0.00    0.00   clock __VIRTUAL_CLK__ (rise edge)
                          0.00    0.00   clock network delay (ideal)
                          0.25    0.25   clock uncertainty
                          0.00    0.25   clock reconvergence pessimism
                         -2.00   -1.75   output external delay
                                 -1.75   data required time
-----------------------------------------------------------------------------
                                 -1.75   data required time
                                 -3.93   data arrival time
-----------------------------------------------------------------------------
                                  5.68   slack (MET)


Startpoint: A[2] (input port clocked by __VIRTUAL_CLK__)
Endpoint: out[2] (output port clocked by __VIRTUAL_CLK__)
Path Group: __VIRTUAL_CLK__
Path Type: min
Corner: Slowest

Fanout     Cap    Slew   Delay    Time   Description
-----------------------------------------------------------------------------
                  0.00    0.00    0.00   clock __VIRTUAL_CLK__ (rise edge)
                          0.00    0.00   clock network delay (ideal)
                          2.00    2.00 ^ input external delay
     1    0.01    0.08    0.05    2.05 ^ A[2] (in)
                                         A[2] (net)
                  0.08    0.00    2.05 ^ input3/A (sky130_fd_sc_hd__buf_12)
     4    0.06    0.12    0.21    2.26 ^ input3/X (sky130_fd_sc_hd__buf_12)
                                         net3 (net)
                  0.12    0.01    2.27 ^ rebuffer22/A (sky130_fd_sc_hd__buf_12)
     4    0.04    0.10    0.21    2.49 ^ rebuffer22/X (sky130_fd_sc_hd__buf_12)
                                         net54 (net)
                  0.10    0.00    2.49 ^ _288_/A (sky130_fd_sc_hd__buf_8)
    10    0.16    0.42    0.40    2.89 ^ _288_/X (sky130_fd_sc_hd__buf_8)
                                         _217_ (net)
                  0.42    0.03    2.92 ^ _309_/A1_N (sky130_fd_sc_hd__o2bb2a_2)
     2    0.06    0.29    0.74    3.66 v _309_/X (sky130_fd_sc_hd__o2bb2a_2)
                                         net22 (net)
                  0.29    0.01    3.67 v output22/A (sky130_fd_sc_hd__buf_2)
     1    0.03    0.17    0.43    4.09 v output22/X (sky130_fd_sc_hd__buf_2)
                                         out[2] (net)
                  0.17    0.00    4.09 v out[2] (out)
                                  4.09   data arrival time

                  0.00    0.00    0.00   clock __VIRTUAL_CLK__ (rise edge)
                          0.00    0.00   clock network delay (ideal)
                          0.25    0.25   clock uncertainty
                          0.00    0.25   clock reconvergence pessimism
                         -2.00   -1.75   output external delay
                                 -1.75   data required time
-----------------------------------------------------------------------------
                                 -1.75   data required time
                                 -4.09   data arrival time
-----------------------------------------------------------------------------
                                  5.84   slack (MET)


Startpoint: opcode[1] (input port clocked by __VIRTUAL_CLK__)
Endpoint: out[1] (output port clocked by __VIRTUAL_CLK__)
Path Group: __VIRTUAL_CLK__
Path Type: min
Corner: Slowest

Fanout     Cap    Slew   Delay    Time   Description
-----------------------------------------------------------------------------
                  0.00    0.00    0.00   clock __VIRTUAL_CLK__ (rise edge)
                          0.00    0.00   clock network delay (ideal)
                          2.00    2.00 ^ input external delay
     1    0.01    0.06    0.03    2.03 ^ opcode[1] (in)
                                         opcode[1] (net)
                  0.06    0.00    2.03 ^ input18/A (sky130_fd_sc_hd__buf_6)
     5    0.13    0.42    0.39    2.42 ^ input18/X (sky130_fd_sc_hd__buf_6)
                                         net18 (net)
                  0.42    0.04    2.46 ^ _268_/A (sky130_fd_sc_hd__nor2_8)
     7    0.12    0.16    0.28    2.74 v _268_/Y (sky130_fd_sc_hd__nor2_8)
                                         _198_ (net)
                  0.17    0.03    2.77 v _272_/B1 (sky130_fd_sc_hd__o22a_1)
     1    0.02    0.20    0.49    3.26 v _272_/X (sky130_fd_sc_hd__o22a_1)
                                         _202_ (net)
                  0.20    0.00    3.26 v _287_/B1 (sky130_fd_sc_hd__o2bb2a_2)
     7    0.08    0.34    0.83    4.09 v _287_/X (sky130_fd_sc_hd__o2bb2a_2)
                                         net21 (net)
                  0.35    0.02    4.12 v output21/A (sky130_fd_sc_hd__buf_2)
     1    0.03    0.17    0.45    4.57 v output21/X (sky130_fd_sc_hd__buf_2)
                                         out[1] (net)
                  0.17    0.00    4.57 v out[1] (out)
                                  4.57   data arrival time

                  0.00    0.00    0.00   clock __VIRTUAL_CLK__ (rise edge)
                          0.00    0.00   clock network delay (ideal)
                          0.25    0.25   clock uncertainty
                          0.00    0.25   clock reconvergence pessimism
                         -2.00   -1.75   output external delay
                                 -1.75   data required time
-----------------------------------------------------------------------------
                                 -1.75   data required time
                                 -4.57   data arrival time
-----------------------------------------------------------------------------
                                  6.32   slack (MET)



worst slack corner Slowest: 4.8475
======================= Typical Corner ===================================

Startpoint: A[6] (input port clocked by __VIRTUAL_CLK__)
Endpoint: out[6] (output port clocked by __VIRTUAL_CLK__)
Path Group: __VIRTUAL_CLK__
Path Type: min
Corner: Typical

Fanout     Cap    Slew   Delay    Time   Description
-----------------------------------------------------------------------------
                  0.00    0.00    0.00   clock __VIRTUAL_CLK__ (rise edge)
                          0.00    0.00   clock network delay (ideal)
                          2.00    2.00 ^ input external delay
     1    0.01    0.05    0.03    2.03 ^ A[6] (in)
                                         A[6] (net)
                  0.05    0.00    2.03 ^ input7/A (sky130_fd_sc_hd__clkbuf_16)
    11    0.18    0.19    0.19    2.22 ^ input7/X (sky130_fd_sc_hd__clkbuf_16)
                                         net7 (net)
                  0.22    0.05    2.28 ^ _453_/A1 (sky130_fd_sc_hd__a22oi_4)
     1    0.04    0.12    0.17    2.44 v _453_/Y (sky130_fd_sc_hd__a22oi_4)
                                         net26 (net)
                  0.12    0.01    2.45 v output26/A (sky130_fd_sc_hd__buf_6)
     1    0.03    0.04    0.16    2.62 v output26/X (sky130_fd_sc_hd__buf_6)
                                         out[6] (net)
                  0.04    0.00    2.62 v out[6] (out)
                                  2.62   data arrival time

                  0.00    0.00    0.00   clock __VIRTUAL_CLK__ (rise edge)
                          0.00    0.00   clock network delay (ideal)
                          0.25    0.25   clock uncertainty
                          0.00    0.25   clock reconvergence pessimism
                         -2.00   -1.75   output external delay
                                 -1.75   data required time
-----------------------------------------------------------------------------
                                 -1.75   data required time
                                 -2.62   data arrival time
-----------------------------------------------------------------------------
                                  4.37   slack (MET)


Startpoint: A[7] (input port clocked by __VIRTUAL_CLK__)
Endpoint: out[7] (output port clocked by __VIRTUAL_CLK__)
Path Group: __VIRTUAL_CLK__
Path Type: min
Corner: Typical

Fanout     Cap    Slew   Delay    Time   Description
-----------------------------------------------------------------------------
                  0.00    0.00    0.00   clock __VIRTUAL_CLK__ (rise edge)
                          0.00    0.00   clock network delay (ideal)
                          2.00    2.00 v input external delay
     1    0.01    0.02    0.01    2.01 v A[7] (in)
                                         A[7] (net)
                  0.02    0.00    2.01 v input8/A (sky130_fd_sc_hd__buf_8)
     6    0.15    0.11    0.16    2.17 v input8/X (sky130_fd_sc_hd__buf_8)
                                         net8 (net)
                  0.12    0.02    2.19 v _502_/A (sky130_fd_sc_hd__inv_2)
     1    0.03    0.14    0.15    2.33 ^ _502_/Y (sky130_fd_sc_hd__inv_2)
                                         _179_ (net)
                  0.14    0.00    2.34 ^ _503_/B2 (sky130_fd_sc_hd__o32a_4)
     1    0.04    0.12    0.23    2.56 ^ _503_/X (sky130_fd_sc_hd__o32a_4)
                                         net27 (net)
                  0.12    0.01    2.57 ^ output27/A (sky130_fd_sc_hd__buf_8)
     1    0.03    0.07    0.13    2.70 ^ output27/X (sky130_fd_sc_hd__buf_8)
                                         out[7] (net)
                  0.07    0.00    2.70 ^ out[7] (out)
                                  2.70   data arrival time

                  0.00    0.00    0.00   clock __VIRTUAL_CLK__ (rise edge)
                          0.00    0.00   clock network delay (ideal)
                          0.25    0.25   clock uncertainty
                          0.00    0.25   clock reconvergence pessimism
                         -2.00   -1.75   output external delay
                                 -1.75   data required time
-----------------------------------------------------------------------------
                                 -1.75   data required time
                                 -2.70   data arrival time
-----------------------------------------------------------------------------
                                  4.45   slack (MET)


Startpoint: A[5] (input port clocked by __VIRTUAL_CLK__)
Endpoint: out[5] (output port clocked by __VIRTUAL_CLK__)
Path Group: __VIRTUAL_CLK__
Path Type: min
Corner: Typical

Fanout     Cap    Slew   Delay    Time   Description
-----------------------------------------------------------------------------
                  0.00    0.00    0.00   clock __VIRTUAL_CLK__ (rise edge)
                          0.00    0.00   clock network delay (ideal)
                          2.00    2.00 ^ input external delay
     1    0.00    0.02    0.01    2.01 ^ A[5] (in)
                                         A[5] (net)
                  0.02    0.00    2.01 ^ input6/A (sky130_fd_sc_hd__buf_4)
     3    0.10    0.29    0.25    2.26 ^ input6/X (sky130_fd_sc_hd__buf_4)
                                         net6 (net)
                  0.29    0.02    2.28 ^ _374_/A (sky130_fd_sc_hd__buf_12)
    10    0.18    0.21    0.25    2.53 ^ _374_/X (sky130_fd_sc_hd__buf_12)
                                         _052_ (net)
                  0.21    0.02    2.55 ^ _410_/A1 (sky130_fd_sc_hd__a21oi_2)
     1    0.03    0.11    0.14    2.69 v _410_/Y (sky130_fd_sc_hd__a21oi_2)
                                         net25 (net)
                  0.11    0.00    2.69 v output25/A (sky130_fd_sc_hd__buf_2)
     1    0.03    0.09    0.20    2.89 v output25/X (sky130_fd_sc_hd__buf_2)
                                         out[5] (net)
                  0.09    0.00    2.89 v out[5] (out)
                                  2.89   data arrival time

                  0.00    0.00    0.00   clock __VIRTUAL_CLK__ (rise edge)
                          0.00    0.00   clock network delay (ideal)
                          0.25    0.25   clock uncertainty
                          0.00    0.25   clock reconvergence pessimism
                         -2.00   -1.75   output external delay
                                 -1.75   data required time
-----------------------------------------------------------------------------
                                 -1.75   data required time
                                 -2.89   data arrival time
-----------------------------------------------------------------------------
                                  4.64   slack (MET)


Startpoint: A[4] (input port clocked by __VIRTUAL_CLK__)
Endpoint: out[4] (output port clocked by __VIRTUAL_CLK__)
Path Group: __VIRTUAL_CLK__
Path Type: min
Corner: Typical

Fanout     Cap    Slew   Delay    Time   Description
-----------------------------------------------------------------------------
                  0.00    0.00    0.00   clock __VIRTUAL_CLK__ (rise edge)
                          0.00    0.00   clock network delay (ideal)
                          2.00    2.00 ^ input external delay
     1    0.00    0.02    0.01    2.01 ^ A[4] (in)
                                         A[4] (net)
                  0.02    0.00    2.01 ^ input5/A (sky130_fd_sc_hd__buf_4)
     4    0.08    0.24    0.22    2.24 ^ input5/X (sky130_fd_sc_hd__buf_4)
                                         net5 (net)
                  0.24    0.01    2.24 ^ _340_/A (sky130_fd_sc_hd__buf_12)
    10    0.15    0.17    0.21    2.45 ^ _340_/X (sky130_fd_sc_hd__buf_12)
                                         _019_ (net)
                  0.19    0.04    2.49 ^ _373_/A1_N (sky130_fd_sc_hd__o2bb2a_2)
     2    0.04    0.11    0.30    2.80 v _373_/X (sky130_fd_sc_hd__o2bb2a_2)
                                         net24 (net)
                  0.11    0.01    2.80 v output24/A (sky130_fd_sc_hd__buf_2)
     1    0.03    0.09    0.20    3.00 v output24/X (sky130_fd_sc_hd__buf_2)
                                         out[4] (net)
                  0.09    0.00    3.00 v out[4] (out)
                                  3.00   data arrival time

                  0.00    0.00    0.00   clock __VIRTUAL_CLK__ (rise edge)
                          0.00    0.00   clock network delay (ideal)
                          0.25    0.25   clock uncertainty
                          0.00    0.25   clock reconvergence pessimism
                         -2.00   -1.75   output external delay
                                 -1.75   data required time
-----------------------------------------------------------------------------
                                 -1.75   data required time
                                 -3.00   data arrival time
-----------------------------------------------------------------------------
                                  4.75   slack (MET)


Startpoint: A[3] (input port clocked by __VIRTUAL_CLK__)
Endpoint: out[3] (output port clocked by __VIRTUAL_CLK__)
Path Group: __VIRTUAL_CLK__
Path Type: min
Corner: Typical

Fanout     Cap    Slew   Delay    Time   Description
-----------------------------------------------------------------------------
                  0.00    0.00    0.00   clock __VIRTUAL_CLK__ (rise edge)
                          0.00    0.00   clock network delay (ideal)
                          2.00    2.00 ^ input external delay
     1    0.00    0.03    0.02    2.02 ^ A[3] (in)
                                         A[3] (net)
                  0.03    0.00    2.02 ^ input4/A (sky130_fd_sc_hd__clkbuf_8)
     8    0.14    0.25    0.24    2.26 ^ input4/X (sky130_fd_sc_hd__clkbuf_8)
                                         net4 (net)
                  0.25    0.01    2.27 ^ clone17/A (sky130_fd_sc_hd__clkbuf_16)
     5    0.07    0.09    0.21    2.49 ^ clone17/X (sky130_fd_sc_hd__clkbuf_16)
                                         net66 (net)
                  0.09    0.01    2.49 ^ _339_/A1_N (sky130_fd_sc_hd__o2bb2a_1)
     2    0.03    0.15    0.31    2.80 v _339_/X (sky130_fd_sc_hd__o2bb2a_1)
                                         net23 (net)
                  0.15    0.00    2.81 v output23/A (sky130_fd_sc_hd__buf_2)
     1    0.03    0.09    0.22    3.02 v output23/X (sky130_fd_sc_hd__buf_2)
                                         out[3] (net)
                  0.09    0.00    3.03 v out[3] (out)
                                  3.03   data arrival time

                  0.00    0.00    0.00   clock __VIRTUAL_CLK__ (rise edge)
                          0.00    0.00   clock network delay (ideal)
                          0.25    0.25   clock uncertainty
                          0.00    0.25   clock reconvergence pessimism
                         -2.00   -1.75   output external delay
                                 -1.75   data required time
-----------------------------------------------------------------------------
                                 -1.75   data required time
                                 -3.03   data arrival time
-----------------------------------------------------------------------------
                                  4.78   slack (MET)


Startpoint: A[0] (input port clocked by __VIRTUAL_CLK__)
Endpoint: out[0] (output port clocked by __VIRTUAL_CLK__)
Path Group: __VIRTUAL_CLK__
Path Type: min
Corner: Typical

Fanout     Cap    Slew   Delay    Time   Description
-----------------------------------------------------------------------------
                  0.00    0.00    0.00   clock __VIRTUAL_CLK__ (rise edge)
                          0.00    0.00   clock network delay (ideal)
                          2.00    2.00 v input external delay
     1    0.01    0.02    0.01    2.01 v A[0] (in)
                                         A[0] (net)
                  0.02    0.00    2.01 v input1/A (sky130_fd_sc_hd__buf_8)
     9    0.14    0.10    0.14    2.15 v input1/X (sky130_fd_sc_hd__buf_8)
                                         net1 (net)
                  0.12    0.03    2.18 v _248_/A (sky130_fd_sc_hd__buf_8)
    10    0.16    0.12    0.20    2.38 v _248_/X (sky130_fd_sc_hd__buf_8)
                                         _176_ (net)
                  0.12    0.01    2.40 v _262_/A1_N (sky130_fd_sc_hd__a2bb2o_2)
     2    0.04    0.23    0.39    2.79 ^ _262_/X (sky130_fd_sc_hd__a2bb2o_2)
                                         net20 (net)
                  0.23    0.01    2.79 ^ output20/A (sky130_fd_sc_hd__buf_2)
     1    0.03    0.17    0.24    3.04 ^ output20/X (sky130_fd_sc_hd__buf_2)
                                         out[0] (net)
                  0.17    0.00    3.04 ^ out[0] (out)
                                  3.04   data arrival time

                  0.00    0.00    0.00   clock __VIRTUAL_CLK__ (rise edge)
                          0.00    0.00   clock network delay (ideal)
                          0.25    0.25   clock uncertainty
                          0.00    0.25   clock reconvergence pessimism
                         -2.00   -1.75   output external delay
                                 -1.75   data required time
-----------------------------------------------------------------------------
                                 -1.75   data required time
                                 -3.04   data arrival time
-----------------------------------------------------------------------------
                                  4.79   slack (MET)


Startpoint: A[2] (input port clocked by __VIRTUAL_CLK__)
Endpoint: out[2] (output port clocked by __VIRTUAL_CLK__)
Path Group: __VIRTUAL_CLK__
Path Type: min
Corner: Typical

Fanout     Cap    Slew   Delay    Time   Description
-----------------------------------------------------------------------------
                  0.00    0.00    0.00   clock __VIRTUAL_CLK__ (rise edge)
                          0.00    0.00   clock network delay (ideal)
                          2.00    2.00 ^ input external delay
     1    0.01    0.05    0.03    2.03 ^ A[2] (in)
                                         A[2] (net)
                  0.05    0.00    2.03 ^ input3/A (sky130_fd_sc_hd__buf_12)
     4    0.06    0.07    0.12    2.16 ^ input3/X (sky130_fd_sc_hd__buf_12)
                                         net3 (net)
                  0.08    0.01    2.16 ^ rebuffer22/A (sky130_fd_sc_hd__buf_12)
     4    0.04    0.06    0.12    2.28 ^ rebuffer22/X (sky130_fd_sc_hd__buf_12)
                                         net54 (net)
                  0.06    0.00    2.29 ^ _288_/A (sky130_fd_sc_hd__buf_8)
    10    0.17    0.27    0.23    2.52 ^ _288_/X (sky130_fd_sc_hd__buf_8)
                                         _217_ (net)
                  0.27    0.03    2.55 ^ _309_/A1_N (sky130_fd_sc_hd__o2bb2a_2)
     2    0.06    0.16    0.36    2.91 v _309_/X (sky130_fd_sc_hd__o2bb2a_2)
                                         net22 (net)
                  0.16    0.01    2.91 v output22/A (sky130_fd_sc_hd__buf_2)
     1    0.03    0.09    0.22    3.13 v output22/X (sky130_fd_sc_hd__buf_2)
                                         out[2] (net)
                  0.09    0.00    3.13 v out[2] (out)
                                  3.13   data arrival time

                  0.00    0.00    0.00   clock __VIRTUAL_CLK__ (rise edge)
                          0.00    0.00   clock network delay (ideal)
                          0.25    0.25   clock uncertainty
                          0.00    0.25   clock reconvergence pessimism
                         -2.00   -1.75   output external delay
                                 -1.75   data required time
-----------------------------------------------------------------------------
                                 -1.75   data required time
                                 -3.13   data arrival time
-----------------------------------------------------------------------------
                                  4.88   slack (MET)


Startpoint: opcode[1] (input port clocked by __VIRTUAL_CLK__)
Endpoint: out[1] (output port clocked by __VIRTUAL_CLK__)
Path Group: __VIRTUAL_CLK__
Path Type: min
Corner: Typical

Fanout     Cap    Slew   Delay    Time   Description
-----------------------------------------------------------------------------
                  0.00    0.00    0.00   clock __VIRTUAL_CLK__ (rise edge)
                          0.00    0.00   clock network delay (ideal)
                          2.00    2.00 ^ input external delay
     1    0.01    0.04    0.02    2.02 ^ opcode[1] (in)
                                         opcode[1] (net)
                  0.04    0.00    2.02 ^ input18/A (sky130_fd_sc_hd__buf_6)
     5    0.13    0.27    0.22    2.25 ^ input18/X (sky130_fd_sc_hd__buf_6)
                                         net18 (net)
                  0.27    0.04    2.28 ^ _268_/A (sky130_fd_sc_hd__nor2_8)
     7    0.12    0.11    0.14    2.42 v _268_/Y (sky130_fd_sc_hd__nor2_8)
                                         _198_ (net)
                  0.13    0.03    2.45 v _272_/B1 (sky130_fd_sc_hd__o22a_1)
     1    0.02    0.09    0.26    2.71 v _272_/X (sky130_fd_sc_hd__o22a_1)
                                         _202_ (net)
                  0.09    0.00    2.71 v _287_/B1 (sky130_fd_sc_hd__o2bb2a_2)
     7    0.07    0.19    0.40    3.11 v _287_/X (sky130_fd_sc_hd__o2bb2a_2)
                                         net21 (net)
                  0.20    0.02    3.14 v output21/A (sky130_fd_sc_hd__buf_2)
     1    0.03    0.09    0.23    3.37 v output21/X (sky130_fd_sc_hd__buf_2)
                                         out[1] (net)
                  0.09    0.00    3.37 v out[1] (out)
                                  3.37   data arrival time

                  0.00    0.00    0.00   clock __VIRTUAL_CLK__ (rise edge)
                          0.00    0.00   clock network delay (ideal)
                          0.25    0.25   clock uncertainty
                          0.00    0.25   clock reconvergence pessimism
                         -2.00   -1.75   output external delay
                                 -1.75   data required time
-----------------------------------------------------------------------------
                                 -1.75   data required time
                                 -3.37   data arrival time
-----------------------------------------------------------------------------
                                  5.12   slack (MET)



worst slack corner Typical: 4.3686
