
===========================================================================
report_checks -unconstrained
===========================================================================
======================= Fastest Corner ===================================

Startpoint: A[1] (input port clocked by __VIRTUAL_CLK__)
Endpoint: out[7] (output port clocked by __VIRTUAL_CLK__)
Path Group: __VIRTUAL_CLK__
Path Type: max
Corner: Fastest

Fanout     Cap    Slew   Delay    Time   Description
-----------------------------------------------------------------------------
                  0.00    0.00    0.00   clock __VIRTUAL_CLK__ (rise edge)
                          0.00    0.00   clock network delay (ideal)
                          2.00    2.00 ^ input external delay
     1    0.01    0.04    0.03    2.03 ^ A[1] (in)
                                         A[1] (net)
                  0.04    0.00    2.03 ^ input2/A (sky130_fd_sc_hd__buf_12)
     7    0.06    0.06    0.09    2.12 ^ input2/X (sky130_fd_sc_hd__buf_12)
                                         net2 (net)
                  0.06    0.01    2.13 ^ rebuffer12/A (sky130_fd_sc_hd__dlymetal6s2s_1)
     3    0.07    0.49    0.40    2.53 ^ rebuffer12/X (sky130_fd_sc_hd__dlymetal6s2s_1)
                                         net44 (net)
                  0.50    0.02    2.54 ^ _263_/A (sky130_fd_sc_hd__buf_8)
    10    0.13    0.17    0.16    2.71 ^ _263_/X (sky130_fd_sc_hd__buf_8)
                                         _193_ (net)
                  0.18    0.03    2.74 ^ _424_/A (sky130_fd_sc_hd__nand2_4)
     1    0.06    0.11    0.10    2.84 v _424_/Y (sky130_fd_sc_hd__nand2_4)
                                         _101_ (net)
                  0.12    0.01    2.85 v _428_/A (sky130_fd_sc_hd__xor2_4)
     2    0.06    0.31    0.32    3.17 ^ _428_/X (sky130_fd_sc_hd__xor2_4)
                                         _105_ (net)
                  0.31    0.01    3.18 ^ _430_/A (sky130_fd_sc_hd__nand3_4)
     3    0.07    0.19    0.19    3.37 v _430_/Y (sky130_fd_sc_hd__nand3_4)
                                         _107_ (net)
                  0.19    0.01    3.38 v _433_/A2 (sky130_fd_sc_hd__a21o_4)
     3    0.09    0.10    0.27    3.65 v _433_/X (sky130_fd_sc_hd__a21o_4)
                                         _110_ (net)
                  0.11    0.02    3.67 v _435_/A2 (sky130_fd_sc_hd__a21oi_4)
     3    0.07    0.39    0.36    4.03 ^ _435_/Y (sky130_fd_sc_hd__a21oi_4)
                                         _112_ (net)
                  0.39    0.02    4.06 ^ _465_/C1 (sky130_fd_sc_hd__a211o_4)
     3    0.05    0.12    0.14    4.19 ^ _465_/X (sky130_fd_sc_hd__a211o_4)
                                         _141_ (net)
                  0.12    0.00    4.19 ^ rebuffer9/A (sky130_fd_sc_hd__dlygate4sd1_1)
     1    0.03    0.22    0.28    4.48 ^ rebuffer9/X (sky130_fd_sc_hd__dlygate4sd1_1)
                                         net41 (net)
                  0.22    0.00    4.48 ^ _495_/B1 (sky130_fd_sc_hd__o21ai_4)
     2    0.04    0.11    0.08    4.56 v _495_/Y (sky130_fd_sc_hd__o21ai_4)
                                         _171_ (net)
                  0.11    0.01    4.57 v _496_/C (sky130_fd_sc_hd__and3_1)
     1    0.02    0.07    0.19    4.76 v _496_/X (sky130_fd_sc_hd__and3_1)
                                         _172_ (net)
                  0.07    0.00    4.77 v _498_/A2 (sky130_fd_sc_hd__o21a_1)
     1    0.01    0.05    0.15    4.92 v _498_/X (sky130_fd_sc_hd__o21a_1)
                                         _174_ (net)
                  0.05    0.00    4.92 v _503_/A3 (sky130_fd_sc_hd__o32a_4)
     1    0.04    0.07    0.24    5.15 v _503_/X (sky130_fd_sc_hd__o32a_4)
                                         net27 (net)
                  0.07    0.01    5.16 v output27/A (sky130_fd_sc_hd__buf_8)
     1    0.03    0.03    0.11    5.27 v output27/X (sky130_fd_sc_hd__buf_8)
                                         out[7] (net)
                  0.03    0.00    5.28 v out[7] (out)
                                  5.28   data arrival time

                  0.00   10.00   10.00   clock __VIRTUAL_CLK__ (rise edge)
                          0.00   10.00   clock network delay (ideal)
                         -0.25    9.75   clock uncertainty
                          0.00    9.75   clock reconvergence pessimism
                         -2.00    7.75   output external delay
                                  7.75   data required time
-----------------------------------------------------------------------------
                                  7.75   data required time
                                 -5.28   data arrival time
-----------------------------------------------------------------------------
                                  2.47   slack (MET)



======================= Slowest Corner ===================================

Startpoint: A[5] (input port clocked by __VIRTUAL_CLK__)
Endpoint: out[7] (output port clocked by __VIRTUAL_CLK__)
Path Group: __VIRTUAL_CLK__
Path Type: max
Corner: Slowest

Fanout     Cap    Slew   Delay    Time   Description
-----------------------------------------------------------------------------
                  0.00    0.00    0.00   clock __VIRTUAL_CLK__ (rise edge)
                          0.00    0.00   clock network delay (ideal)
                          2.00    2.00 ^ input external delay
     1    0.00    0.03    0.02    2.02 ^ A[5] (in)
                                         A[5] (net)
                  0.03    0.00    2.02 ^ input6/A (sky130_fd_sc_hd__buf_4)
     3    0.10    0.45    0.48    2.50 ^ input6/X (sky130_fd_sc_hd__buf_4)
                                         net6 (net)
                  0.45    0.02    2.52 ^ _374_/A (sky130_fd_sc_hd__buf_12)
    10    0.18    0.33    0.53    3.05 ^ _374_/X (sky130_fd_sc_hd__buf_12)
                                         _052_ (net)
                  0.33    0.02    3.08 ^ _416_/C (sky130_fd_sc_hd__nand4_4)
     3    0.06    0.59    0.66    3.73 v _416_/Y (sky130_fd_sc_hd__nand4_4)
                                         _093_ (net)
                  0.59    0.01    3.74 v _474_/B1_N (sky130_fd_sc_hd__a21bo_2)
     1    0.05    0.38    0.90    4.64 ^ _474_/X (sky130_fd_sc_hd__a21bo_2)
                                         _150_ (net)
                  0.38    0.01    4.65 ^ _476_/B (sky130_fd_sc_hd__xor2_4)
     2    0.08    0.91    0.92    5.57 ^ _476_/X (sky130_fd_sc_hd__xor2_4)
                                         _152_ (net)
                  0.91    0.01    5.58 ^ _478_/A (sky130_fd_sc_hd__nand3_4)
     2    0.05    0.44    0.63    6.22 v _478_/Y (sky130_fd_sc_hd__nand3_4)
                                         _154_ (net)
                  0.44    0.01    6.23 v _486_/A2 (sky130_fd_sc_hd__a21o_4)
     2    0.07    0.19    0.71    6.94 v _486_/X (sky130_fd_sc_hd__a21o_4)
                                         _162_ (net)
                  0.19    0.01    6.94 v _489_/A1 (sky130_fd_sc_hd__a21o_2)
     2    0.03    0.19    0.56    7.50 v _489_/X (sky130_fd_sc_hd__a21o_2)
                                         _165_ (net)
                  0.19    0.00    7.50 v _492_/A1 (sky130_fd_sc_hd__a21oi_4)
     2    0.08    0.87    0.84    8.34 ^ _492_/Y (sky130_fd_sc_hd__a21oi_4)
                                         _168_ (net)
                  0.87    0.01    8.35 ^ _494_/B (sky130_fd_sc_hd__or3_4)
     2    0.04    0.21    0.67    9.02 ^ _494_/X (sky130_fd_sc_hd__or3_4)
                                         _170_ (net)
                  0.21    0.01    9.03 ^ rebuffer3/A (sky130_fd_sc_hd__clkbuf_2)
     1    0.04    0.35    0.48    9.50 ^ rebuffer3/X (sky130_fd_sc_hd__clkbuf_2)
                                         net35 (net)
                  0.35    0.01    9.51 ^ _497_/A1 (sky130_fd_sc_hd__a21oi_4)
     1    0.03    0.19    0.29    9.81 v _497_/Y (sky130_fd_sc_hd__a21oi_4)
                                         _173_ (net)
                  0.19    0.01    9.81 v _498_/A1 (sky130_fd_sc_hd__o21a_1)
     1    0.01    0.14    0.49   10.30 v _498_/X (sky130_fd_sc_hd__o21a_1)
                                         _174_ (net)
                  0.14    0.00   10.30 v _503_/A3 (sky130_fd_sc_hd__o32a_4)
     1    0.04    0.20    0.74   11.04 v _503_/X (sky130_fd_sc_hd__o32a_4)
                                         net27 (net)
                  0.20    0.01   11.04 v output27/A (sky130_fd_sc_hd__buf_8)
     1    0.03    0.07    0.32   11.36 v output27/X (sky130_fd_sc_hd__buf_8)
                                         out[7] (net)
                  0.07    0.00   11.36 v out[7] (out)
                                 11.36   data arrival time

                  0.00   10.00   10.00   clock __VIRTUAL_CLK__ (rise edge)
                          0.00   10.00   clock network delay (ideal)
                         -0.25    9.75   clock uncertainty
                          0.00    9.75   clock reconvergence pessimism
                         -2.00    7.75   output external delay
                                  7.75   data required time
-----------------------------------------------------------------------------
                                  7.75   data required time
                                -11.36   data arrival time
-----------------------------------------------------------------------------
                                 -3.61   slack (VIOLATED)



======================= Typical Corner ===================================

Startpoint: B[3] (input port clocked by __VIRTUAL_CLK__)
Endpoint: out[7] (output port clocked by __VIRTUAL_CLK__)
Path Group: __VIRTUAL_CLK__
Path Type: max
Corner: Typical

Fanout     Cap    Slew   Delay    Time   Description
-----------------------------------------------------------------------------
                  0.00    0.00    0.00   clock __VIRTUAL_CLK__ (rise edge)
                          0.00    0.00   clock network delay (ideal)
                          2.00    2.00 ^ input external delay
     1    0.01    0.05    0.04    2.04 ^ B[3] (in)
                                         B[3] (net)
                  0.05    0.00    2.04 ^ input12/A (sky130_fd_sc_hd__buf_12)
     7    0.08    0.11    0.15    2.18 ^ input12/X (sky130_fd_sc_hd__buf_12)
                                         net12 (net)
                  0.11    0.00    2.19 ^ rebuffer28/A (sky130_fd_sc_hd__dlymetal6s4s_1)
     1    0.03    0.28    0.37    2.56 ^ rebuffer28/X (sky130_fd_sc_hd__dlymetal6s4s_1)
                                         net60 (net)
                  0.28    0.00    2.56 ^ _425_/B (sky130_fd_sc_hd__and3_4)
     1    0.08    0.23    0.40    2.96 ^ _425_/X (sky130_fd_sc_hd__and3_4)
                                         _102_ (net)
                  0.24    0.03    2.98 ^ _427_/A2 (sky130_fd_sc_hd__a21bo_4)
     1    0.08    0.26    0.33    3.32 ^ _427_/X (sky130_fd_sc_hd__a21bo_4)
                                         _104_ (net)
                  0.27    0.03    3.34 ^ _428_/B (sky130_fd_sc_hd__xor2_4)
     2    0.06    0.41    0.41    3.76 ^ _428_/X (sky130_fd_sc_hd__xor2_4)
                                         _105_ (net)
                  0.41    0.01    3.76 ^ _430_/A (sky130_fd_sc_hd__nand3_4)
     3    0.07    0.28    0.32    4.08 v _430_/Y (sky130_fd_sc_hd__nand3_4)
                                         _107_ (net)
                  0.28    0.01    4.09 v _433_/A2 (sky130_fd_sc_hd__a21o_4)
     3    0.09    0.14    0.42    4.51 v _433_/X (sky130_fd_sc_hd__a21o_4)
                                         _110_ (net)
                  0.14    0.02    4.53 v _435_/A2 (sky130_fd_sc_hd__a21oi_4)
     3    0.07    0.52    0.51    5.03 ^ _435_/Y (sky130_fd_sc_hd__a21oi_4)
                                         _112_ (net)
                  0.52    0.02    5.05 ^ _465_/C1 (sky130_fd_sc_hd__a211o_4)
     3    0.05    0.16    0.27    5.33 ^ _465_/X (sky130_fd_sc_hd__a211o_4)
                                         _141_ (net)
                  0.16    0.00    5.33 ^ rebuffer9/A (sky130_fd_sc_hd__dlygate4sd1_1)
     1    0.03    0.29    0.41    5.74 ^ rebuffer9/X (sky130_fd_sc_hd__dlygate4sd1_1)
                                         net41 (net)
                  0.29    0.00    5.75 ^ _495_/B1 (sky130_fd_sc_hd__o21ai_4)
     2    0.04    0.15    0.18    5.93 v _495_/Y (sky130_fd_sc_hd__o21ai_4)
                                         _171_ (net)
                  0.15    0.01    5.94 v _496_/C (sky130_fd_sc_hd__and3_1)
     1    0.02    0.09    0.30    6.23 v _496_/X (sky130_fd_sc_hd__and3_1)
                                         _172_ (net)
                  0.09    0.00    6.23 v _498_/A2 (sky130_fd_sc_hd__o21a_1)
     1    0.01    0.07    0.23    6.47 v _498_/X (sky130_fd_sc_hd__o21a_1)
                                         _174_ (net)
                  0.07    0.00    6.47 v _503_/A3 (sky130_fd_sc_hd__o32a_4)
     1    0.04    0.10    0.39    6.86 v _503_/X (sky130_fd_sc_hd__o32a_4)
                                         net27 (net)
                  0.10    0.01    6.87 v output27/A (sky130_fd_sc_hd__buf_8)
     1    0.03    0.04    0.17    7.03 v output27/X (sky130_fd_sc_hd__buf_8)
                                         out[7] (net)
                  0.04    0.00    7.04 v out[7] (out)
                                  7.04   data arrival time

                  0.00   10.00   10.00   clock __VIRTUAL_CLK__ (rise edge)
                          0.00   10.00   clock network delay (ideal)
                         -0.25    9.75   clock uncertainty
                          0.00    9.75   clock reconvergence pessimism
                         -2.00    7.75   output external delay
                                  7.75   data required time
-----------------------------------------------------------------------------
                                  7.75   data required time
                                 -7.04   data arrival time
-----------------------------------------------------------------------------
                                  0.71   slack (MET)




===========================================================================
report_checks --slack_max -0.01
============================================================================
======================= Fastest Corner ===================================

No paths found.

======================= Slowest Corner ===================================

Startpoint: A[5] (input port clocked by __VIRTUAL_CLK__)
Endpoint: out[7] (output port clocked by __VIRTUAL_CLK__)
Path Group: __VIRTUAL_CLK__
Path Type: max
Corner: Slowest

Fanout     Cap    Slew   Delay    Time   Description
-----------------------------------------------------------------------------
                  0.00    0.00    0.00   clock __VIRTUAL_CLK__ (rise edge)
                          0.00    0.00   clock network delay (ideal)
                          2.00    2.00 ^ input external delay
     1    0.00    0.03    0.02    2.02 ^ A[5] (in)
                                         A[5] (net)
                  0.03    0.00    2.02 ^ input6/A (sky130_fd_sc_hd__buf_4)
     3    0.10    0.45    0.48    2.50 ^ input6/X (sky130_fd_sc_hd__buf_4)
                                         net6 (net)
                  0.45    0.02    2.52 ^ _374_/A (sky130_fd_sc_hd__buf_12)
    10    0.18    0.33    0.53    3.05 ^ _374_/X (sky130_fd_sc_hd__buf_12)
                                         _052_ (net)
                  0.33    0.02    3.08 ^ _416_/C (sky130_fd_sc_hd__nand4_4)
     3    0.06    0.59    0.66    3.73 v _416_/Y (sky130_fd_sc_hd__nand4_4)
                                         _093_ (net)
                  0.59    0.01    3.74 v _474_/B1_N (sky130_fd_sc_hd__a21bo_2)
     1    0.05    0.38    0.90    4.64 ^ _474_/X (sky130_fd_sc_hd__a21bo_2)
                                         _150_ (net)
                  0.38    0.01    4.65 ^ _476_/B (sky130_fd_sc_hd__xor2_4)
     2    0.08    0.91    0.92    5.57 ^ _476_/X (sky130_fd_sc_hd__xor2_4)
                                         _152_ (net)
                  0.91    0.01    5.58 ^ _478_/A (sky130_fd_sc_hd__nand3_4)
     2    0.05    0.44    0.63    6.22 v _478_/Y (sky130_fd_sc_hd__nand3_4)
                                         _154_ (net)
                  0.44    0.01    6.23 v _486_/A2 (sky130_fd_sc_hd__a21o_4)
     2    0.07    0.19    0.71    6.94 v _486_/X (sky130_fd_sc_hd__a21o_4)
                                         _162_ (net)
                  0.19    0.01    6.94 v _489_/A1 (sky130_fd_sc_hd__a21o_2)
     2    0.03    0.19    0.56    7.50 v _489_/X (sky130_fd_sc_hd__a21o_2)
                                         _165_ (net)
                  0.19    0.00    7.50 v _492_/A1 (sky130_fd_sc_hd__a21oi_4)
     2    0.08    0.87    0.84    8.34 ^ _492_/Y (sky130_fd_sc_hd__a21oi_4)
                                         _168_ (net)
                  0.87    0.01    8.35 ^ _494_/B (sky130_fd_sc_hd__or3_4)
     2    0.04    0.21    0.67    9.02 ^ _494_/X (sky130_fd_sc_hd__or3_4)
                                         _170_ (net)
                  0.21    0.01    9.03 ^ rebuffer3/A (sky130_fd_sc_hd__clkbuf_2)
     1    0.04    0.35    0.48    9.50 ^ rebuffer3/X (sky130_fd_sc_hd__clkbuf_2)
                                         net35 (net)
                  0.35    0.01    9.51 ^ _497_/A1 (sky130_fd_sc_hd__a21oi_4)
     1    0.03    0.19    0.29    9.81 v _497_/Y (sky130_fd_sc_hd__a21oi_4)
                                         _173_ (net)
                  0.19    0.01    9.81 v _498_/A1 (sky130_fd_sc_hd__o21a_1)
     1    0.01    0.14    0.49   10.30 v _498_/X (sky130_fd_sc_hd__o21a_1)
                                         _174_ (net)
                  0.14    0.00   10.30 v _503_/A3 (sky130_fd_sc_hd__o32a_4)
     1    0.04    0.20    0.74   11.04 v _503_/X (sky130_fd_sc_hd__o32a_4)
                                         net27 (net)
                  0.20    0.01   11.04 v output27/A (sky130_fd_sc_hd__buf_8)
     1    0.03    0.07    0.32   11.36 v output27/X (sky130_fd_sc_hd__buf_8)
                                         out[7] (net)
                  0.07    0.00   11.36 v out[7] (out)
                                 11.36   data arrival time

                  0.00   10.00   10.00   clock __VIRTUAL_CLK__ (rise edge)
                          0.00   10.00   clock network delay (ideal)
                         -0.25    9.75   clock uncertainty
                          0.00    9.75   clock reconvergence pessimism
                         -2.00    7.75   output external delay
                                  7.75   data required time
-----------------------------------------------------------------------------
                                  7.75   data required time
                                -11.36   data arrival time
-----------------------------------------------------------------------------
                                 -3.61   slack (VIOLATED)



======================= Typical Corner ===================================

No paths found.


===========================================================================
 report_check_types -max_slew -max_cap -max_fanout -violators
============================================================================
======================= Fastest Corner ===================================

max fanout

Pin                                   Limit Fanout  Slack
---------------------------------------------------------
_252_/X                                  10     11        (VIOLATED)
_342_/X                                  10     11        (VIOLATED)
input14/X                                10     11        (VIOLATED)
input7/X                                 10     11        (VIOLATED)


max slew violations count Fastest: 0
max fanout violations count Fastest: 4
max cap violations count Fastest: 0
======================= Slowest Corner ===================================

max slew

Pin                                    Limit    Slew   Slack
------------------------------------------------------------
_260_/A2                                0.75    1.01   -0.26 (VIOLATED)
_337_/A3                                0.75    1.01   -0.26 (VIOLATED)
_371_/A3                                0.75    1.01   -0.26 (VIOLATED)
_451_/A3                                0.75    1.01   -0.26 (VIOLATED)
_285_/A3                                0.75    1.01   -0.26 (VIOLATED)
_407_/A3                                0.75    1.01   -0.26 (VIOLATED)
_307_/A3                                0.75    1.01   -0.26 (VIOLATED)
_259_/Y                                 0.75    1.01   -0.26 (VIOLATED)
_263_/A                                 0.75    0.99   -0.24 (VIOLATED)
rebuffer13/A                            0.75    0.99   -0.24 (VIOLATED)
_480_/A1                                0.75    0.99   -0.24 (VIOLATED)
rebuffer12/X                            0.75    0.99   -0.24 (VIOLATED)
_366_/B1_N                              0.75    0.98   -0.23 (VIOLATED)
ANTENNA_16/DIODE                        0.75    0.98   -0.23 (VIOLATED)
_318_/B                                 0.75    0.98   -0.23 (VIOLATED)
_319_/A1                                0.75    0.98   -0.23 (VIOLATED)
_316_/Y                                 0.75    0.98   -0.23 (VIOLATED)
_312_/A1                                0.75    0.97   -0.22 (VIOLATED)
_303_/A1                                0.75    0.97   -0.22 (VIOLATED)
_302_/A                                 0.75    0.97   -0.22 (VIOLATED)
_300_/X                                 0.75    0.97   -0.22 (VIOLATED)
_317_/B                                 0.75    0.96   -0.21 (VIOLATED)
max_cap30/A                             0.75    0.96   -0.21 (VIOLATED)
_314_/Y                                 0.75    0.96   -0.21 (VIOLATED)
_356_/B                                 0.75    0.96   -0.21 (VIOLATED)
_357_/B                                 0.75    0.96   -0.21 (VIOLATED)
_355_/Y                                 0.75    0.96   -0.21 (VIOLATED)
_477_/B1                                0.75    0.91   -0.16 (VIOLATED)
_478_/A                                 0.75    0.91   -0.16 (VIOLATED)
_476_/X                                 0.75    0.91   -0.16 (VIOLATED)
_495_/A1                                0.75    0.87   -0.12 (VIOLATED)
_494_/B                                 0.75    0.87   -0.12 (VIOLATED)
_492_/Y                                 0.75    0.87   -0.12 (VIOLATED)
_300_/B                                 0.75    0.83   -0.08 (VIOLATED)
_311_/B                                 0.75    0.83   -0.08 (VIOLATED)
_299_/Y                                 0.75    0.83   -0.08 (VIOLATED)
_465_/C1                                0.75    0.82   -0.07 (VIOLATED)
_437_/A2                                0.75    0.82   -0.07 (VIOLATED)
_436_/C1                                0.75    0.82   -0.07 (VIOLATED)
_435_/Y                                 0.75    0.82   -0.07 (VIOLATED)
ANTENNA_29/DIODE                        0.75    0.82   -0.07 (VIOLATED)
_363_/B                                 0.75    0.82   -0.07 (VIOLATED)
_364_/B                                 0.75    0.81   -0.06 (VIOLATED)
_362_/Y                                 0.75    0.81   -0.06 (VIOLATED)
_440_/B1_N                              0.75    0.78   -0.03 (VIOLATED)
ANTENNA_9/DIODE                         0.75    0.78   -0.03 (VIOLATED)
_284_/B                                 0.75    0.78   -0.03 (VIOLATED)
_338_/A1                                0.75    0.78   -0.03 (VIOLATED)
_498_/B1                                0.75    0.78   -0.03 (VIOLATED)
_296_/B1                                0.75    0.78   -0.03 (VIOLATED)
_260_/A1                                0.75    0.78   -0.03 (VIOLATED)
_360_/A                                 0.75    0.78   -0.03 (VIOLATED)
_408_/A1                                0.75    0.78   -0.03 (VIOLATED)
_258_/Y                                 0.75    0.78   -0.03 (VIOLATED)
_352_/B                                 0.75    0.78   -0.03 (VIOLATED)
_353_/A2                                0.75    0.78   -0.03 (VIOLATED)
_350_/Y                                 0.75    0.78   -0.03 (VIOLATED)
_401_/B                                 0.75    0.77   -0.02 (VIOLATED)
rebuffer21/A                            0.75    0.77   -0.02 (VIOLATED)
_399_/Y                                 0.75    0.77   -0.02 (VIOLATED)
_472_/B2                                0.75    0.77   -0.02 (VIOLATED)
_473_/A                                 0.75    0.77   -0.02 (VIOLATED)
_471_/Y                                 0.75    0.77   -0.02 (VIOLATED)
_309_/B1                                0.75    0.76   -0.01 (VIOLATED)
_297_/Y                                 0.75    0.76   -0.01 (VIOLATED)

max fanout

Pin                                   Limit Fanout  Slack
---------------------------------------------------------
_252_/X                                  10     11        (VIOLATED)
_342_/X                                  10     11        (VIOLATED)
input14/X                                10     11        (VIOLATED)
input7/X                                 10     11        (VIOLATED)


max slew violations count Slowest: 65
max fanout violations count Slowest: 4
max cap violations count Slowest: 0
======================= Typical Corner ===================================

max fanout

Pin                                   Limit Fanout  Slack
---------------------------------------------------------
_252_/X                                  10     11        (VIOLATED)
_342_/X                                  10     11        (VIOLATED)
input14/X                                10     11        (VIOLATED)
input7/X                                 10     11        (VIOLATED)


max slew violations count Typical: 0
max fanout violations count Typical: 4
max cap violations count Typical: 0

===========================================================================
report_parasitic_annotation -report_unannotated
============================================================================
Found 0 unannotated drivers.
Found 0 partially unannotated drivers.

===========================================================================
max slew violation count 65
max fanout violation count 4
max cap violation count 0
============================================================================

===========================================================================
check_setup -verbose -unconstrained_endpoints -multiple_clock -no_clock -no_input_delay -loops -generated_clocks
===========================================================================
